[ 2013-06-14T15:38:13+08:00 ] 192.168.1.103 /lips/admin.php/Mobile/login
INFO: [ route_check ] --START--
INFO: Run CheckRoute Behavior [ RunTime:0.013248s ]
INFO: [ route_check ] --END-- [ RunTime:0.057650s ]
INFO: [ app_begin ] --START--
INFO: Run ReadHtmlCache Behavior [ RunTime:0.015281s ]
INFO: [ app_begin ] --END-- [ RunTime:0.015358s ]
ERR: 无法加载模块:Mobile

[ 2013-06-14T15:38:25+08:00 ] 192.168.1.103 /lips/admin.php/User/login
INFO: [ route_check ] --START--
INFO: Run CheckRoute Behavior [ RunTime:0.001038s ]
INFO: [ route_check ] --END-- [ RunTime:0.001095s ]
INFO: [ app_begin ] --START--
INFO: Run ReadHtmlCache Behavior [ RunTime:0.000580s ]
INFO: [ app_begin ] --END-- [ RunTime:0.000635s ]
ERR: 无法加载模块:User

[ 2013-06-14T15:38:28+08:00 ] 192.168.1.103 /lips/admin.php/Users/login
INFO: [ route_check ] --START--
INFO: Run CheckRoute Behavior [ RunTime:0.000587s ]
INFO: [ route_check ] --END-- [ RunTime:0.000643s ]
INFO: [ app_begin ] --START--
INFO: Run ReadHtmlCache Behavior [ RunTime:0.000424s ]
INFO: [ app_begin ] --END-- [ RunTime:0.000468s ]
ERR: 无法加载模块:Users

