[ 2013-06-13T21:58:47+08:00 ] 127.0.0.1 /lips/mobile.php/Users
INFO: [ route_check ] --START--
INFO: Run CheckRoute Behavior [ RunTime:0.000960s ]
INFO: [ route_check ] --END-- [ RunTime:0.001040s ]
INFO: [ app_begin ] --START--
INFO: Run ReadHtmlCache Behavior [ RunTime:0.000535s ]
INFO: [ app_begin ] --END-- [ RunTime:0.000576s ]
ERR: 非法操作:index

[ 2013-06-13T21:58:50+08:00 ] 127.0.0.1 /lips/mobile.php/Users/login
INFO: [ route_check ] --START--
INFO: Run CheckRoute Behavior [ RunTime:0.000897s ]
INFO: [ route_check ] --END-- [ RunTime:0.000968s ]
INFO: [ app_begin ] --START--
INFO: Run ReadHtmlCache Behavior [ RunTime:0.000538s ]
INFO: [ app_begin ] --END-- [ RunTime:0.000584s ]
NOTIC: [8] Undefined index: email D:\xampp\htdocs\Lips\Mobile\Lib\Action\UsersAction.class.php 第 4 行.
NOTIC: [8] Undefined index: pwd D:\xampp\htdocs\Lips\Mobile\Lib\Action\UsersAction.class.php 第 5 行.
SQL: SHOW COLUMNS FROM `lips_user` [ RunTime:0.002712s ]
SQL: SELECT id,uname,pwd,token FROM lips_user WHERE email='' [ RunTime:0.000397s ]

[ 2013-06-13T21:58:55+08:00 ] 127.0.0.1 /lips/mobile.php/RelationShip/login
INFO: [ route_check ] --START--
INFO: Run CheckRoute Behavior [ RunTime:0.001264s ]
INFO: [ route_check ] --END-- [ RunTime:0.001354s ]
INFO: [ app_begin ] --START--
INFO: Run ReadHtmlCache Behavior [ RunTime:0.000532s ]
INFO: [ app_begin ] --END-- [ RunTime:0.000574s ]
ERR: 无法加载模块:RelationShip

[ 2013-06-13T21:59:00+08:00 ] 127.0.0.1 /lips/mobile.php/Relation/login
INFO: [ route_check ] --START--
INFO: Run CheckRoute Behavior [ RunTime:0.000830s ]
INFO: [ route_check ] --END-- [ RunTime:0.000887s ]
INFO: [ app_begin ] --START--
INFO: Run ReadHtmlCache Behavior [ RunTime:0.000429s ]
INFO: [ app_begin ] --END-- [ RunTime:0.000466s ]
ERR: 非法操作:login

[ 2013-06-13T21:59:04+08:00 ] 127.0.0.1 /lips/mobile.php/Relation/
INFO: [ route_check ] --START--
INFO: Run CheckRoute Behavior [ RunTime:0.000854s ]
INFO: [ route_check ] --END-- [ RunTime:0.000916s ]
INFO: [ app_begin ] --START--
INFO: Run ReadHtmlCache Behavior [ RunTime:0.000440s ]
INFO: [ app_begin ] --END-- [ RunTime:0.000479s ]
ERR: 非法操作:index

[ 2013-06-13T22:01:52+08:00 ] 127.0.0.1 /lips/mobile.php/Relation/
INFO: [ route_check ] --START--
INFO: Run CheckRoute Behavior [ RunTime:0.001197s ]
INFO: [ route_check ] --END-- [ RunTime:0.001261s ]
INFO: [ app_begin ] --START--
INFO: Run ReadHtmlCache Behavior [ RunTime:0.000575s ]
INFO: [ app_begin ] --END-- [ RunTime:0.000613s ]
ERR: 非法操作:index

[ 2013-06-13T22:01:57+08:00 ] 127.0.0.1 /lips/mobile.php/Relation/login
INFO: [ route_check ] --START--
INFO: Run CheckRoute Behavior [ RunTime:0.001099s ]
INFO: [ route_check ] --END-- [ RunTime:0.001176s ]
INFO: [ app_begin ] --START--
INFO: Run ReadHtmlCache Behavior [ RunTime:0.000494s ]
INFO: [ app_begin ] --END-- [ RunTime:0.000537s ]
ERR: 非法操作:login

[ 2013-06-13T22:05:15+08:00 ] 127.0.0.1 /lips/mobile.php/Line/login
INFO: [ route_check ] --START--
INFO: Run CheckRoute Behavior [ RunTime:0.001229s ]
INFO: [ route_check ] --END-- [ RunTime:0.001295s ]
INFO: [ app_begin ] --START--
INFO: Run ReadHtmlCache Behavior [ RunTime:0.000578s ]
INFO: [ app_begin ] --END-- [ RunTime:0.000617s ]
ERR: 非法操作:login

[ 2013-06-13T22:05:18+08:00 ] 127.0.0.1 /lips/mobile.php/Line/addLine
INFO: [ route_check ] --START--
INFO: Run CheckRoute Behavior [ RunTime:0.000858s ]
INFO: [ route_check ] --END-- [ RunTime:0.000919s ]
INFO: [ app_begin ] --START--
INFO: Run ReadHtmlCache Behavior [ RunTime:0.000444s ]
INFO: [ app_begin ] --END-- [ RunTime:0.000484s ]
NOTIC: [8] Undefined index: uid D:\xampp\htdocs\Lips\Mobile\Lib\Action\LineAction.class.php 第 11 行.
NOTIC: [8] Undefined index: type D:\xampp\htdocs\Lips\Mobile\Lib\Action\LineAction.class.php 第 12 行.
NOTIC: [8] Undefined index: content D:\xampp\htdocs\Lips\Mobile\Lib\Action\LineAction.class.php 第 13 行.

[ 2013-06-13T22:05:21+08:00 ] 127.0.0.1 /lips/mobile.php/Line/addline
INFO: [ route_check ] --START--
INFO: Run CheckRoute Behavior [ RunTime:0.000847s ]
INFO: [ route_check ] --END-- [ RunTime:0.000913s ]
INFO: [ app_begin ] --START--
INFO: Run ReadHtmlCache Behavior [ RunTime:0.000541s ]
INFO: [ app_begin ] --END-- [ RunTime:0.000593s ]
NOTIC: [8] Undefined index: uid D:\xampp\htdocs\Lips\Mobile\Lib\Action\LineAction.class.php 第 11 行.
NOTIC: [8] Undefined index: type D:\xampp\htdocs\Lips\Mobile\Lib\Action\LineAction.class.php 第 12 行.
NOTIC: [8] Undefined index: content D:\xampp\htdocs\Lips\Mobile\Lib\Action\LineAction.class.php 第 13 行.

[ 2013-06-13T22:06:46+08:00 ] 127.0.0.1 /lips/mobile.php/Line/addline
INFO: [ route_check ] --START--
INFO: Run CheckRoute Behavior [ RunTime:0.000875s ]
INFO: [ route_check ] --END-- [ RunTime:0.000937s ]
INFO: [ app_begin ] --START--
INFO: Run ReadHtmlCache Behavior [ RunTime:0.000575s ]
INFO: [ app_begin ] --END-- [ RunTime:0.000630s ]
NOTIC: [8] Undefined index: uid D:\xampp\htdocs\Lips\Mobile\Lib\Action\LineAction.class.php 第 11 行.
NOTIC: [8] Undefined index: type D:\xampp\htdocs\Lips\Mobile\Lib\Action\LineAction.class.php 第 12 行.
NOTIC: [8] Undefined index: content D:\xampp\htdocs\Lips\Mobile\Lib\Action\LineAction.class.php 第 13 行.

[ 2013-06-13T22:06:50+08:00 ] 127.0.0.1 /lips/mobile.php/Index/index
INFO: [ route_check ] --START--
INFO: Run CheckRoute Behavior [ RunTime:0.000862s ]
INFO: [ route_check ] --END-- [ RunTime:0.000920s ]
INFO: [ app_begin ] --START--
INFO: Run ReadHtmlCache Behavior [ RunTime:0.000430s ]
INFO: [ app_begin ] --END-- [ RunTime:0.000468s ]
INFO: [ view_template ] --START--
ERR: 模板不存在[./Mobile/Tpl/Index/index.html]

[ 2013-06-13T22:06:52+08:00 ] 127.0.0.1 /lips/mobile.php/Index/index
INFO: [ route_check ] --START--
INFO: Run CheckRoute Behavior [ RunTime:0.000816s ]
INFO: [ route_check ] --END-- [ RunTime:0.000872s ]
INFO: [ app_begin ] --START--
INFO: Run ReadHtmlCache Behavior [ RunTime:0.000404s ]
INFO: [ app_begin ] --END-- [ RunTime:0.000441s ]
INFO: [ view_template ] --START--
ERR: 模板不存在[./Mobile/Tpl/Index/index.html]

[ 2013-06-13T22:07:01+08:00 ] 127.0.0.1 /lips/mobile.php/Users/login
INFO: [ route_check ] --START--
INFO: Run CheckRoute Behavior [ RunTime:0.000799s ]
INFO: [ route_check ] --END-- [ RunTime:0.000856s ]
INFO: [ app_begin ] --START--
INFO: Run ReadHtmlCache Behavior [ RunTime:0.000410s ]
INFO: [ app_begin ] --END-- [ RunTime:0.000448s ]
NOTIC: [8] Undefined index: email D:\xampp\htdocs\Lips\Mobile\Lib\Action\UsersAction.class.php 第 4 行.
NOTIC: [8] Undefined index: pwd D:\xampp\htdocs\Lips\Mobile\Lib\Action\UsersAction.class.php 第 5 行.
SQL: SHOW COLUMNS FROM `lips_user` [ RunTime:0.026103s ]
SQL: SELECT id,uname,pwd,token FROM lips_user WHERE email='' [ RunTime:0.000385s ]

[ 2013-06-13T22:11:27+08:00 ] 192.168.1.102 /lips/mobile.php/mobile//users/news
INFO: [ route_check ] --START--
INFO: Run CheckRoute Behavior [ RunTime:0.001308s ]
INFO: [ route_check ] --END-- [ RunTime:0.001374s ]
INFO: [ app_begin ] --START--
INFO: Run ReadHtmlCache Behavior [ RunTime:0.001147s ]
INFO: [ app_begin ] --END-- [ RunTime:0.001233s ]
ERR: 无法加载模块:Mobile

[ 2013-06-13T22:11:30+08:00 ] 192.168.1.102 /lips/mobile.php/mobile//users/briefinfo
INFO: [ route_check ] --START--
INFO: Run CheckRoute Behavior [ RunTime:0.001760s ]
INFO: [ route_check ] --END-- [ RunTime:0.001861s ]
INFO: [ app_begin ] --START--
INFO: Run ReadHtmlCache Behavior [ RunTime:0.001225s ]
INFO: [ app_begin ] --END-- [ RunTime:0.001333s ]
ERR: 无法加载模块:Mobile

[ 2013-06-13T22:12:04+08:00 ] 192.168.1.102 /lips/mobile.php/mobile//users/briefinfo
INFO: [ route_check ] --START--
INFO: Run CheckRoute Behavior [ RunTime:0.000995s ]
INFO: [ route_check ] --END-- [ RunTime:0.001092s ]
INFO: [ app_begin ] --START--
INFO: Run ReadHtmlCache Behavior [ RunTime:0.000635s ]
INFO: [ app_begin ] --END-- [ RunTime:0.000696s ]
ERR: 无法加载模块:Mobile

[ 2013-06-13T22:12:05+08:00 ] 192.168.1.102 /lips/mobile.php/mobile//users/news
INFO: [ route_check ] --START--
INFO: Run CheckRoute Behavior [ RunTime:0.001105s ]
INFO: [ route_check ] --END-- [ RunTime:0.001177s ]
INFO: [ app_begin ] --START--
INFO: Run ReadHtmlCache Behavior [ RunTime:0.000544s ]
INFO: [ app_begin ] --END-- [ RunTime:0.000594s ]
ERR: 无法加载模块:Mobile

[ 2013-06-13T22:12:52+08:00 ] 192.168.1.102 /lips/mobile.php/mobile//users/news
INFO: [ route_check ] --START--
INFO: Run CheckRoute Behavior [ RunTime:0.001092s ]
INFO: [ route_check ] --END-- [ RunTime:0.001189s ]
INFO: [ app_begin ] --START--
INFO: Run ReadHtmlCache Behavior [ RunTime:0.000686s ]
INFO: [ app_begin ] --END-- [ RunTime:0.000747s ]
ERR: 无法加载模块:Mobile

[ 2013-06-13T22:12:52+08:00 ] 192.168.1.102 /lips/mobile.php/mobile//users/briefinfo
INFO: [ route_check ] --START--
INFO: Run CheckRoute Behavior [ RunTime:0.001444s ]
INFO: [ route_check ] --END-- [ RunTime:0.001533s ]
INFO: [ app_begin ] --START--
INFO: Run ReadHtmlCache Behavior [ RunTime:0.001016s ]
INFO: [ app_begin ] --END-- [ RunTime:0.001091s ]
ERR: 无法加载模块:Mobile

[ 2013-06-13T22:12:59+08:00 ] 192.168.1.102 /lips/mobile.php/mobile//users/briefinfo
INFO: [ route_check ] --START--
INFO: Run CheckRoute Behavior [ RunTime:0.001120s ]
INFO: [ route_check ] --END-- [ RunTime:0.001238s ]
INFO: [ app_begin ] --START--
INFO: Run ReadHtmlCache Behavior [ RunTime:0.000793s ]
INFO: [ app_begin ] --END-- [ RunTime:0.000871s ]
ERR: 无法加载模块:Mobile

[ 2013-06-13T22:12:59+08:00 ] 192.168.1.102 /lips/mobile.php/mobile//users/news
INFO: [ route_check ] --START--
INFO: Run CheckRoute Behavior [ RunTime:0.000872s ]
INFO: [ route_check ] --END-- [ RunTime:0.000932s ]
INFO: [ app_begin ] --START--
INFO: Run ReadHtmlCache Behavior [ RunTime:0.000432s ]
INFO: [ app_begin ] --END-- [ RunTime:0.000470s ]
ERR: 无法加载模块:Mobile

[ 2013-06-13T22:15:07+08:00 ] 192.168.1.102 /lips/mobile.php/mobile//users/briefinfo
INFO: [ route_check ] --START--
INFO: Run CheckRoute Behavior [ RunTime:0.001910s ]
INFO: [ route_check ] --END-- [ RunTime:0.002007s ]
INFO: [ app_begin ] --START--
INFO: Run ReadHtmlCache Behavior [ RunTime:0.000977s ]
INFO: [ app_begin ] --END-- [ RunTime:0.001052s ]
ERR: 无法加载模块:Mobile

[ 2013-06-13T22:15:10+08:00 ] 192.168.1.102 /lips/mobile.php/mobile//users/news
INFO: [ route_check ] --START--
INFO: Run CheckRoute Behavior [ RunTime:0.001042s ]
INFO: [ route_check ] --END-- [ RunTime:0.001100s ]
INFO: [ app_begin ] --START--
INFO: Run ReadHtmlCache Behavior [ RunTime:0.000562s ]
INFO: [ app_begin ] --END-- [ RunTime:0.000601s ]
ERR: 无法加载模块:Mobile

[ 2013-06-13T22:20:56+08:00 ] 192.168.1.102 /lips/mobile.php/mobile//users/briefinfo
INFO: [ route_check ] --START--
INFO: Run CheckRoute Behavior [ RunTime:0.001118s ]
INFO: [ route_check ] --END-- [ RunTime:0.001179s ]
INFO: [ app_begin ] --START--
INFO: Run ReadHtmlCache Behavior [ RunTime:0.000635s ]
INFO: [ app_begin ] --END-- [ RunTime:0.000677s ]
ERR: 无法加载模块:Mobile

[ 2013-06-13T22:20:59+08:00 ] 192.168.1.102 /lips/mobile.php/mobile//users/news
INFO: [ route_check ] --START--
INFO: Run CheckRoute Behavior [ RunTime:0.001368s ]
INFO: [ route_check ] --END-- [ RunTime:0.001444s ]
INFO: [ app_begin ] --START--
INFO: Run ReadHtmlCache Behavior [ RunTime:0.000601s ]
INFO: [ app_begin ] --END-- [ RunTime:0.000646s ]
ERR: 无法加载模块:Mobile

[ 2013-06-13T22:45:31+08:00 ] 127.0.0.1 /lips/mobile.php/Users/login
INFO: [ route_check ] --START--
INFO: Run CheckRoute Behavior [ RunTime:0.001590s ]
INFO: [ route_check ] --END-- [ RunTime:0.001656s ]
INFO: [ app_begin ] --START--
INFO: Run ReadHtmlCache Behavior [ RunTime:0.000594s ]
INFO: [ app_begin ] --END-- [ RunTime:0.000633s ]
NOTIC: [8] Undefined index: email D:\xampp\htdocs\Lips\Mobile\Lib\Action\UsersAction.class.php 第 4 行.
NOTIC: [8] Undefined index: pwd D:\xampp\htdocs\Lips\Mobile\Lib\Action\UsersAction.class.php 第 5 行.
SQL: SHOW COLUMNS FROM `lips_user` [ RunTime:0.040526s ]
SQL: SELECT id,uname,pwd,token FROM lips_user WHERE email='' [ RunTime:0.001368s ]

[ 2013-06-13T23:38:29+08:00 ] 127.0.0.1 /lips/mobile.php/Users/login
INFO: [ route_check ] --START--
INFO: Run CheckRoute Behavior [ RunTime:0.060851s ]
INFO: [ route_check ] --END-- [ RunTime:0.094383s ]
INFO: [ app_begin ] --START--
INFO: Run ReadHtmlCache Behavior [ RunTime:0.007741s ]
INFO: [ app_begin ] --END-- [ RunTime:0.007813s ]
NOTIC: [8] Undefined index: email D:\xampp\htdocs\Lips\Mobile\Lib\Action\UsersAction.class.php 第 4 行.
NOTIC: [8] Undefined index: pwd D:\xampp\htdocs\Lips\Mobile\Lib\Action\UsersAction.class.php 第 5 行.
SQL: SHOW COLUMNS FROM `lips_user` [ RunTime:0.592727s ]
SQL: SELECT id,uname,pwd,token FROM lips_user WHERE email='' [ RunTime:0.148987s ]

[ 2013-06-13T23:38:32+08:00 ] 127.0.0.1 /lips/mobile.php/Line/addline
INFO: [ route_check ] --START--
INFO: Run CheckRoute Behavior [ RunTime:0.001140s ]
INFO: [ route_check ] --END-- [ RunTime:0.001200s ]
INFO: [ app_begin ] --START--
INFO: Run ReadHtmlCache Behavior [ RunTime:0.001120s ]
INFO: [ app_begin ] --END-- [ RunTime:0.001173s ]
NOTIC: [8] Undefined index: uid D:\xampp\htdocs\Lips\Mobile\Lib\Action\LineAction.class.php 第 11 行.
NOTIC: [8] Undefined index: type D:\xampp\htdocs\Lips\Mobile\Lib\Action\LineAction.class.php 第 12 行.
NOTIC: [8] Undefined index: content D:\xampp\htdocs\Lips\Mobile\Lib\Action\LineAction.class.php 第 13 行.

[ 2013-06-13T23:38:32+08:00 ] 127.0.0.1 /lips/mobile.php/Users/login
INFO: [ route_check ] --START--
INFO: Run CheckRoute Behavior [ RunTime:0.001098s ]
INFO: [ route_check ] --END-- [ RunTime:0.001156s ]
INFO: [ app_begin ] --START--
INFO: Run ReadHtmlCache Behavior [ RunTime:0.000950s ]
INFO: [ app_begin ] --END-- [ RunTime:0.000989s ]
NOTIC: [8] Undefined index: email D:\xampp\htdocs\Lips\Mobile\Lib\Action\UsersAction.class.php 第 4 行.
NOTIC: [8] Undefined index: pwd D:\xampp\htdocs\Lips\Mobile\Lib\Action\UsersAction.class.php 第 5 行.
SQL: SHOW COLUMNS FROM `lips_user` [ RunTime:0.014697s ]
SQL: SELECT id,uname,pwd,token FROM lips_user WHERE email='' [ RunTime:0.000327s ]

[ 2013-06-13T23:38:34+08:00 ] 127.0.0.1 /lips/mobile.php/Line/addline
INFO: [ route_check ] --START--
INFO: Run CheckRoute Behavior [ RunTime:0.001173s ]
INFO: [ route_check ] --END-- [ RunTime:0.001232s ]
INFO: [ app_begin ] --START--
INFO: Run ReadHtmlCache Behavior [ RunTime:0.000934s ]
INFO: [ app_begin ] --END-- [ RunTime:0.000973s ]
NOTIC: [8] Undefined index: uid D:\xampp\htdocs\Lips\Mobile\Lib\Action\LineAction.class.php 第 11 行.
NOTIC: [8] Undefined index: type D:\xampp\htdocs\Lips\Mobile\Lib\Action\LineAction.class.php 第 12 行.
NOTIC: [8] Undefined index: content D:\xampp\htdocs\Lips\Mobile\Lib\Action\LineAction.class.php 第 13 行.

