[ 2013-06-15T04:22:21+08:00 ] 192.168.1.102 /lips/mobile.php/users/news
INFO: [ route_check ] --START--
INFO: Run CheckRoute Behavior [ RunTime:0.056197s ]
INFO: [ route_check ] --END-- [ RunTime:0.056299s ]
INFO: [ app_begin ] --START--
INFO: Run ReadHtmlCache Behavior [ RunTime:0.013896s ]
INFO: [ app_begin ] --END-- [ RunTime:0.013973s ]
SQL: SHOW COLUMNS FROM `lips_user` [ RunTime:0.101310s ]
SQL: SELECT * FROM `lips_user` WHERE ( `id` = 29 ) LIMIT 1   [ RunTime:0.000603s ]
SQL: SHOW COLUMNS FROM `lips_user` [ RunTime:0.004349s ]
SQL:  SELECT fans.birth,userb,user.uname AS userbname FROM lips_fans AS fans,lips_user AS user WHERE fans.userb=user.id  AND usera=29 ORDER BY fans.birth LIMIT 5  [ RunTime:0.034433s ]
SQL:  SELECT likes.birth,lid,userb,user.uname AS userbname,line.content AS lcon FROM lips_likes AS likes,lips_user AS user,lips_line AS line WHERE likes.userb=user.id AND likes.lid=line.id AND likes.usera=29 ORDER BY likes.birth LIMIT 5  [ RunTime:0.039014s ]
SQL:  SELECT subs.birth,cid,userb,user.uname AS userbname,clip.name AS cname FROM lips_subs AS subs,lips_user AS user,lips_clip AS clip WHERE subs.userb=user.id AND subs.cid=clip.id AND subs.usera=29 ORDER BY subs.birth LIMIT 5  [ RunTime:0.013913s ]

[ 2013-06-15T04:22:23+08:00 ] 192.168.1.102 /lips/mobile.php/line/category
INFO: [ route_check ] --START--
INFO: Run CheckRoute Behavior [ RunTime:0.001480s ]
INFO: [ route_check ] --END-- [ RunTime:0.001566s ]
INFO: [ app_begin ] --START--
INFO: Run ReadHtmlCache Behavior [ RunTime:0.000923s ]
INFO: [ app_begin ] --END-- [ RunTime:0.001007s ]
SQL: SHOW COLUMNS FROM `lips_category` [ RunTime:0.090707s ]
SQL: SELECT * FROM lips_category ORDER BY listorder DESC  [ RunTime:0.000398s ]

[ 2013-06-15T04:22:23+08:00 ] 192.168.1.102 /lips/mobile.php/users/briefinfo
INFO: [ route_check ] --START--
INFO: Run CheckRoute Behavior [ RunTime:0.001479s ]
INFO: [ route_check ] --END-- [ RunTime:0.001563s ]
INFO: [ app_begin ] --START--
INFO: Run ReadHtmlCache Behavior [ RunTime:0.000817s ]
INFO: [ app_begin ] --END-- [ RunTime:0.000878s ]
SQL: SHOW COLUMNS FROM `lips_user` [ RunTime:0.067118s ]
SQL: SELECT * FROM `lips_user` WHERE ( `id` = 29 ) LIMIT 1   [ RunTime:0.000551s ]
SQL: SHOW COLUMNS FROM `lips_user` [ RunTime:0.012030s ]
SQL: SELECT user.id,user.uname,user.udesc,user.gender,user.grade,
             (SELECT count(id) from lips_fans where usera=29) AS followers,
             (SELECT count(id) from lips_fans where userb=29) AS following
             FROM lips_user AS user WHERE user.id=29 [ RunTime:0.000562s ]

[ 2013-06-15T04:23:36+08:00 ] 192.168.1.101 /lips/mobile.php/line/categories
INFO: [ route_check ] --START--
INFO: Run CheckRoute Behavior [ RunTime:0.000588s ]
INFO: [ route_check ] --END-- [ RunTime:0.000649s ]
INFO: [ app_begin ] --START--
INFO: Run ReadHtmlCache Behavior [ RunTime:0.000424s ]
INFO: [ app_begin ] --END-- [ RunTime:0.000463s ]
ERR: 非法操作:categories

[ 2013-06-15T04:23:40+08:00 ] 192.168.1.101 /lips/mobile.php/line/category
INFO: [ route_check ] --START--
INFO: Run CheckRoute Behavior [ RunTime:0.000597s ]
INFO: [ route_check ] --END-- [ RunTime:0.000660s ]
INFO: [ app_begin ] --START--
INFO: Run ReadHtmlCache Behavior [ RunTime:0.000440s ]
INFO: [ app_begin ] --END-- [ RunTime:0.000481s ]
SQL: SHOW COLUMNS FROM `lips_category` [ RunTime:0.002141s ]
SQL: SELECT * FROM lips_category ORDER BY listorder DESC  [ RunTime:0.000349s ]

[ 2013-06-15T04:25:41+08:00 ] 192.168.1.102 /lips/mobile.php/users/briefinfo
INFO: [ route_check ] --START--
INFO: Run CheckRoute Behavior [ RunTime:0.001100s ]
INFO: [ route_check ] --END-- [ RunTime:0.001176s ]
INFO: [ app_begin ] --START--
INFO: Run ReadHtmlCache Behavior [ RunTime:0.000628s ]
INFO: [ app_begin ] --END-- [ RunTime:0.000676s ]
SQL: SHOW COLUMNS FROM `lips_user` [ RunTime:0.002604s ]
SQL: SELECT * FROM `lips_user` WHERE ( `id` = 29 ) LIMIT 1   [ RunTime:0.000453s ]
SQL: SHOW COLUMNS FROM `lips_user` [ RunTime:0.002455s ]
SQL: SELECT user.id,user.uname,user.udesc,user.gender,user.grade,
             (SELECT count(id) from lips_fans where usera=29) AS followers,
             (SELECT count(id) from lips_fans where userb=29) AS following
             FROM lips_user AS user WHERE user.id=29 [ RunTime:0.000438s ]

[ 2013-06-15T04:25:44+08:00 ] 192.168.1.102 /lips/mobile.php/line/category
INFO: [ route_check ] --START--
INFO: Run CheckRoute Behavior [ RunTime:0.001187s ]
INFO: [ route_check ] --END-- [ RunTime:0.001253s ]
INFO: [ app_begin ] --START--
INFO: Run ReadHtmlCache Behavior [ RunTime:0.000560s ]
INFO: [ app_begin ] --END-- [ RunTime:0.000604s ]
SQL: SHOW COLUMNS FROM `lips_category` [ RunTime:0.002905s ]
SQL: SELECT * FROM lips_category ORDER BY listorder DESC  [ RunTime:0.000372s ]

[ 2013-06-15T04:25:44+08:00 ] 192.168.1.102 /lips/mobile.php/users/news
INFO: [ route_check ] --START--
INFO: Run CheckRoute Behavior [ RunTime:0.001349s ]
INFO: [ route_check ] --END-- [ RunTime:0.001426s ]
INFO: [ app_begin ] --START--
INFO: Run ReadHtmlCache Behavior [ RunTime:0.000902s ]
INFO: [ app_begin ] --END-- [ RunTime:0.000977s ]
SQL: SHOW COLUMNS FROM `lips_user` [ RunTime:0.069762s ]
SQL: SELECT * FROM `lips_user` WHERE ( `id` = 29 ) LIMIT 1   [ RunTime:0.000398s ]
SQL: SHOW COLUMNS FROM `lips_user` [ RunTime:0.002178s ]
SQL:  SELECT fans.birth,userb,user.uname AS userbname FROM lips_fans AS fans,lips_user AS user WHERE fans.userb=user.id  AND usera=29 ORDER BY fans.birth LIMIT 5  [ RunTime:0.000362s ]
SQL:  SELECT likes.birth,lid,userb,user.uname AS userbname,line.content AS lcon FROM lips_likes AS likes,lips_user AS user,lips_line AS line WHERE likes.userb=user.id AND likes.lid=line.id AND likes.usera=29 ORDER BY likes.birth LIMIT 5  [ RunTime:0.000295s ]
SQL:  SELECT subs.birth,cid,userb,user.uname AS userbname,clip.name AS cname FROM lips_subs AS subs,lips_user AS user,lips_clip AS clip WHERE subs.userb=user.id AND subs.cid=clip.id AND subs.usera=29 ORDER BY subs.birth LIMIT 5  [ RunTime:0.000289s ]

[ 2013-06-15T04:26:35+08:00 ] 192.168.1.102 /lips/mobile.php/line/category
INFO: [ route_check ] --START--
INFO: Run CheckRoute Behavior [ RunTime:0.000632s ]
INFO: [ route_check ] --END-- [ RunTime:0.000697s ]
INFO: [ app_begin ] --START--
INFO: Run ReadHtmlCache Behavior [ RunTime:0.000704s ]
INFO: [ app_begin ] --END-- [ RunTime:0.000764s ]
SQL: SHOW COLUMNS FROM `lips_category` [ RunTime:0.002649s ]
SQL: SELECT * FROM lips_category ORDER BY listorder DESC  [ RunTime:0.000356s ]

[ 2013-06-15T04:26:35+08:00 ] 192.168.1.102 /lips/mobile.php/users/briefinfo
INFO: [ route_check ] --START--
INFO: Run CheckRoute Behavior [ RunTime:0.000868s ]
INFO: [ route_check ] --END-- [ RunTime:0.000951s ]
INFO: [ app_begin ] --START--
INFO: Run ReadHtmlCache Behavior [ RunTime:0.000685s ]
INFO: [ app_begin ] --END-- [ RunTime:0.000752s ]
SQL: SHOW COLUMNS FROM `lips_user` [ RunTime:0.002588s ]
SQL: SELECT * FROM `lips_user` WHERE ( `id` = 29 ) LIMIT 1   [ RunTime:0.000566s ]
SQL: SHOW COLUMNS FROM `lips_user` [ RunTime:0.004221s ]
SQL: SELECT user.id,user.uname,user.udesc,user.gender,user.grade,
             (SELECT count(id) from lips_fans where usera=29) AS followers,
             (SELECT count(id) from lips_fans where userb=29) AS following
             FROM lips_user AS user WHERE user.id=29 [ RunTime:0.000558s ]

[ 2013-06-15T04:26:35+08:00 ] 192.168.1.102 /lips/mobile.php/users/news
INFO: [ route_check ] --START--
INFO: Run CheckRoute Behavior [ RunTime:0.000606s ]
INFO: [ route_check ] --END-- [ RunTime:0.000667s ]
INFO: [ app_begin ] --START--
INFO: Run ReadHtmlCache Behavior [ RunTime:0.000451s ]
INFO: [ app_begin ] --END-- [ RunTime:0.000494s ]
SQL: SHOW COLUMNS FROM `lips_user` [ RunTime:0.003617s ]
SQL: SELECT * FROM `lips_user` WHERE ( `id` = 29 ) LIMIT 1   [ RunTime:0.000497s ]
SQL: SHOW COLUMNS FROM `lips_user` [ RunTime:0.002763s ]
SQL:  SELECT fans.birth,userb,user.uname AS userbname FROM lips_fans AS fans,lips_user AS user WHERE fans.userb=user.id  AND usera=29 ORDER BY fans.birth LIMIT 5  [ RunTime:0.000464s ]
SQL:  SELECT likes.birth,lid,userb,user.uname AS userbname,line.content AS lcon FROM lips_likes AS likes,lips_user AS user,lips_line AS line WHERE likes.userb=user.id AND likes.lid=line.id AND likes.usera=29 ORDER BY likes.birth LIMIT 5  [ RunTime:0.000410s ]
SQL:  SELECT subs.birth,cid,userb,user.uname AS userbname,clip.name AS cname FROM lips_subs AS subs,lips_user AS user,lips_clip AS clip WHERE subs.userb=user.id AND subs.cid=clip.id AND subs.usera=29 ORDER BY subs.birth LIMIT 5  [ RunTime:0.000365s ]

[ 2013-06-15T04:27:00+08:00 ] 192.168.1.102 /lips/mobile.php/line/category
INFO: [ route_check ] --START--
INFO: Run CheckRoute Behavior [ RunTime:0.000575s ]
INFO: [ route_check ] --END-- [ RunTime:0.000631s ]
INFO: [ app_begin ] --START--
INFO: Run ReadHtmlCache Behavior [ RunTime:0.000390s ]
INFO: [ app_begin ] --END-- [ RunTime:0.000427s ]
SQL: SHOW COLUMNS FROM `lips_category` [ RunTime:0.002160s ]
SQL: SELECT * FROM lips_category ORDER BY listorder DESC  [ RunTime:0.000357s ]

[ 2013-06-15T04:27:00+08:00 ] 192.168.1.102 /lips/mobile.php/users/briefinfo
INFO: [ route_check ] --START--
INFO: Run CheckRoute Behavior [ RunTime:0.000664s ]
INFO: [ route_check ] --END-- [ RunTime:0.000747s ]
INFO: [ app_begin ] --START--
INFO: Run ReadHtmlCache Behavior [ RunTime:0.000422s ]
INFO: [ app_begin ] --END-- [ RunTime:0.000461s ]
SQL: SHOW COLUMNS FROM `lips_user` [ RunTime:0.003384s ]
SQL: SELECT * FROM `lips_user` WHERE ( `id` = 29 ) LIMIT 1   [ RunTime:0.000392s ]
SQL: SHOW COLUMNS FROM `lips_user` [ RunTime:0.002955s ]
SQL: SELECT user.id,user.uname,user.udesc,user.gender,user.grade,
             (SELECT count(id) from lips_fans where usera=29) AS followers,
             (SELECT count(id) from lips_fans where userb=29) AS following
             FROM lips_user AS user WHERE user.id=29 [ RunTime:0.000576s ]

[ 2013-06-15T04:27:00+08:00 ] 192.168.1.102 /lips/mobile.php/users/news
INFO: [ route_check ] --START--
INFO: Run CheckRoute Behavior [ RunTime:0.001094s ]
INFO: [ route_check ] --END-- [ RunTime:0.001171s ]
INFO: [ app_begin ] --START--
INFO: Run ReadHtmlCache Behavior [ RunTime:0.000435s ]
INFO: [ app_begin ] --END-- [ RunTime:0.000474s ]
SQL: SHOW COLUMNS FROM `lips_user` [ RunTime:0.002484s ]
SQL: SELECT * FROM `lips_user` WHERE ( `id` = 29 ) LIMIT 1   [ RunTime:0.000456s ]
SQL: SHOW COLUMNS FROM `lips_user` [ RunTime:0.002138s ]
SQL:  SELECT fans.birth,userb,user.uname AS userbname FROM lips_fans AS fans,lips_user AS user WHERE fans.userb=user.id  AND usera=29 ORDER BY fans.birth LIMIT 5  [ RunTime:0.000357s ]
SQL:  SELECT likes.birth,lid,userb,user.uname AS userbname,line.content AS lcon FROM lips_likes AS likes,lips_user AS user,lips_line AS line WHERE likes.userb=user.id AND likes.lid=line.id AND likes.usera=29 ORDER BY likes.birth LIMIT 5  [ RunTime:0.000254s ]
SQL:  SELECT subs.birth,cid,userb,user.uname AS userbname,clip.name AS cname FROM lips_subs AS subs,lips_user AS user,lips_clip AS clip WHERE subs.userb=user.id AND subs.cid=clip.id AND subs.usera=29 ORDER BY subs.birth LIMIT 5  [ RunTime:0.000291s ]

[ 2013-06-15T04:28:10+08:00 ] 192.168.1.102 /lips/mobile.php/line/category
INFO: [ route_check ] --START--
INFO: Run CheckRoute Behavior [ RunTime:0.001205s ]
INFO: [ route_check ] --END-- [ RunTime:0.001277s ]
INFO: [ app_begin ] --START--
INFO: Run ReadHtmlCache Behavior [ RunTime:0.000692s ]
INFO: [ app_begin ] --END-- [ RunTime:0.000749s ]
SQL: SHOW COLUMNS FROM `lips_category` [ RunTime:0.002468s ]
SQL: SELECT * FROM lips_category ORDER BY listorder DESC  [ RunTime:0.000345s ]

[ 2013-06-15T04:28:10+08:00 ] 192.168.1.102 /lips/mobile.php/users/briefinfo
INFO: [ route_check ] --START--
INFO: Run CheckRoute Behavior [ RunTime:0.001513s ]
INFO: [ route_check ] --END-- [ RunTime:0.001605s ]
INFO: [ app_begin ] --START--
INFO: Run ReadHtmlCache Behavior [ RunTime:0.001008s ]
INFO: [ app_begin ] --END-- [ RunTime:0.001098s ]
SQL: SHOW COLUMNS FROM `lips_user` [ RunTime:0.068620s ]
SQL: SELECT * FROM `lips_user` WHERE ( `id` = 29 ) LIMIT 1   [ RunTime:0.000450s ]
SQL: SHOW COLUMNS FROM `lips_user` [ RunTime:0.003287s ]
SQL: SELECT user.id,user.uname,user.udesc,user.gender,user.grade,
             (SELECT count(id) from lips_fans where usera=29) AS followers,
             (SELECT count(id) from lips_fans where userb=29) AS following
             FROM lips_user AS user WHERE user.id=29 [ RunTime:0.000608s ]

[ 2013-06-15T04:28:10+08:00 ] 192.168.1.102 /lips/mobile.php/users/news
INFO: [ route_check ] --START--
INFO: Run CheckRoute Behavior [ RunTime:0.001488s ]
INFO: [ route_check ] --END-- [ RunTime:0.001583s ]
INFO: [ app_begin ] --START--
INFO: Run ReadHtmlCache Behavior [ RunTime:0.000925s ]
INFO: [ app_begin ] --END-- [ RunTime:0.001004s ]
SQL: SHOW COLUMNS FROM `lips_user` [ RunTime:0.002764s ]
SQL: SELECT * FROM `lips_user` WHERE ( `id` = 29 ) LIMIT 1   [ RunTime:0.000391s ]
SQL: SHOW COLUMNS FROM `lips_user` [ RunTime:0.002827s ]
SQL:  SELECT fans.birth,userb,user.uname AS userbname FROM lips_fans AS fans,lips_user AS user WHERE fans.userb=user.id  AND usera=29 ORDER BY fans.birth LIMIT 5  [ RunTime:0.000394s ]
SQL:  SELECT likes.birth,lid,userb,user.uname AS userbname,line.content AS lcon FROM lips_likes AS likes,lips_user AS user,lips_line AS line WHERE likes.userb=user.id AND likes.lid=line.id AND likes.usera=29 ORDER BY likes.birth LIMIT 5  [ RunTime:0.000407s ]
SQL:  SELECT subs.birth,cid,userb,user.uname AS userbname,clip.name AS cname FROM lips_subs AS subs,lips_user AS user,lips_clip AS clip WHERE subs.userb=user.id AND subs.cid=clip.id AND subs.usera=29 ORDER BY subs.birth LIMIT 5  [ RunTime:0.000375s ]

[ 2013-06-15T04:28:59+08:00 ] 192.168.1.102 /lips/mobile.php/line/category
INFO: [ route_check ] --START--
INFO: Run CheckRoute Behavior [ RunTime:0.000682s ]
INFO: [ route_check ] --END-- [ RunTime:0.000759s ]
INFO: [ app_begin ] --START--
INFO: Run ReadHtmlCache Behavior [ RunTime:0.000657s ]
INFO: [ app_begin ] --END-- [ RunTime:0.000737s ]
SQL: SHOW COLUMNS FROM `lips_category` [ RunTime:0.002470s ]
SQL: SELECT * FROM lips_category ORDER BY listorder DESC  [ RunTime:0.000417s ]

[ 2013-06-15T04:28:59+08:00 ] 192.168.1.102 /lips/mobile.php/users/briefinfo
INFO: [ route_check ] --START--
INFO: Run CheckRoute Behavior [ RunTime:0.000889s ]
INFO: [ route_check ] --END-- [ RunTime:0.000976s ]
INFO: [ app_begin ] --START--
INFO: Run ReadHtmlCache Behavior [ RunTime:0.000631s ]
INFO: [ app_begin ] --END-- [ RunTime:0.000701s ]
SQL: SHOW COLUMNS FROM `lips_user` [ RunTime:0.021966s ]
SQL: SELECT * FROM `lips_user` WHERE ( `id` = 29 ) LIMIT 1   [ RunTime:0.000403s ]
SQL: SHOW COLUMNS FROM `lips_user` [ RunTime:0.003868s ]
SQL: SELECT user.id,user.uname,user.udesc,user.gender,user.grade,
             (SELECT count(id) from lips_fans where usera=29) AS followers,
             (SELECT count(id) from lips_fans where userb=29) AS following
             FROM lips_user AS user WHERE user.id=29 [ RunTime:0.000515s ]

[ 2013-06-15T04:28:59+08:00 ] 192.168.1.102 /lips/mobile.php/users/news
INFO: [ route_check ] --START--
INFO: Run CheckRoute Behavior [ RunTime:0.001158s ]
INFO: [ route_check ] --END-- [ RunTime:0.001268s ]
INFO: [ app_begin ] --START--
INFO: Run ReadHtmlCache Behavior [ RunTime:0.000670s ]
INFO: [ app_begin ] --END-- [ RunTime:0.000736s ]
SQL: SHOW COLUMNS FROM `lips_user` [ RunTime:0.014772s ]
SQL: SELECT * FROM `lips_user` WHERE ( `id` = 29 ) LIMIT 1   [ RunTime:0.000471s ]
SQL: SHOW COLUMNS FROM `lips_user` [ RunTime:0.003570s ]
SQL:  SELECT fans.birth,userb,user.uname AS userbname FROM lips_fans AS fans,lips_user AS user WHERE fans.userb=user.id  AND usera=29 ORDER BY fans.birth LIMIT 5  [ RunTime:0.000367s ]
SQL:  SELECT likes.birth,lid,userb,user.uname AS userbname,line.content AS lcon FROM lips_likes AS likes,lips_user AS user,lips_line AS line WHERE likes.userb=user.id AND likes.lid=line.id AND likes.usera=29 ORDER BY likes.birth LIMIT 5  [ RunTime:0.000445s ]
SQL:  SELECT subs.birth,cid,userb,user.uname AS userbname,clip.name AS cname FROM lips_subs AS subs,lips_user AS user,lips_clip AS clip WHERE subs.userb=user.id AND subs.cid=clip.id AND subs.usera=29 ORDER BY subs.birth LIMIT 5  [ RunTime:0.000590s ]

[ 2013-06-15T04:29:38+08:00 ] 192.168.1.102 /lips/mobile.php/line/category
INFO: [ route_check ] --START--
INFO: Run CheckRoute Behavior [ RunTime:0.000739s ]
INFO: [ route_check ] --END-- [ RunTime:0.000805s ]
INFO: [ app_begin ] --START--
INFO: Run ReadHtmlCache Behavior [ RunTime:0.000546s ]
INFO: [ app_begin ] --END-- [ RunTime:0.000595s ]
SQL: SHOW COLUMNS FROM `lips_category` [ RunTime:0.003211s ]
SQL: SELECT * FROM lips_category ORDER BY listorder DESC  [ RunTime:0.000648s ]

[ 2013-06-15T04:29:38+08:00 ] 192.168.1.102 /lips/mobile.php/users/briefinfo
INFO: [ route_check ] --START--
INFO: Run CheckRoute Behavior [ RunTime:0.000899s ]
INFO: [ route_check ] --END-- [ RunTime:0.000973s ]
INFO: [ app_begin ] --START--
INFO: Run ReadHtmlCache Behavior [ RunTime:0.000652s ]
INFO: [ app_begin ] --END-- [ RunTime:0.000721s ]
SQL: SHOW COLUMNS FROM `lips_user` [ RunTime:0.030437s ]
SQL: SELECT * FROM `lips_user` WHERE ( `id` = 29 ) LIMIT 1   [ RunTime:0.000265s ]
SQL: SHOW COLUMNS FROM `lips_user` [ RunTime:0.004021s ]
SQL: SELECT user.id,user.uname,user.udesc,user.gender,user.grade,
             (SELECT count(id) from lips_fans where usera=29) AS followers,
             (SELECT count(id) from lips_fans where userb=29) AS following
             FROM lips_user AS user WHERE user.id=29 [ RunTime:0.000427s ]

[ 2013-06-15T04:29:38+08:00 ] 192.168.1.102 /lips/mobile.php/users/news
INFO: [ route_check ] --START--
INFO: Run CheckRoute Behavior [ RunTime:0.000891s ]
INFO: [ route_check ] --END-- [ RunTime:0.000983s ]
INFO: [ app_begin ] --START--
INFO: Run ReadHtmlCache Behavior [ RunTime:0.000610s ]
INFO: [ app_begin ] --END-- [ RunTime:0.000673s ]
SQL: SHOW COLUMNS FROM `lips_user` [ RunTime:0.030310s ]
SQL: SELECT * FROM `lips_user` WHERE ( `id` = 29 ) LIMIT 1   [ RunTime:0.000472s ]
SQL: SHOW COLUMNS FROM `lips_user` [ RunTime:0.003798s ]
SQL:  SELECT fans.birth,userb,user.uname AS userbname FROM lips_fans AS fans,lips_user AS user WHERE fans.userb=user.id  AND usera=29 ORDER BY fans.birth LIMIT 5  [ RunTime:0.000501s ]
SQL:  SELECT likes.birth,lid,userb,user.uname AS userbname,line.content AS lcon FROM lips_likes AS likes,lips_user AS user,lips_line AS line WHERE likes.userb=user.id AND likes.lid=line.id AND likes.usera=29 ORDER BY likes.birth LIMIT 5  [ RunTime:0.000372s ]
SQL:  SELECT subs.birth,cid,userb,user.uname AS userbname,clip.name AS cname FROM lips_subs AS subs,lips_user AS user,lips_clip AS clip WHERE subs.userb=user.id AND subs.cid=clip.id AND subs.usera=29 ORDER BY subs.birth LIMIT 5  [ RunTime:0.000487s ]

[ 2013-06-15T04:31:12+08:00 ] 192.168.1.102 /lips/mobile.php/users/briefinfo
INFO: [ route_check ] --START--
INFO: Run CheckRoute Behavior [ RunTime:0.001471s ]
INFO: [ route_check ] --END-- [ RunTime:0.001571s ]
INFO: [ app_begin ] --START--
INFO: Run ReadHtmlCache Behavior [ RunTime:0.000861s ]
INFO: [ app_begin ] --END-- [ RunTime:0.000927s ]
SQL: SHOW COLUMNS FROM `lips_user` [ RunTime:0.003311s ]
SQL: SELECT * FROM `lips_user` WHERE ( `id` = 29 ) LIMIT 1   [ RunTime:0.000356s ]
SQL: SHOW COLUMNS FROM `lips_user` [ RunTime:0.002309s ]
SQL: SELECT user.id,user.uname,user.udesc,user.gender,user.grade,
             (SELECT count(id) from lips_fans where usera=29) AS followers,
             (SELECT count(id) from lips_fans where userb=29) AS following
             FROM lips_user AS user WHERE user.id=29 [ RunTime:0.000335s ]

[ 2013-06-15T04:31:15+08:00 ] 192.168.1.102 /lips/mobile.php/line/category
INFO: [ route_check ] --START--
INFO: Run CheckRoute Behavior [ RunTime:0.000910s ]
INFO: [ route_check ] --END-- [ RunTime:0.000968s ]
INFO: [ app_begin ] --START--
INFO: Run ReadHtmlCache Behavior [ RunTime:0.000525s ]
INFO: [ app_begin ] --END-- [ RunTime:0.000566s ]
SQL: SHOW COLUMNS FROM `lips_category` [ RunTime:0.070363s ]
SQL: SELECT * FROM lips_category ORDER BY listorder DESC  [ RunTime:0.000365s ]

[ 2013-06-15T04:31:15+08:00 ] 192.168.1.102 /lips/mobile.php/users/news
INFO: [ route_check ] --START--
INFO: Run CheckRoute Behavior [ RunTime:0.000942s ]
INFO: [ route_check ] --END-- [ RunTime:0.001002s ]
INFO: [ app_begin ] --START--
INFO: Run ReadHtmlCache Behavior [ RunTime:0.000541s ]
INFO: [ app_begin ] --END-- [ RunTime:0.000582s ]
SQL: SHOW COLUMNS FROM `lips_user` [ RunTime:0.070706s ]
SQL: SELECT * FROM `lips_user` WHERE ( `id` = 29 ) LIMIT 1   [ RunTime:0.000314s ]
SQL: SHOW COLUMNS FROM `lips_user` [ RunTime:0.002382s ]
SQL:  SELECT fans.birth,userb,user.uname AS userbname FROM lips_fans AS fans,lips_user AS user WHERE fans.userb=user.id  AND usera=29 ORDER BY fans.birth LIMIT 5  [ RunTime:0.000471s ]
SQL:  SELECT likes.birth,lid,userb,user.uname AS userbname,line.content AS lcon FROM lips_likes AS likes,lips_user AS user,lips_line AS line WHERE likes.userb=user.id AND likes.lid=line.id AND likes.usera=29 ORDER BY likes.birth LIMIT 5  [ RunTime:0.000301s ]
SQL:  SELECT subs.birth,cid,userb,user.uname AS userbname,clip.name AS cname FROM lips_subs AS subs,lips_user AS user,lips_clip AS clip WHERE subs.userb=user.id AND subs.cid=clip.id AND subs.usera=29 ORDER BY subs.birth LIMIT 5  [ RunTime:0.000439s ]

[ 2013-06-15T04:32:26+08:00 ] 192.168.1.102 /lips/mobile.php/users/news
INFO: [ route_check ] --START--
INFO: Run CheckRoute Behavior [ RunTime:0.000610s ]
INFO: [ route_check ] --END-- [ RunTime:0.000677s ]
INFO: [ app_begin ] --START--
INFO: Run ReadHtmlCache Behavior [ RunTime:0.000437s ]
INFO: [ app_begin ] --END-- [ RunTime:0.000477s ]
SQL: SHOW COLUMNS FROM `lips_user` [ RunTime:0.002861s ]
SQL: SELECT * FROM `lips_user` WHERE ( `id` = 29 ) LIMIT 1   [ RunTime:0.000457s ]
SQL: SHOW COLUMNS FROM `lips_user` [ RunTime:0.003097s ]
SQL:  SELECT fans.birth,userb,user.uname AS userbname FROM lips_fans AS fans,lips_user AS user WHERE fans.userb=user.id  AND usera=29 ORDER BY fans.birth LIMIT 5  [ RunTime:0.000451s ]
SQL:  SELECT likes.birth,lid,userb,user.uname AS userbname,line.content AS lcon FROM lips_likes AS likes,lips_user AS user,lips_line AS line WHERE likes.userb=user.id AND likes.lid=line.id AND likes.usera=29 ORDER BY likes.birth LIMIT 5  [ RunTime:0.000304s ]
SQL:  SELECT subs.birth,cid,userb,user.uname AS userbname,clip.name AS cname FROM lips_subs AS subs,lips_user AS user,lips_clip AS clip WHERE subs.userb=user.id AND subs.cid=clip.id AND subs.usera=29 ORDER BY subs.birth LIMIT 5  [ RunTime:0.000299s ]

[ 2013-06-15T04:32:29+08:00 ] 192.168.1.102 /lips/mobile.php/line/category
INFO: [ route_check ] --START--
INFO: Run CheckRoute Behavior [ RunTime:0.000611s ]
INFO: [ route_check ] --END-- [ RunTime:0.000672s ]
INFO: [ app_begin ] --START--
INFO: Run ReadHtmlCache Behavior [ RunTime:0.000432s ]
INFO: [ app_begin ] --END-- [ RunTime:0.000472s ]
SQL: SHOW COLUMNS FROM `lips_category` [ RunTime:0.003453s ]
SQL: SELECT * FROM lips_category ORDER BY listorder DESC  [ RunTime:0.000428s ]

[ 2013-06-15T04:32:29+08:00 ] 192.168.1.102 /lips/mobile.php/users/briefinfo
INFO: [ route_check ] --START--
INFO: Run CheckRoute Behavior [ RunTime:0.000989s ]
INFO: [ route_check ] --END-- [ RunTime:0.001085s ]
INFO: [ app_begin ] --START--
INFO: Run ReadHtmlCache Behavior [ RunTime:0.000687s ]
INFO: [ app_begin ] --END-- [ RunTime:0.000761s ]
SQL: SHOW COLUMNS FROM `lips_user` [ RunTime:0.003173s ]
SQL: SELECT * FROM `lips_user` WHERE ( `id` = 29 ) LIMIT 1   [ RunTime:0.000410s ]
SQL: SHOW COLUMNS FROM `lips_user` [ RunTime:0.003538s ]
SQL: SELECT user.id,user.uname,user.udesc,user.gender,user.grade,
             (SELECT count(id) from lips_fans where usera=29) AS followers,
             (SELECT count(id) from lips_fans where userb=29) AS following
             FROM lips_user AS user WHERE user.id=29 [ RunTime:0.000468s ]

[ 2013-06-15T04:32:45+08:00 ] 192.168.1.102 /lips/mobile.php/line/category
INFO: [ route_check ] --START--
INFO: Run CheckRoute Behavior [ RunTime:0.000700s ]
INFO: [ route_check ] --END-- [ RunTime:0.000774s ]
INFO: [ app_begin ] --START--
INFO: Run ReadHtmlCache Behavior [ RunTime:0.000513s ]
INFO: [ app_begin ] --END-- [ RunTime:0.000564s ]
SQL: SHOW COLUMNS FROM `lips_category` [ RunTime:0.002943s ]
SQL: SELECT * FROM lips_category ORDER BY listorder DESC  [ RunTime:0.000797s ]

[ 2013-06-15T04:32:45+08:00 ] 192.168.1.102 /lips/mobile.php/users/briefinfo
INFO: [ route_check ] --START--
INFO: Run CheckRoute Behavior [ RunTime:0.000945s ]
INFO: [ route_check ] --END-- [ RunTime:0.001029s ]
INFO: [ app_begin ] --START--
INFO: Run ReadHtmlCache Behavior [ RunTime:0.000709s ]
INFO: [ app_begin ] --END-- [ RunTime:0.000816s ]
SQL: SHOW COLUMNS FROM `lips_user` [ RunTime:0.068014s ]
SQL: SELECT * FROM `lips_user` WHERE ( `id` = 29 ) LIMIT 1   [ RunTime:0.000477s ]
SQL: SHOW COLUMNS FROM `lips_user` [ RunTime:0.004302s ]
SQL: SELECT user.id,user.uname,user.udesc,user.gender,user.grade,
             (SELECT count(id) from lips_fans where usera=29) AS followers,
             (SELECT count(id) from lips_fans where userb=29) AS following
             FROM lips_user AS user WHERE user.id=29 [ RunTime:0.000400s ]

[ 2013-06-15T04:32:45+08:00 ] 192.168.1.102 /lips/mobile.php/users/news
INFO: [ route_check ] --START--
INFO: Run CheckRoute Behavior [ RunTime:0.000631s ]
INFO: [ route_check ] --END-- [ RunTime:0.000693s ]
INFO: [ app_begin ] --START--
INFO: Run ReadHtmlCache Behavior [ RunTime:0.000506s ]
INFO: [ app_begin ] --END-- [ RunTime:0.000560s ]
SQL: SHOW COLUMNS FROM `lips_user` [ RunTime:0.065573s ]
SQL: SELECT * FROM `lips_user` WHERE ( `id` = 29 ) LIMIT 1   [ RunTime:0.000368s ]
SQL: SHOW COLUMNS FROM `lips_user` [ RunTime:0.004154s ]
SQL:  SELECT fans.birth,userb,user.uname AS userbname FROM lips_fans AS fans,lips_user AS user WHERE fans.userb=user.id  AND usera=29 ORDER BY fans.birth LIMIT 5  [ RunTime:0.000398s ]
SQL:  SELECT likes.birth,lid,userb,user.uname AS userbname,line.content AS lcon FROM lips_likes AS likes,lips_user AS user,lips_line AS line WHERE likes.userb=user.id AND likes.lid=line.id AND likes.usera=29 ORDER BY likes.birth LIMIT 5  [ RunTime:0.000298s ]
SQL:  SELECT subs.birth,cid,userb,user.uname AS userbname,clip.name AS cname FROM lips_subs AS subs,lips_user AS user,lips_clip AS clip WHERE subs.userb=user.id AND subs.cid=clip.id AND subs.usera=29 ORDER BY subs.birth LIMIT 5  [ RunTime:0.000507s ]

[ 2013-06-15T04:32:50+08:00 ] 192.168.1.102 /lips/mobile.php/line/category
INFO: [ route_check ] --START--
INFO: Run CheckRoute Behavior [ RunTime:0.000714s ]
INFO: [ route_check ] --END-- [ RunTime:0.000784s ]
INFO: [ app_begin ] --START--
INFO: Run ReadHtmlCache Behavior [ RunTime:0.000576s ]
INFO: [ app_begin ] --END-- [ RunTime:0.000634s ]
SQL: SHOW COLUMNS FROM `lips_category` [ RunTime:0.089435s ]
SQL: SELECT * FROM lips_category ORDER BY listorder DESC  [ RunTime:0.000331s ]

[ 2013-06-15T04:32:50+08:00 ] 192.168.1.102 /lips/mobile.php/users/briefinfo
INFO: [ route_check ] --START--
INFO: Run CheckRoute Behavior [ RunTime:0.000935s ]
INFO: [ route_check ] --END-- [ RunTime:0.001023s ]
INFO: [ app_begin ] --START--
INFO: Run ReadHtmlCache Behavior [ RunTime:0.000699s ]
INFO: [ app_begin ] --END-- [ RunTime:0.000764s ]
SQL: SHOW COLUMNS FROM `lips_user` [ RunTime:0.085483s ]
SQL: SELECT * FROM `lips_user` WHERE ( `id` = 29 ) LIMIT 1   [ RunTime:0.000436s ]
SQL: SHOW COLUMNS FROM `lips_user` [ RunTime:0.007096s ]
SQL: SELECT user.id,user.uname,user.udesc,user.gender,user.grade,
             (SELECT count(id) from lips_fans where usera=29) AS followers,
             (SELECT count(id) from lips_fans where userb=29) AS following
             FROM lips_user AS user WHERE user.id=29 [ RunTime:0.000492s ]

[ 2013-06-15T04:32:50+08:00 ] 192.168.1.102 /lips/mobile.php/users/news
INFO: [ route_check ] --START--
INFO: Run CheckRoute Behavior [ RunTime:0.000940s ]
INFO: [ route_check ] --END-- [ RunTime:0.001023s ]
INFO: [ app_begin ] --START--
INFO: Run ReadHtmlCache Behavior [ RunTime:0.000658s ]
INFO: [ app_begin ] --END-- [ RunTime:0.000724s ]
SQL: SHOW COLUMNS FROM `lips_user` [ RunTime:0.082816s ]
SQL: SELECT * FROM `lips_user` WHERE ( `id` = 29 ) LIMIT 1   [ RunTime:0.000399s ]
SQL: SHOW COLUMNS FROM `lips_user` [ RunTime:0.007461s ]
SQL:  SELECT fans.birth,userb,user.uname AS userbname FROM lips_fans AS fans,lips_user AS user WHERE fans.userb=user.id  AND usera=29 ORDER BY fans.birth LIMIT 5  [ RunTime:0.000280s ]
SQL:  SELECT likes.birth,lid,userb,user.uname AS userbname,line.content AS lcon FROM lips_likes AS likes,lips_user AS user,lips_line AS line WHERE likes.userb=user.id AND likes.lid=line.id AND likes.usera=29 ORDER BY likes.birth LIMIT 5  [ RunTime:0.000237s ]
SQL:  SELECT subs.birth,cid,userb,user.uname AS userbname,clip.name AS cname FROM lips_subs AS subs,lips_user AS user,lips_clip AS clip WHERE subs.userb=user.id AND subs.cid=clip.id AND subs.usera=29 ORDER BY subs.birth LIMIT 5  [ RunTime:0.000342s ]

[ 2013-06-15T04:32:58+08:00 ] 192.168.1.102 /lips/mobile.php/line/category
INFO: [ route_check ] --START--
INFO: Run CheckRoute Behavior [ RunTime:0.001011s ]
INFO: [ route_check ] --END-- [ RunTime:0.001109s ]
INFO: [ app_begin ] --START--
INFO: Run ReadHtmlCache Behavior [ RunTime:0.000698s ]
INFO: [ app_begin ] --END-- [ RunTime:0.000768s ]
SQL: SHOW COLUMNS FROM `lips_category` [ RunTime:0.003963s ]
SQL: SELECT * FROM lips_category ORDER BY listorder DESC  [ RunTime:0.000644s ]

[ 2013-06-15T04:32:59+08:00 ] 192.168.1.102 /lips/mobile.php/users/briefinfo
INFO: [ route_check ] --START--
INFO: Run CheckRoute Behavior [ RunTime:0.001122s ]
INFO: [ route_check ] --END-- [ RunTime:0.001222s ]
INFO: [ app_begin ] --START--
INFO: Run ReadHtmlCache Behavior [ RunTime:0.000667s ]
INFO: [ app_begin ] --END-- [ RunTime:0.000731s ]
SQL: SHOW COLUMNS FROM `lips_user` [ RunTime:0.003534s ]
SQL: SELECT * FROM `lips_user` WHERE ( `id` = 29 ) LIMIT 1   [ RunTime:0.000458s ]
SQL: SHOW COLUMNS FROM `lips_user` [ RunTime:0.003903s ]
SQL: SELECT user.id,user.uname,user.udesc,user.gender,user.grade,
             (SELECT count(id) from lips_fans where usera=29) AS followers,
             (SELECT count(id) from lips_fans where userb=29) AS following
             FROM lips_user AS user WHERE user.id=29 [ RunTime:0.000435s ]

[ 2013-06-15T04:32:59+08:00 ] 192.168.1.102 /lips/mobile.php/users/news
INFO: [ route_check ] --START--
INFO: Run CheckRoute Behavior [ RunTime:0.000990s ]
INFO: [ route_check ] --END-- [ RunTime:0.001077s ]
INFO: [ app_begin ] --START--
INFO: Run ReadHtmlCache Behavior [ RunTime:0.000717s ]
INFO: [ app_begin ] --END-- [ RunTime:0.000793s ]
SQL: SHOW COLUMNS FROM `lips_user` [ RunTime:0.003731s ]
SQL: SELECT * FROM `lips_user` WHERE ( `id` = 29 ) LIMIT 1   [ RunTime:0.000643s ]
SQL: SHOW COLUMNS FROM `lips_user` [ RunTime:0.003055s ]
SQL:  SELECT fans.birth,userb,user.uname AS userbname FROM lips_fans AS fans,lips_user AS user WHERE fans.userb=user.id  AND usera=29 ORDER BY fans.birth LIMIT 5  [ RunTime:0.000351s ]
SQL:  SELECT likes.birth,lid,userb,user.uname AS userbname,line.content AS lcon FROM lips_likes AS likes,lips_user AS user,lips_line AS line WHERE likes.userb=user.id AND likes.lid=line.id AND likes.usera=29 ORDER BY likes.birth LIMIT 5  [ RunTime:0.000271s ]
SQL:  SELECT subs.birth,cid,userb,user.uname AS userbname,clip.name AS cname FROM lips_subs AS subs,lips_user AS user,lips_clip AS clip WHERE subs.userb=user.id AND subs.cid=clip.id AND subs.usera=29 ORDER BY subs.birth LIMIT 5  [ RunTime:0.000357s ]

[ 2013-06-15T04:35:53+08:00 ] 192.168.1.102 /lips/mobile.php/line/category
INFO: [ route_check ] --START--
INFO: Run CheckRoute Behavior [ RunTime:0.001498s ]
INFO: [ route_check ] --END-- [ RunTime:0.001595s ]
INFO: [ app_begin ] --START--
INFO: Run ReadHtmlCache Behavior [ RunTime:0.000861s ]
INFO: [ app_begin ] --END-- [ RunTime:0.000928s ]
SQL: SHOW COLUMNS FROM `lips_category` [ RunTime:0.002138s ]
SQL: SELECT * FROM lips_category ORDER BY listorder DESC  [ RunTime:0.000376s ]

[ 2013-06-15T04:35:53+08:00 ] 192.168.1.102 /lips/mobile.php/users/news
INFO: [ route_check ] --START--
INFO: Run CheckRoute Behavior [ RunTime:0.000742s ]
INFO: [ route_check ] --END-- [ RunTime:0.000803s ]
INFO: [ app_begin ] --START--
INFO: Run ReadHtmlCache Behavior [ RunTime:0.000766s ]
INFO: [ app_begin ] --END-- [ RunTime:0.000818s ]
SQL: SHOW COLUMNS FROM `lips_user` [ RunTime:0.003094s ]
SQL: SELECT * FROM `lips_user` WHERE ( `id` = 29 ) LIMIT 1   [ RunTime:0.000408s ]
SQL: SHOW COLUMNS FROM `lips_user` [ RunTime:0.002345s ]
SQL:  SELECT fans.birth,userb,user.uname AS userbname FROM lips_fans AS fans,lips_user AS user WHERE fans.userb=user.id  AND usera=29 ORDER BY fans.birth LIMIT 5  [ RunTime:0.000343s ]
SQL:  SELECT likes.birth,lid,userb,user.uname AS userbname,line.content AS lcon FROM lips_likes AS likes,lips_user AS user,lips_line AS line WHERE likes.userb=user.id AND likes.lid=line.id AND likes.usera=29 ORDER BY likes.birth LIMIT 5  [ RunTime:0.000255s ]
SQL:  SELECT subs.birth,cid,userb,user.uname AS userbname,clip.name AS cname FROM lips_subs AS subs,lips_user AS user,lips_clip AS clip WHERE subs.userb=user.id AND subs.cid=clip.id AND subs.usera=29 ORDER BY subs.birth LIMIT 5  [ RunTime:0.000229s ]

[ 2013-06-15T04:35:53+08:00 ] 192.168.1.102 /lips/mobile.php/users/briefinfo
INFO: [ route_check ] --START--
INFO: Run CheckRoute Behavior [ RunTime:0.000924s ]
INFO: [ route_check ] --END-- [ RunTime:0.000980s ]
INFO: [ app_begin ] --START--
INFO: Run ReadHtmlCache Behavior [ RunTime:0.000728s ]
INFO: [ app_begin ] --END-- [ RunTime:0.000787s ]
SQL: SHOW COLUMNS FROM `lips_user` [ RunTime:0.003226s ]
SQL: SELECT * FROM `lips_user` WHERE ( `id` = 29 ) LIMIT 1   [ RunTime:0.000453s ]
SQL: SHOW COLUMNS FROM `lips_user` [ RunTime:0.002436s ]
SQL: SELECT user.id,user.uname,user.udesc,user.gender,user.grade,
             (SELECT count(id) from lips_fans where usera=29) AS followers,
             (SELECT count(id) from lips_fans where userb=29) AS following
             FROM lips_user AS user WHERE user.id=29 [ RunTime:0.000462s ]

[ 2013-06-15T04:37:11+08:00 ] 192.168.1.102 /lips/mobile.php/users/news
INFO: [ route_check ] --START--
INFO: Run CheckRoute Behavior [ RunTime:0.000566s ]
INFO: [ route_check ] --END-- [ RunTime:0.000621s ]
INFO: [ app_begin ] --START--
INFO: Run ReadHtmlCache Behavior [ RunTime:0.000385s ]
INFO: [ app_begin ] --END-- [ RunTime:0.000422s ]
SQL: SHOW COLUMNS FROM `lips_user` [ RunTime:0.002284s ]
SQL: SELECT * FROM `lips_user` WHERE ( `id` = 29 ) LIMIT 1   [ RunTime:0.000385s ]
SQL: SHOW COLUMNS FROM `lips_user` [ RunTime:0.002146s ]
SQL:  SELECT fans.birth,userb,user.uname AS userbname FROM lips_fans AS fans,lips_user AS user WHERE fans.userb=user.id  AND usera=29 ORDER BY fans.birth LIMIT 5  [ RunTime:0.000390s ]
SQL:  SELECT likes.birth,lid,userb,user.uname AS userbname,line.content AS lcon FROM lips_likes AS likes,lips_user AS user,lips_line AS line WHERE likes.userb=user.id AND likes.lid=line.id AND likes.usera=29 ORDER BY likes.birth LIMIT 5  [ RunTime:0.000309s ]
SQL:  SELECT subs.birth,cid,userb,user.uname AS userbname,clip.name AS cname FROM lips_subs AS subs,lips_user AS user,lips_clip AS clip WHERE subs.userb=user.id AND subs.cid=clip.id AND subs.usera=29 ORDER BY subs.birth LIMIT 5  [ RunTime:0.000297s ]

[ 2013-06-15T04:37:14+08:00 ] 192.168.1.102 /lips/mobile.php/line/category
INFO: [ route_check ] --START--
INFO: Run CheckRoute Behavior [ RunTime:0.000624s ]
INFO: [ route_check ] --END-- [ RunTime:0.000699s ]
INFO: [ app_begin ] --START--
INFO: Run ReadHtmlCache Behavior [ RunTime:0.000626s ]
INFO: [ app_begin ] --END-- [ RunTime:0.000690s ]
SQL: SHOW COLUMNS FROM `lips_category` [ RunTime:0.059438s ]
SQL: SELECT * FROM lips_category ORDER BY listorder DESC  [ RunTime:0.000396s ]

[ 2013-06-15T04:37:14+08:00 ] 192.168.1.102 /lips/mobile.php/users/briefinfo
INFO: [ route_check ] --START--
INFO: Run CheckRoute Behavior [ RunTime:0.001441s ]
INFO: [ route_check ] --END-- [ RunTime:0.001530s ]
INFO: [ app_begin ] --START--
INFO: Run ReadHtmlCache Behavior [ RunTime:0.000848s ]
INFO: [ app_begin ] --END-- [ RunTime:0.000945s ]
SQL: SHOW COLUMNS FROM `lips_user` [ RunTime:0.064530s ]
SQL: SELECT * FROM `lips_user` WHERE ( `id` = 29 ) LIMIT 1   [ RunTime:0.000351s ]
SQL: SHOW COLUMNS FROM `lips_user` [ RunTime:0.003182s ]
SQL: SELECT user.id,user.uname,user.udesc,user.gender,user.grade,
             (SELECT count(id) from lips_fans where usera=29) AS followers,
             (SELECT count(id) from lips_fans where userb=29) AS following
             FROM lips_user AS user WHERE user.id=29 [ RunTime:0.000494s ]

[ 2013-06-15T05:18:58+08:00 ] 192.168.1.102 /lips/mobile.php/line/category
INFO: [ route_check ] --START--
INFO: Run CheckRoute Behavior [ RunTime:0.001488s ]
INFO: [ route_check ] --END-- [ RunTime:0.001581s ]
INFO: [ app_begin ] --START--
INFO: Run ReadHtmlCache Behavior [ RunTime:0.000835s ]
INFO: [ app_begin ] --END-- [ RunTime:0.000899s ]
SQL: SHOW COLUMNS FROM `lips_category` [ RunTime:0.002697s ]
SQL: SELECT * FROM lips_category ORDER BY listorder DESC  [ RunTime:0.000358s ]

[ 2013-06-15T05:19:11+08:00 ] 192.168.1.102 /lips/mobile.php/line/category
INFO: [ route_check ] --START--
INFO: Run CheckRoute Behavior [ RunTime:0.000921s ]
INFO: [ route_check ] --END-- [ RunTime:0.001007s ]
INFO: [ app_begin ] --START--
INFO: Run ReadHtmlCache Behavior [ RunTime:0.000672s ]
INFO: [ app_begin ] --END-- [ RunTime:0.000735s ]
SQL: SHOW COLUMNS FROM `lips_category` [ RunTime:0.002567s ]
SQL: SELECT * FROM lips_category ORDER BY listorder DESC  [ RunTime:0.000458s ]

[ 2013-06-15T05:20:36+08:00 ] 192.168.1.102 /lips/mobile.php/line/category
INFO: [ route_check ] --START--
INFO: Run CheckRoute Behavior [ RunTime:0.000889s ]
INFO: [ route_check ] --END-- [ RunTime:0.000980s ]
INFO: [ app_begin ] --START--
INFO: Run ReadHtmlCache Behavior [ RunTime:0.000626s ]
INFO: [ app_begin ] --END-- [ RunTime:0.000689s ]
SQL: SHOW COLUMNS FROM `lips_category` [ RunTime:0.014877s ]
SQL: SELECT * FROM lips_category ORDER BY listorder DESC  [ RunTime:0.000620s ]

[ 2013-06-15T05:20:36+08:00 ] 192.168.1.102 /lips/mobile.php/users/briefinfo
INFO: [ route_check ] --START--
INFO: Run CheckRoute Behavior [ RunTime:0.001500s ]
INFO: [ route_check ] --END-- [ RunTime:0.001580s ]
INFO: [ app_begin ] --START--
INFO: Run ReadHtmlCache Behavior [ RunTime:0.000870s ]
INFO: [ app_begin ] --END-- [ RunTime:0.000939s ]
SQL: SHOW COLUMNS FROM `lips_user` [ RunTime:0.009050s ]
SQL: SELECT * FROM `lips_user` WHERE ( `id` = 29 ) LIMIT 1   [ RunTime:0.000602s ]
SQL: SHOW COLUMNS FROM `lips_user` [ RunTime:0.004127s ]
SQL: SELECT user.id,user.uname,user.udesc,user.gender,user.grade,
             (SELECT count(id) from lips_fans where usera=29) AS followers,
             (SELECT count(id) from lips_fans where userb=29) AS following
             FROM lips_user AS user WHERE user.id=29 [ RunTime:0.000549s ]

[ 2013-06-15T05:20:36+08:00 ] 192.168.1.102 /lips/mobile.php/users/news
INFO: [ route_check ] --START--
INFO: Run CheckRoute Behavior [ RunTime:0.001400s ]
INFO: [ route_check ] --END-- [ RunTime:0.001482s ]
INFO: [ app_begin ] --START--
INFO: Run ReadHtmlCache Behavior [ RunTime:0.000829s ]
INFO: [ app_begin ] --END-- [ RunTime:0.000892s ]
SQL: SHOW COLUMNS FROM `lips_user` [ RunTime:0.011691s ]
SQL: SELECT * FROM `lips_user` WHERE ( `id` = 29 ) LIMIT 1   [ RunTime:0.000519s ]
SQL: SHOW COLUMNS FROM `lips_user` [ RunTime:0.004174s ]
SQL:  SELECT fans.birth,userb,user.uname AS userbname FROM lips_fans AS fans,lips_user AS user WHERE fans.userb=user.id  AND usera=29 ORDER BY fans.birth LIMIT 5  [ RunTime:0.000517s ]
SQL:  SELECT likes.birth,lid,userb,user.uname AS userbname,line.content AS lcon FROM lips_likes AS likes,lips_user AS user,lips_line AS line WHERE likes.userb=user.id AND likes.lid=line.id AND likes.usera=29 ORDER BY likes.birth LIMIT 5  [ RunTime:0.000421s ]
SQL:  SELECT subs.birth,cid,userb,user.uname AS userbname,clip.name AS cname FROM lips_subs AS subs,lips_user AS user,lips_clip AS clip WHERE subs.userb=user.id AND subs.cid=clip.id AND subs.usera=29 ORDER BY subs.birth LIMIT 5  [ RunTime:0.000494s ]

[ 2013-06-15T05:21:44+08:00 ] 192.168.1.102 /lips/mobile.php/users/news
INFO: [ route_check ] --START--
INFO: Run CheckRoute Behavior [ RunTime:0.000947s ]
INFO: [ route_check ] --END-- [ RunTime:0.001009s ]
INFO: [ app_begin ] --START--
INFO: Run ReadHtmlCache Behavior [ RunTime:0.000561s ]
INFO: [ app_begin ] --END-- [ RunTime:0.000613s ]
SQL: SHOW COLUMNS FROM `lips_user` [ RunTime:0.002854s ]
SQL: SELECT * FROM `lips_user` WHERE ( `id` = 29 ) LIMIT 1   [ RunTime:0.000365s ]
SQL: SHOW COLUMNS FROM `lips_user` [ RunTime:0.002639s ]
SQL:  SELECT fans.birth,userb,user.uname AS userbname FROM lips_fans AS fans,lips_user AS user WHERE fans.userb=user.id  AND usera=29 ORDER BY fans.birth LIMIT 5  [ RunTime:0.000472s ]
SQL:  SELECT likes.birth,lid,userb,user.uname AS userbname,line.content AS lcon FROM lips_likes AS likes,lips_user AS user,lips_line AS line WHERE likes.userb=user.id AND likes.lid=line.id AND likes.usera=29 ORDER BY likes.birth LIMIT 5  [ RunTime:0.000262s ]
SQL:  SELECT subs.birth,cid,userb,user.uname AS userbname,clip.name AS cname FROM lips_subs AS subs,lips_user AS user,lips_clip AS clip WHERE subs.userb=user.id AND subs.cid=clip.id AND subs.usera=29 ORDER BY subs.birth LIMIT 5  [ RunTime:0.000269s ]

[ 2013-06-15T05:21:47+08:00 ] 192.168.1.102 /lips/mobile.php/users/briefinfo
INFO: [ route_check ] --START--
INFO: Run CheckRoute Behavior [ RunTime:0.000974s ]
INFO: [ route_check ] --END-- [ RunTime:0.001063s ]
INFO: [ app_begin ] --START--
INFO: Run ReadHtmlCache Behavior [ RunTime:0.000669s ]
INFO: [ app_begin ] --END-- [ RunTime:0.000724s ]
SQL: SHOW COLUMNS FROM `lips_user` [ RunTime:0.003000s ]
SQL: SELECT * FROM `lips_user` WHERE ( `id` = 29 ) LIMIT 1   [ RunTime:0.000431s ]
SQL: SHOW COLUMNS FROM `lips_user` [ RunTime:0.002759s ]
SQL: SELECT user.id,user.uname,user.udesc,user.gender,user.grade,
             (SELECT count(id) from lips_fans where usera=29) AS followers,
             (SELECT count(id) from lips_fans where userb=29) AS following
             FROM lips_user AS user WHERE user.id=29 [ RunTime:0.000398s ]

[ 2013-06-15T05:21:47+08:00 ] 192.168.1.102 /lips/mobile.php/line/category
INFO: [ route_check ] --START--
INFO: Run CheckRoute Behavior [ RunTime:0.001030s ]
INFO: [ route_check ] --END-- [ RunTime:0.001094s ]
INFO: [ app_begin ] --START--
INFO: Run ReadHtmlCache Behavior [ RunTime:0.000746s ]
INFO: [ app_begin ] --END-- [ RunTime:0.000806s ]
SQL: SHOW COLUMNS FROM `lips_category` [ RunTime:0.002970s ]
SQL: SELECT * FROM lips_category ORDER BY listorder DESC  [ RunTime:0.000320s ]

[ 2013-06-15T05:22:30+08:00 ] 192.168.1.102 /lips/mobile.php/line/category
INFO: [ route_check ] --START--
INFO: Run CheckRoute Behavior [ RunTime:0.000612s ]
INFO: [ route_check ] --END-- [ RunTime:0.000674s ]
INFO: [ app_begin ] --START--
INFO: Run ReadHtmlCache Behavior [ RunTime:0.000421s ]
INFO: [ app_begin ] --END-- [ RunTime:0.000462s ]
SQL: SHOW COLUMNS FROM `lips_category` [ RunTime:0.004095s ]
SQL: SELECT * FROM lips_category ORDER BY listorder DESC  [ RunTime:0.000386s ]

[ 2013-06-15T05:22:30+08:00 ] 192.168.1.102 /lips/mobile.php/users/briefinfo
INFO: [ route_check ] --START--
INFO: Run CheckRoute Behavior [ RunTime:0.000860s ]
INFO: [ route_check ] --END-- [ RunTime:0.000932s ]
INFO: [ app_begin ] --START--
INFO: Run ReadHtmlCache Behavior [ RunTime:0.000485s ]
INFO: [ app_begin ] --END-- [ RunTime:0.000529s ]
SQL: SHOW COLUMNS FROM `lips_user` [ RunTime:0.002679s ]
SQL: SELECT * FROM `lips_user` WHERE ( `id` = 29 ) LIMIT 1   [ RunTime:0.000359s ]
SQL: SHOW COLUMNS FROM `lips_user` [ RunTime:0.002241s ]
SQL: SELECT user.id,user.uname,user.udesc,user.gender,user.grade,
             (SELECT count(id) from lips_fans where usera=29) AS followers,
             (SELECT count(id) from lips_fans where userb=29) AS following
             FROM lips_user AS user WHERE user.id=29 [ RunTime:0.000480s ]

[ 2013-06-15T05:22:30+08:00 ] 192.168.1.102 /lips/mobile.php/users/news
INFO: [ route_check ] --START--
INFO: Run CheckRoute Behavior [ RunTime:0.000983s ]
INFO: [ route_check ] --END-- [ RunTime:0.001072s ]
INFO: [ app_begin ] --START--
INFO: Run ReadHtmlCache Behavior [ RunTime:0.000657s ]
INFO: [ app_begin ] --END-- [ RunTime:0.000721s ]
SQL: SHOW COLUMNS FROM `lips_user` [ RunTime:0.003437s ]
SQL: SELECT * FROM `lips_user` WHERE ( `id` = 29 ) LIMIT 1   [ RunTime:0.000357s ]
SQL: SHOW COLUMNS FROM `lips_user` [ RunTime:0.003399s ]
SQL:  SELECT fans.birth,userb,user.uname AS userbname FROM lips_fans AS fans,lips_user AS user WHERE fans.userb=user.id  AND usera=29 ORDER BY fans.birth LIMIT 5  [ RunTime:0.000399s ]
SQL:  SELECT likes.birth,lid,userb,user.uname AS userbname,line.content AS lcon FROM lips_likes AS likes,lips_user AS user,lips_line AS line WHERE likes.userb=user.id AND likes.lid=line.id AND likes.usera=29 ORDER BY likes.birth LIMIT 5  [ RunTime:0.000484s ]
SQL:  SELECT subs.birth,cid,userb,user.uname AS userbname,clip.name AS cname FROM lips_subs AS subs,lips_user AS user,lips_clip AS clip WHERE subs.userb=user.id AND subs.cid=clip.id AND subs.usera=29 ORDER BY subs.birth LIMIT 5  [ RunTime:0.000799s ]

[ 2013-06-15T05:23:57+08:00 ] 192.168.1.102 /lips/mobile.php/users/news
INFO: [ route_check ] --START--
INFO: Run CheckRoute Behavior [ RunTime:0.001444s ]
INFO: [ route_check ] --END-- [ RunTime:0.001533s ]
INFO: [ app_begin ] --START--
INFO: Run ReadHtmlCache Behavior [ RunTime:0.000836s ]
INFO: [ app_begin ] --END-- [ RunTime:0.000903s ]
SQL: SHOW COLUMNS FROM `lips_user` [ RunTime:0.061737s ]
SQL: SELECT * FROM `lips_user` WHERE ( `id` = 29 ) LIMIT 1   [ RunTime:0.000572s ]
SQL: SHOW COLUMNS FROM `lips_user` [ RunTime:0.002570s ]
SQL:  SELECT fans.birth,userb,user.uname AS userbname FROM lips_fans AS fans,lips_user AS user WHERE fans.userb=user.id  AND usera=29 ORDER BY fans.birth LIMIT 5  [ RunTime:0.000369s ]
SQL:  SELECT likes.birth,lid,userb,user.uname AS userbname,line.content AS lcon FROM lips_likes AS likes,lips_user AS user,lips_line AS line WHERE likes.userb=user.id AND likes.lid=line.id AND likes.usera=29 ORDER BY likes.birth LIMIT 5  [ RunTime:0.000259s ]
SQL:  SELECT subs.birth,cid,userb,user.uname AS userbname,clip.name AS cname FROM lips_subs AS subs,lips_user AS user,lips_clip AS clip WHERE subs.userb=user.id AND subs.cid=clip.id AND subs.usera=29 ORDER BY subs.birth LIMIT 5  [ RunTime:0.000261s ]

[ 2013-06-15T05:24:00+08:00 ] 192.168.1.102 /lips/mobile.php/line/category
INFO: [ route_check ] --START--
INFO: Run CheckRoute Behavior [ RunTime:0.001383s ]
INFO: [ route_check ] --END-- [ RunTime:0.001472s ]
INFO: [ app_begin ] --START--
INFO: Run ReadHtmlCache Behavior [ RunTime:0.000904s ]
INFO: [ app_begin ] --END-- [ RunTime:0.000972s ]
SQL: SHOW COLUMNS FROM `lips_category` [ RunTime:0.002999s ]
SQL: SELECT * FROM lips_category ORDER BY listorder DESC  [ RunTime:0.000435s ]

[ 2013-06-15T05:24:00+08:00 ] 192.168.1.102 /lips/mobile.php/users/briefinfo
INFO: [ route_check ] --START--
INFO: Run CheckRoute Behavior [ RunTime:0.001079s ]
INFO: [ route_check ] --END-- [ RunTime:0.001152s ]
INFO: [ app_begin ] --START--
INFO: Run ReadHtmlCache Behavior [ RunTime:0.000801s ]
INFO: [ app_begin ] --END-- [ RunTime:0.000870s ]
SQL: SHOW COLUMNS FROM `lips_user` [ RunTime:0.005189s ]
SQL: SELECT * FROM `lips_user` WHERE ( `id` = 29 ) LIMIT 1   [ RunTime:0.000402s ]
SQL: SHOW COLUMNS FROM `lips_user` [ RunTime:0.003496s ]
SQL: SELECT user.id,user.uname,user.udesc,user.gender,user.grade,
             (SELECT count(id) from lips_fans where usera=29) AS followers,
             (SELECT count(id) from lips_fans where userb=29) AS following
             FROM lips_user AS user WHERE user.id=29 [ RunTime:0.000504s ]

[ 2013-06-15T05:25:05+08:00 ] 192.168.1.102 /lips/mobile.php/users/briefinfo
INFO: [ route_check ] --START--
INFO: Run CheckRoute Behavior [ RunTime:0.000751s ]
INFO: [ route_check ] --END-- [ RunTime:0.000824s ]
INFO: [ app_begin ] --START--
INFO: Run ReadHtmlCache Behavior [ RunTime:0.000444s ]
INFO: [ app_begin ] --END-- [ RunTime:0.000484s ]
SQL: SHOW COLUMNS FROM `lips_user` [ RunTime:0.002413s ]
SQL: SELECT * FROM `lips_user` WHERE ( `id` = 29 ) LIMIT 1   [ RunTime:0.000379s ]
SQL: SHOW COLUMNS FROM `lips_user` [ RunTime:0.002334s ]
SQL: SELECT user.id,user.uname,user.udesc,user.gender,user.grade,
             (SELECT count(id) from lips_fans where usera=29) AS followers,
             (SELECT count(id) from lips_fans where userb=29) AS following
             FROM lips_user AS user WHERE user.id=29 [ RunTime:0.000407s ]

[ 2013-06-15T05:25:08+08:00 ] 192.168.1.102 /lips/mobile.php/line/category
INFO: [ route_check ] --START--
INFO: Run CheckRoute Behavior [ RunTime:0.000838s ]
INFO: [ route_check ] --END-- [ RunTime:0.000917s ]
INFO: [ app_begin ] --START--
INFO: Run ReadHtmlCache Behavior [ RunTime:0.000578s ]
INFO: [ app_begin ] --END-- [ RunTime:0.000632s ]
SQL: SHOW COLUMNS FROM `lips_category` [ RunTime:0.016501s ]
SQL: SELECT * FROM lips_category ORDER BY listorder DESC  [ RunTime:0.000406s ]

[ 2013-06-15T05:25:08+08:00 ] 192.168.1.102 /lips/mobile.php/users/news
INFO: [ route_check ] --START--
INFO: Run CheckRoute Behavior [ RunTime:0.000593s ]
INFO: [ route_check ] --END-- [ RunTime:0.000647s ]
INFO: [ app_begin ] --START--
INFO: Run ReadHtmlCache Behavior [ RunTime:0.000450s ]
INFO: [ app_begin ] --END-- [ RunTime:0.000493s ]
SQL: SHOW COLUMNS FROM `lips_user` [ RunTime:0.006209s ]
SQL: SELECT * FROM `lips_user` WHERE ( `id` = 29 ) LIMIT 1   [ RunTime:0.000333s ]
SQL: SHOW COLUMNS FROM `lips_user` [ RunTime:0.003203s ]
SQL:  SELECT fans.birth,userb,user.uname AS userbname FROM lips_fans AS fans,lips_user AS user WHERE fans.userb=user.id  AND usera=29 ORDER BY fans.birth LIMIT 5  [ RunTime:0.000479s ]
SQL:  SELECT likes.birth,lid,userb,user.uname AS userbname,line.content AS lcon FROM lips_likes AS likes,lips_user AS user,lips_line AS line WHERE likes.userb=user.id AND likes.lid=line.id AND likes.usera=29 ORDER BY likes.birth LIMIT 5  [ RunTime:0.000329s ]
SQL:  SELECT subs.birth,cid,userb,user.uname AS userbname,clip.name AS cname FROM lips_subs AS subs,lips_user AS user,lips_clip AS clip WHERE subs.userb=user.id AND subs.cid=clip.id AND subs.usera=29 ORDER BY subs.birth LIMIT 5  [ RunTime:0.000472s ]

[ 2013-06-15T05:25:57+08:00 ] 192.168.1.102 /lips/mobile.php/line/category
INFO: [ route_check ] --START--
INFO: Run CheckRoute Behavior [ RunTime:0.000915s ]
INFO: [ route_check ] --END-- [ RunTime:0.001002s ]
INFO: [ app_begin ] --START--
INFO: Run ReadHtmlCache Behavior [ RunTime:0.000652s ]
INFO: [ app_begin ] --END-- [ RunTime:0.000716s ]
SQL: SHOW COLUMNS FROM `lips_category` [ RunTime:0.073130s ]
SQL: SELECT * FROM lips_category ORDER BY listorder DESC  [ RunTime:0.000345s ]

[ 2013-06-15T05:25:57+08:00 ] 192.168.1.102 /lips/mobile.php/users/briefinfo
INFO: [ route_check ] --START--
INFO: Run CheckRoute Behavior [ RunTime:0.001137s ]
INFO: [ route_check ] --END-- [ RunTime:0.001216s ]
INFO: [ app_begin ] --START--
INFO: Run ReadHtmlCache Behavior [ RunTime:0.000650s ]
INFO: [ app_begin ] --END-- [ RunTime:0.000713s ]
SQL: SHOW COLUMNS FROM `lips_user` [ RunTime:0.068579s ]
SQL: SELECT * FROM `lips_user` WHERE ( `id` = 29 ) LIMIT 1   [ RunTime:0.000722s ]
SQL: SHOW COLUMNS FROM `lips_user` [ RunTime:0.003854s ]
SQL: SELECT user.id,user.uname,user.udesc,user.gender,user.grade,
             (SELECT count(id) from lips_fans where usera=29) AS followers,
             (SELECT count(id) from lips_fans where userb=29) AS following
             FROM lips_user AS user WHERE user.id=29 [ RunTime:0.000552s ]

[ 2013-06-15T05:25:57+08:00 ] 192.168.1.102 /lips/mobile.php/users/news
INFO: [ route_check ] --START--
INFO: Run CheckRoute Behavior [ RunTime:0.000940s ]
INFO: [ route_check ] --END-- [ RunTime:0.001023s ]
INFO: [ app_begin ] --START--
INFO: Run ReadHtmlCache Behavior [ RunTime:0.000947s ]
INFO: [ app_begin ] --END-- [ RunTime:0.001012s ]
SQL: SHOW COLUMNS FROM `lips_user` [ RunTime:0.070400s ]
SQL: SELECT * FROM `lips_user` WHERE ( `id` = 29 ) LIMIT 1   [ RunTime:0.000581s ]
SQL: SHOW COLUMNS FROM `lips_user` [ RunTime:0.003327s ]
SQL:  SELECT fans.birth,userb,user.uname AS userbname FROM lips_fans AS fans,lips_user AS user WHERE fans.userb=user.id  AND usera=29 ORDER BY fans.birth LIMIT 5  [ RunTime:0.000477s ]
SQL:  SELECT likes.birth,lid,userb,user.uname AS userbname,line.content AS lcon FROM lips_likes AS likes,lips_user AS user,lips_line AS line WHERE likes.userb=user.id AND likes.lid=line.id AND likes.usera=29 ORDER BY likes.birth LIMIT 5  [ RunTime:0.000495s ]
SQL:  SELECT subs.birth,cid,userb,user.uname AS userbname,clip.name AS cname FROM lips_subs AS subs,lips_user AS user,lips_clip AS clip WHERE subs.userb=user.id AND subs.cid=clip.id AND subs.usera=29 ORDER BY subs.birth LIMIT 5  [ RunTime:0.000769s ]

[ 2013-06-15T05:29:09+08:00 ] 192.168.1.102 /lips/mobile.php/users/news
INFO: [ route_check ] --START--
INFO: Run CheckRoute Behavior [ RunTime:0.001318s ]
INFO: [ route_check ] --END-- [ RunTime:0.001409s ]
INFO: [ app_begin ] --START--
INFO: Run ReadHtmlCache Behavior [ RunTime:0.000743s ]
INFO: [ app_begin ] --END-- [ RunTime:0.000802s ]
SQL: SHOW COLUMNS FROM `lips_user` [ RunTime:0.002523s ]
SQL: SELECT * FROM `lips_user` WHERE ( `id` = 29 ) LIMIT 1   [ RunTime:0.000348s ]
SQL: SHOW COLUMNS FROM `lips_user` [ RunTime:0.002653s ]
SQL:  SELECT fans.birth,userb,user.uname AS userbname FROM lips_fans AS fans,lips_user AS user WHERE fans.userb=user.id  AND usera=29 ORDER BY fans.birth LIMIT 5  [ RunTime:0.000353s ]
SQL:  SELECT likes.birth,lid,userb,user.uname AS userbname,line.content AS lcon FROM lips_likes AS likes,lips_user AS user,lips_line AS line WHERE likes.userb=user.id AND likes.lid=line.id AND likes.usera=29 ORDER BY likes.birth LIMIT 5  [ RunTime:0.000267s ]
SQL:  SELECT subs.birth,cid,userb,user.uname AS userbname,clip.name AS cname FROM lips_subs AS subs,lips_user AS user,lips_clip AS clip WHERE subs.userb=user.id AND subs.cid=clip.id AND subs.usera=29 ORDER BY subs.birth LIMIT 5  [ RunTime:0.000232s ]

[ 2013-06-15T05:29:12+08:00 ] 192.168.1.102 /lips/mobile.php/line/category
INFO: [ route_check ] --START--
INFO: Run CheckRoute Behavior [ RunTime:0.000998s ]
INFO: [ route_check ] --END-- [ RunTime:0.001121s ]
INFO: [ app_begin ] --START--
INFO: Run ReadHtmlCache Behavior [ RunTime:0.000925s ]
INFO: [ app_begin ] --END-- [ RunTime:0.001020s ]
SQL: SHOW COLUMNS FROM `lips_category` [ RunTime:0.003056s ]
SQL: SELECT * FROM lips_category ORDER BY listorder DESC  [ RunTime:0.000475s ]

[ 2013-06-15T05:29:12+08:00 ] 192.168.1.102 /lips/mobile.php/users/briefinfo
INFO: [ route_check ] --START--
INFO: Run CheckRoute Behavior [ RunTime:0.000949s ]
INFO: [ route_check ] --END-- [ RunTime:0.001063s ]
INFO: [ app_begin ] --START--
INFO: Run ReadHtmlCache Behavior [ RunTime:0.000637s ]
INFO: [ app_begin ] --END-- [ RunTime:0.000708s ]
SQL: SHOW COLUMNS FROM `lips_user` [ RunTime:0.003105s ]
SQL: SELECT * FROM `lips_user` WHERE ( `id` = 29 ) LIMIT 1   [ RunTime:0.000482s ]
SQL: SHOW COLUMNS FROM `lips_user` [ RunTime:0.004883s ]
SQL: SELECT user.id,user.uname,user.udesc,user.gender,user.grade,
             (SELECT count(id) from lips_fans where usera=29) AS followers,
             (SELECT count(id) from lips_fans where userb=29) AS following
             FROM lips_user AS user WHERE user.id=29 [ RunTime:0.000511s ]

[ 2013-06-15T05:33:56+08:00 ] 192.168.1.102 /lips/mobile.php/users/news
INFO: [ route_check ] --START--
INFO: Run CheckRoute Behavior [ RunTime:0.000875s ]
INFO: [ route_check ] --END-- [ RunTime:0.000933s ]
INFO: [ app_begin ] --START--
INFO: Run ReadHtmlCache Behavior [ RunTime:0.000526s ]
INFO: [ app_begin ] --END-- [ RunTime:0.000567s ]
SQL: SHOW COLUMNS FROM `lips_user` [ RunTime:0.002408s ]
SQL: SELECT * FROM `lips_user` WHERE ( `id` = 29 ) LIMIT 1   [ RunTime:0.000360s ]
SQL: SHOW COLUMNS FROM `lips_user` [ RunTime:0.002137s ]
SQL:  SELECT fans.birth,userb,user.uname AS userbname FROM lips_fans AS fans,lips_user AS user WHERE fans.userb=user.id  AND usera=29 ORDER BY fans.birth LIMIT 5  [ RunTime:0.000336s ]
SQL:  SELECT likes.birth,lid,userb,user.uname AS userbname,line.content AS lcon FROM lips_likes AS likes,lips_user AS user,lips_line AS line WHERE likes.userb=user.id AND likes.lid=line.id AND likes.usera=29 ORDER BY likes.birth LIMIT 5  [ RunTime:0.000247s ]
SQL:  SELECT subs.birth,cid,userb,user.uname AS userbname,clip.name AS cname FROM lips_subs AS subs,lips_user AS user,lips_clip AS clip WHERE subs.userb=user.id AND subs.cid=clip.id AND subs.usera=29 ORDER BY subs.birth LIMIT 5  [ RunTime:0.000243s ]

[ 2013-06-15T05:33:59+08:00 ] 192.168.1.102 /lips/mobile.php/line/category
INFO: [ route_check ] --START--
INFO: Run CheckRoute Behavior [ RunTime:0.000600s ]
INFO: [ route_check ] --END-- [ RunTime:0.000660s ]
INFO: [ app_begin ] --START--
INFO: Run ReadHtmlCache Behavior [ RunTime:0.000419s ]
INFO: [ app_begin ] --END-- [ RunTime:0.000460s ]
SQL: SHOW COLUMNS FROM `lips_category` [ RunTime:0.002832s ]
SQL: SELECT * FROM lips_category ORDER BY listorder DESC  [ RunTime:0.000351s ]

[ 2013-06-15T05:33:59+08:00 ] 192.168.1.102 /lips/mobile.php/users/briefinfo
INFO: [ route_check ] --START--
INFO: Run CheckRoute Behavior [ RunTime:0.000921s ]
INFO: [ route_check ] --END-- [ RunTime:0.000975s ]
INFO: [ app_begin ] --START--
INFO: Run ReadHtmlCache Behavior [ RunTime:0.000536s ]
INFO: [ app_begin ] --END-- [ RunTime:0.000578s ]
SQL: SHOW COLUMNS FROM `lips_user` [ RunTime:0.002466s ]
SQL: SELECT * FROM `lips_user` WHERE ( `id` = 29 ) LIMIT 1   [ RunTime:0.000363s ]
SQL: SHOW COLUMNS FROM `lips_user` [ RunTime:0.002236s ]
SQL: SELECT user.id,user.uname,user.udesc,user.gender,user.grade,
             (SELECT count(id) from lips_fans where usera=29) AS followers,
             (SELECT count(id) from lips_fans where userb=29) AS following
             FROM lips_user AS user WHERE user.id=29 [ RunTime:0.000393s ]

[ 2013-06-15T05:43:24+08:00 ] 192.168.1.102 /lips/mobile.php/users/news
INFO: [ route_check ] --START--
INFO: Run CheckRoute Behavior [ RunTime:0.000949s ]
INFO: [ route_check ] --END-- [ RunTime:0.001015s ]
INFO: [ app_begin ] --START--
INFO: Run ReadHtmlCache Behavior [ RunTime:0.000555s ]
INFO: [ app_begin ] --END-- [ RunTime:0.000596s ]
SQL: SHOW COLUMNS FROM `lips_user` [ RunTime:0.002656s ]
SQL: SELECT * FROM `lips_user` WHERE ( `id` = 29 ) LIMIT 1   [ RunTime:0.000486s ]
SQL: SHOW COLUMNS FROM `lips_user` [ RunTime:0.002357s ]
SQL:  SELECT fans.birth,userb,user.uname AS userbname FROM lips_fans AS fans,lips_user AS user WHERE fans.userb=user.id  AND usera=29 ORDER BY fans.birth LIMIT 5  [ RunTime:0.000367s ]
SQL:  SELECT likes.birth,lid,userb,user.uname AS userbname,line.content AS lcon FROM lips_likes AS likes,lips_user AS user,lips_line AS line WHERE likes.userb=user.id AND likes.lid=line.id AND likes.usera=29 ORDER BY likes.birth LIMIT 5  [ RunTime:0.000261s ]
SQL:  SELECT subs.birth,cid,userb,user.uname AS userbname,clip.name AS cname FROM lips_subs AS subs,lips_user AS user,lips_clip AS clip WHERE subs.userb=user.id AND subs.cid=clip.id AND subs.usera=29 ORDER BY subs.birth LIMIT 5  [ RunTime:0.000247s ]

[ 2013-06-15T05:43:27+08:00 ] 192.168.1.102 /lips/mobile.php/line/category
INFO: [ route_check ] --START--
INFO: Run CheckRoute Behavior [ RunTime:0.001466s ]
INFO: [ route_check ] --END-- [ RunTime:0.001547s ]
INFO: [ app_begin ] --START--
INFO: Run ReadHtmlCache Behavior [ RunTime:0.000872s ]
INFO: [ app_begin ] --END-- [ RunTime:0.000958s ]
SQL: SHOW COLUMNS FROM `lips_category` [ RunTime:0.064663s ]
SQL: SELECT * FROM lips_category ORDER BY listorder DESC  [ RunTime:0.000568s ]

[ 2013-06-15T05:43:27+08:00 ] 192.168.1.102 /lips/mobile.php/users/briefinfo
INFO: [ route_check ] --START--
INFO: Run CheckRoute Behavior [ RunTime:0.000956s ]
INFO: [ route_check ] --END-- [ RunTime:0.001024s ]
INFO: [ app_begin ] --START--
INFO: Run ReadHtmlCache Behavior [ RunTime:0.000539s ]
INFO: [ app_begin ] --END-- [ RunTime:0.000582s ]
SQL: SHOW COLUMNS FROM `lips_user` [ RunTime:0.069410s ]
SQL: SELECT * FROM `lips_user` WHERE ( `id` = 29 ) LIMIT 1   [ RunTime:0.000425s ]
SQL: SHOW COLUMNS FROM `lips_user` [ RunTime:0.002998s ]
SQL: SELECT user.id,user.uname,user.udesc,user.gender,user.grade,
             (SELECT count(id) from lips_fans where usera=29) AS followers,
             (SELECT count(id) from lips_fans where userb=29) AS following
             FROM lips_user AS user WHERE user.id=29 [ RunTime:0.000683s ]

[ 2013-06-15T05:44:43+08:00 ] 192.168.1.102 /lips/mobile.php/line/category
INFO: [ route_check ] --START--
INFO: Run CheckRoute Behavior [ RunTime:0.000918s ]
INFO: [ route_check ] --END-- [ RunTime:0.001008s ]
INFO: [ app_begin ] --START--
INFO: Run ReadHtmlCache Behavior [ RunTime:0.000711s ]
INFO: [ app_begin ] --END-- [ RunTime:0.000782s ]
SQL: SHOW COLUMNS FROM `lips_category` [ RunTime:0.003108s ]
SQL: SELECT * FROM lips_category ORDER BY listorder DESC  [ RunTime:0.000391s ]

[ 2013-06-15T05:44:44+08:00 ] 192.168.1.102 /lips/mobile.php/users/briefinfo
INFO: [ route_check ] --START--
INFO: Run CheckRoute Behavior [ RunTime:0.000634s ]
INFO: [ route_check ] --END-- [ RunTime:0.000695s ]
INFO: [ app_begin ] --START--
INFO: Run ReadHtmlCache Behavior [ RunTime:0.000440s ]
INFO: [ app_begin ] --END-- [ RunTime:0.000482s ]
SQL: SHOW COLUMNS FROM `lips_user` [ RunTime:0.019711s ]
SQL: SELECT * FROM `lips_user` WHERE ( `id` = 29 ) LIMIT 1   [ RunTime:0.000373s ]
SQL: SHOW COLUMNS FROM `lips_user` [ RunTime:0.004111s ]
SQL: SELECT user.id,user.uname,user.udesc,user.gender,user.grade,
             (SELECT count(id) from lips_fans where usera=29) AS followers,
             (SELECT count(id) from lips_fans where userb=29) AS following
             FROM lips_user AS user WHERE user.id=29 [ RunTime:0.000369s ]

[ 2013-06-15T05:44:44+08:00 ] 192.168.1.102 /lips/mobile.php/users/news
INFO: [ route_check ] --START--
INFO: Run CheckRoute Behavior [ RunTime:0.000592s ]
INFO: [ route_check ] --END-- [ RunTime:0.000643s ]
INFO: [ app_begin ] --START--
INFO: Run ReadHtmlCache Behavior [ RunTime:0.000419s ]
INFO: [ app_begin ] --END-- [ RunTime:0.000459s ]
SQL: SHOW COLUMNS FROM `lips_user` [ RunTime:0.019865s ]
SQL: SELECT * FROM `lips_user` WHERE ( `id` = 29 ) LIMIT 1   [ RunTime:0.000284s ]
SQL: SHOW COLUMNS FROM `lips_user` [ RunTime:0.003867s ]
SQL:  SELECT fans.birth,userb,user.uname AS userbname FROM lips_fans AS fans,lips_user AS user WHERE fans.userb=user.id  AND usera=29 ORDER BY fans.birth LIMIT 5  [ RunTime:0.000358s ]
SQL:  SELECT likes.birth,lid,userb,user.uname AS userbname,line.content AS lcon FROM lips_likes AS likes,lips_user AS user,lips_line AS line WHERE likes.userb=user.id AND likes.lid=line.id AND likes.usera=29 ORDER BY likes.birth LIMIT 5  [ RunTime:0.000291s ]
SQL:  SELECT subs.birth,cid,userb,user.uname AS userbname,clip.name AS cname FROM lips_subs AS subs,lips_user AS user,lips_clip AS clip WHERE subs.userb=user.id AND subs.cid=clip.id AND subs.usera=29 ORDER BY subs.birth LIMIT 5  [ RunTime:0.000265s ]

[ 2013-06-15T05:45:16+08:00 ] 192.168.1.102 /lips/mobile.php/line/category
INFO: [ route_check ] --START--
INFO: Run CheckRoute Behavior [ RunTime:0.000543s ]
INFO: [ route_check ] --END-- [ RunTime:0.000600s ]
INFO: [ app_begin ] --START--
INFO: Run ReadHtmlCache Behavior [ RunTime:0.000409s ]
INFO: [ app_begin ] --END-- [ RunTime:0.000446s ]
SQL: SHOW COLUMNS FROM `lips_category` [ RunTime:0.002012s ]
SQL: SELECT * FROM lips_category ORDER BY listorder DESC  [ RunTime:0.000356s ]

[ 2013-06-15T05:45:16+08:00 ] 192.168.1.102 /lips/mobile.php/users/briefinfo
INFO: [ route_check ] --START--
INFO: Run CheckRoute Behavior [ RunTime:0.000606s ]
INFO: [ route_check ] --END-- [ RunTime:0.000670s ]
INFO: [ app_begin ] --START--
INFO: Run ReadHtmlCache Behavior [ RunTime:0.000441s ]
INFO: [ app_begin ] --END-- [ RunTime:0.000481s ]
SQL: SHOW COLUMNS FROM `lips_user` [ RunTime:0.002333s ]
SQL: SELECT * FROM `lips_user` WHERE ( `id` = 29 ) LIMIT 1   [ RunTime:0.000303s ]
SQL: SHOW COLUMNS FROM `lips_user` [ RunTime:0.062931s ]
SQL: SELECT user.id,user.uname,user.udesc,user.gender,user.grade,
             (SELECT count(id) from lips_fans where usera=29) AS followers,
             (SELECT count(id) from lips_fans where userb=29) AS following
             FROM lips_user AS user WHERE user.id=29 [ RunTime:0.000380s ]

[ 2013-06-15T05:45:16+08:00 ] 192.168.1.102 /lips/mobile.php/users/news
INFO: [ route_check ] --START--
INFO: Run CheckRoute Behavior [ RunTime:0.000908s ]
INFO: [ route_check ] --END-- [ RunTime:0.000992s ]
INFO: [ app_begin ] --START--
INFO: Run ReadHtmlCache Behavior [ RunTime:0.000641s ]
INFO: [ app_begin ] --END-- [ RunTime:0.000704s ]
SQL: SHOW COLUMNS FROM `lips_user` [ RunTime:0.062039s ]
SQL: SELECT * FROM `lips_user` WHERE ( `id` = 29 ) LIMIT 1   [ RunTime:0.000313s ]
SQL: SHOW COLUMNS FROM `lips_user` [ RunTime:0.002605s ]
SQL:  SELECT fans.birth,userb,user.uname AS userbname FROM lips_fans AS fans,lips_user AS user WHERE fans.userb=user.id  AND usera=29 ORDER BY fans.birth LIMIT 5  [ RunTime:0.000386s ]
SQL:  SELECT likes.birth,lid,userb,user.uname AS userbname,line.content AS lcon FROM lips_likes AS likes,lips_user AS user,lips_line AS line WHERE likes.userb=user.id AND likes.lid=line.id AND likes.usera=29 ORDER BY likes.birth LIMIT 5  [ RunTime:0.000300s ]
SQL:  SELECT subs.birth,cid,userb,user.uname AS userbname,clip.name AS cname FROM lips_subs AS subs,lips_user AS user,lips_clip AS clip WHERE subs.userb=user.id AND subs.cid=clip.id AND subs.usera=29 ORDER BY subs.birth LIMIT 5  [ RunTime:0.000289s ]

[ 2013-06-15T05:53:39+08:00 ] 192.168.1.102 /lips/mobile.php/line/category
INFO: [ route_check ] --START--
INFO: Run CheckRoute Behavior [ RunTime:0.000941s ]
INFO: [ route_check ] --END-- [ RunTime:0.001005s ]
INFO: [ app_begin ] --START--
INFO: Run ReadHtmlCache Behavior [ RunTime:0.000582s ]
INFO: [ app_begin ] --END-- [ RunTime:0.000633s ]
SQL: SHOW COLUMNS FROM `lips_category` [ RunTime:0.002357s ]
SQL: SELECT * FROM lips_category ORDER BY listorder DESC  [ RunTime:0.000344s ]

[ 2013-06-15T05:53:39+08:00 ] 192.168.1.102 /lips/mobile.php/users/briefinfo
INFO: [ route_check ] --START--
INFO: Run CheckRoute Behavior [ RunTime:0.001193s ]
INFO: [ route_check ] --END-- [ RunTime:0.001257s ]
INFO: [ app_begin ] --START--
INFO: Run ReadHtmlCache Behavior [ RunTime:0.000568s ]
INFO: [ app_begin ] --END-- [ RunTime:0.000611s ]
SQL: SHOW COLUMNS FROM `lips_user` [ RunTime:0.072530s ]
SQL: SELECT * FROM `lips_user` WHERE ( `id` = 29 ) LIMIT 1   [ RunTime:0.000428s ]
SQL: SHOW COLUMNS FROM `lips_user` [ RunTime:0.003680s ]
SQL: SELECT user.id,user.uname,user.udesc,user.gender,user.grade,
             (SELECT count(id) from lips_fans where usera=29) AS followers,
             (SELECT count(id) from lips_fans where userb=29) AS following
             FROM lips_user AS user WHERE user.id=29 [ RunTime:0.000480s ]

[ 2013-06-15T05:53:39+08:00 ] 192.168.1.102 /lips/mobile.php/users/news
INFO: [ route_check ] --START--
INFO: Run CheckRoute Behavior [ RunTime:0.001024s ]
INFO: [ route_check ] --END-- [ RunTime:0.001083s ]
INFO: [ app_begin ] --START--
INFO: Run ReadHtmlCache Behavior [ RunTime:0.000550s ]
INFO: [ app_begin ] --END-- [ RunTime:0.000591s ]
SQL: SHOW COLUMNS FROM `lips_user` [ RunTime:0.072631s ]
SQL: SELECT * FROM `lips_user` WHERE ( `id` = 29 ) LIMIT 1   [ RunTime:0.000339s ]
SQL: SHOW COLUMNS FROM `lips_user` [ RunTime:0.003659s ]
SQL:  SELECT fans.birth,userb,user.uname AS userbname FROM lips_fans AS fans,lips_user AS user WHERE fans.userb=user.id  AND usera=29 ORDER BY fans.birth LIMIT 5  [ RunTime:0.000521s ]
SQL:  SELECT likes.birth,lid,userb,user.uname AS userbname,line.content AS lcon FROM lips_likes AS likes,lips_user AS user,lips_line AS line WHERE likes.userb=user.id AND likes.lid=line.id AND likes.usera=29 ORDER BY likes.birth LIMIT 5  [ RunTime:0.000511s ]
SQL:  SELECT subs.birth,cid,userb,user.uname AS userbname,clip.name AS cname FROM lips_subs AS subs,lips_user AS user,lips_clip AS clip WHERE subs.userb=user.id AND subs.cid=clip.id AND subs.usera=29 ORDER BY subs.birth LIMIT 5  [ RunTime:0.000835s ]

[ 2013-06-15T05:54:13+08:00 ] 192.168.1.102 /lips/mobile.php/line/category
INFO: [ route_check ] --START--
INFO: Run CheckRoute Behavior [ RunTime:0.000930s ]
INFO: [ route_check ] --END-- [ RunTime:0.001022s ]
INFO: [ app_begin ] --START--
INFO: Run ReadHtmlCache Behavior [ RunTime:0.000628s ]
INFO: [ app_begin ] --END-- [ RunTime:0.000691s ]
SQL: SHOW COLUMNS FROM `lips_category` [ RunTime:0.002872s ]
SQL: SELECT * FROM lips_category ORDER BY listorder DESC  [ RunTime:0.000504s ]

[ 2013-06-15T05:54:13+08:00 ] 192.168.1.102 /lips/mobile.php/users/briefinfo
INFO: [ route_check ] --START--
INFO: Run CheckRoute Behavior [ RunTime:0.000881s ]
INFO: [ route_check ] --END-- [ RunTime:0.000953s ]
INFO: [ app_begin ] --START--
INFO: Run ReadHtmlCache Behavior [ RunTime:0.000967s ]
INFO: [ app_begin ] --END-- [ RunTime:0.001111s ]
SQL: SHOW COLUMNS FROM `lips_user` [ RunTime:0.003432s ]
SQL: SELECT * FROM `lips_user` WHERE ( `id` = 29 ) LIMIT 1   [ RunTime:0.000351s ]
SQL: SHOW COLUMNS FROM `lips_user` [ RunTime:0.004027s ]
SQL: SELECT user.id,user.uname,user.udesc,user.gender,user.grade,
             (SELECT count(id) from lips_fans where usera=29) AS followers,
             (SELECT count(id) from lips_fans where userb=29) AS following
             FROM lips_user AS user WHERE user.id=29 [ RunTime:0.000427s ]

[ 2013-06-15T05:54:13+08:00 ] 192.168.1.102 /lips/mobile.php/users/news
INFO: [ route_check ] --START--
INFO: Run CheckRoute Behavior [ RunTime:0.000891s ]
INFO: [ route_check ] --END-- [ RunTime:0.000978s ]
INFO: [ app_begin ] --START--
INFO: Run ReadHtmlCache Behavior [ RunTime:0.000613s ]
INFO: [ app_begin ] --END-- [ RunTime:0.000675s ]
SQL: SHOW COLUMNS FROM `lips_user` [ RunTime:0.003665s ]
SQL: SELECT * FROM `lips_user` WHERE ( `id` = 29 ) LIMIT 1   [ RunTime:0.000286s ]
SQL: SHOW COLUMNS FROM `lips_user` [ RunTime:0.004306s ]
SQL:  SELECT fans.birth,userb,user.uname AS userbname FROM lips_fans AS fans,lips_user AS user WHERE fans.userb=user.id  AND usera=29 ORDER BY fans.birth LIMIT 5  [ RunTime:0.000273s ]
SQL:  SELECT likes.birth,lid,userb,user.uname AS userbname,line.content AS lcon FROM lips_likes AS likes,lips_user AS user,lips_line AS line WHERE likes.userb=user.id AND likes.lid=line.id AND likes.usera=29 ORDER BY likes.birth LIMIT 5  [ RunTime:0.000298s ]
SQL:  SELECT subs.birth,cid,userb,user.uname AS userbname,clip.name AS cname FROM lips_subs AS subs,lips_user AS user,lips_clip AS clip WHERE subs.userb=user.id AND subs.cid=clip.id AND subs.usera=29 ORDER BY subs.birth LIMIT 5  [ RunTime:0.000362s ]

