[ 2013-07-27T01:17:06+08:00 ] 192.168.1.104 /lips/mobile.php/line/friends_lines
INFO: [ route_check ] --START--
INFO: Run CheckRoute Behavior [ RunTime:0.003507s ]
INFO: [ route_check ] --END-- [ RunTime:0.003716s ]
INFO: [ app_begin ] --START--
INFO: Run ReadHtmlCache Behavior [ RunTime:0.000971s ]
INFO: [ app_begin ] --END-- [ RunTime:0.001047s ]
SQL: SHOW COLUMNS FROM `lips_user` [ RunTime:0.070034s ]
SQL: SELECT * FROM `lips_user` WHERE ( `id` = 29 ) LIMIT 1   [ RunTime:0.000290s ]
NOTIC: [8] Undefined index: fid D:\xampp\htdocs\Lips\Mobile\Lib\Action\LineAction.class.php 第 25 行.
NOTIC: [8] Undefined index: lid D:\xampp\htdocs\Lips\Mobile\Lib\Action\LineAction.class.php 第 26 行.

[ 2013-07-27T01:19:12+08:00 ] 192.168.1.104 /lips/mobile.php/line/friends_lines
INFO: [ route_check ] --START--
INFO: Run CheckRoute Behavior [ RunTime:0.000963s ]
INFO: [ route_check ] --END-- [ RunTime:0.001041s ]
INFO: [ app_begin ] --START--
INFO: Run ReadHtmlCache Behavior [ RunTime:0.000662s ]
INFO: [ app_begin ] --END-- [ RunTime:0.000746s ]
SQL: SHOW COLUMNS FROM `lips_user` [ RunTime:0.002742s ]
SQL: SELECT * FROM `lips_user` WHERE ( `id` = 29 ) LIMIT 1   [ RunTime:0.000430s ]
NOTIC: [8] Undefined index: firstid D:\xampp\htdocs\Lips\Mobile\Lib\Action\LineAction.class.php 第 25 行.
NOTIC: [8] Undefined index: lastid D:\xampp\htdocs\Lips\Mobile\Lib\Action\LineAction.class.php 第 26 行.

[ 2013-07-27T01:20:09+08:00 ] 192.168.1.104 /lips/mobile.php/line/friends_lines
INFO: [ route_check ] --START--
INFO: Run CheckRoute Behavior [ RunTime:0.000945s ]
INFO: [ route_check ] --END-- [ RunTime:0.001053s ]
INFO: [ app_begin ] --START--
INFO: Run ReadHtmlCache Behavior [ RunTime:0.000995s ]
INFO: [ app_begin ] --END-- [ RunTime:0.001085s ]
SQL: SHOW COLUMNS FROM `lips_user` [ RunTime:0.002440s ]
SQL: SELECT * FROM `lips_user` WHERE ( `id` = 29 ) LIMIT 1   [ RunTime:0.000452s ]
SQL: SHOW COLUMNS FROM `lips_line` [ RunTime:0.002601s ]
SQL: SELECT author.uname AS author,line.* FROM lips_line AS line,lips_user AS author WHERE author.id=29 AND line.id>0 AND (line.uid=29 OR line.uid in ( SELECT lips_fans.usera FROM lips_fans WHERE lips_fans.userb=29)) ORDER BY line.birth LIMIT 20 [ RunTime:0.000829s ]

[ 2013-07-27T01:26:00+08:00 ] 192.168.1.104 /lips/mobile.php/line/friends_lines
INFO: [ route_check ] --START--
INFO: Run CheckRoute Behavior [ RunTime:0.002776s ]
INFO: [ route_check ] --END-- [ RunTime:0.002927s ]
INFO: [ app_begin ] --START--
INFO: Run ReadHtmlCache Behavior [ RunTime:0.001337s ]
INFO: [ app_begin ] --END-- [ RunTime:0.001435s ]
SQL: SHOW COLUMNS FROM `lips_user` [ RunTime:0.003229s ]
SQL: SELECT * FROM `lips_user` WHERE ( `id` = 29 ) LIMIT 1   [ RunTime:0.000518s ]
SQL: SHOW COLUMNS FROM `lips_line` [ RunTime:0.003123s ]
SQL: SELECT author.uname AS author,line.* FROM lips_line AS line,lips_user AS author WHERE author.id=29 AND line.id>0 AND (line.uid=29 OR line.uid in ( SELECT lips_fans.usera FROM lips_fans WHERE lips_fans.userb=29)) ORDER BY line.birth LIMIT 20 [ RunTime:0.000569s ]

[ 2013-07-27T01:29:54+08:00 ] 192.168.1.104 /lips/mobile.php/line/friends_lines
INFO: [ route_check ] --START--
INFO: Run CheckRoute Behavior [ RunTime:0.001745s ]
INFO: [ route_check ] --END-- [ RunTime:0.001848s ]
INFO: [ app_begin ] --START--
INFO: Run ReadHtmlCache Behavior [ RunTime:0.001403s ]
INFO: [ app_begin ] --END-- [ RunTime:0.001495s ]
SQL: SHOW COLUMNS FROM `lips_user` [ RunTime:0.002638s ]
SQL: SELECT * FROM `lips_user` WHERE ( `id` = 29 ) LIMIT 1   [ RunTime:0.000342s ]
SQL: SHOW COLUMNS FROM `lips_line` [ RunTime:0.002522s ]
SQL: SELECT author.uname AS author,line.* FROM lips_line AS line,lips_user AS author WHERE author.id=29 AND line.id>0 AND (line.uid=29 OR line.uid in ( SELECT lips_fans.usera FROM lips_fans WHERE lips_fans.userb=29)) ORDER BY line.birth LIMIT 20 [ RunTime:0.000491s ]

[ 2013-07-27T01:35:16+08:00 ] 192.168.1.104 /lips/mobile.php/users/login
INFO: [ route_check ] --START--
INFO: Run CheckRoute Behavior [ RunTime:0.001023s ]
INFO: [ route_check ] --END-- [ RunTime:0.001091s ]
INFO: [ app_begin ] --START--
INFO: Run ReadHtmlCache Behavior [ RunTime:0.000616s ]
INFO: [ app_begin ] --END-- [ RunTime:0.000665s ]
SQL: SHOW COLUMNS FROM `lips_user` [ RunTime:0.002593s ]
SQL: SELECT id,pwd,token FROM lips_user WHERE email='ranxiedao@163.com' [ RunTime:0.000382s ]

[ 2013-07-27T01:35:57+08:00 ] 192.168.1.104 /lips/mobile.php/users/login
INFO: [ route_check ] --START--
INFO: Run CheckRoute Behavior [ RunTime:0.001630s ]
INFO: [ route_check ] --END-- [ RunTime:0.001774s ]
INFO: [ app_begin ] --START--
INFO: Run ReadHtmlCache Behavior [ RunTime:0.001118s ]
INFO: [ app_begin ] --END-- [ RunTime:0.001224s ]
SQL: SHOW COLUMNS FROM `lips_user` [ RunTime:0.002710s ]
SQL: SELECT id,pwd,token FROM lips_user WHERE email='ranxiedao@163.com' [ RunTime:0.000287s ]

[ 2013-07-27T01:37:08+08:00 ] 192.168.1.104 /lips/mobile.php/users/login
INFO: [ route_check ] --START--
INFO: Run CheckRoute Behavior [ RunTime:0.000636s ]
INFO: [ route_check ] --END-- [ RunTime:0.000703s ]
INFO: [ app_begin ] --START--
INFO: Run ReadHtmlCache Behavior [ RunTime:0.000626s ]
INFO: [ app_begin ] --END-- [ RunTime:0.000684s ]
SQL: SHOW COLUMNS FROM `lips_user` [ RunTime:0.002406s ]
SQL: SELECT id,pwd,token FROM lips_user WHERE email='ranxiedao@163.com' [ RunTime:0.000483s ]

[ 2013-07-27T01:37:12+08:00 ] 192.168.1.104 /lips/mobile.php/users/login
INFO: [ route_check ] --START--
INFO: Run CheckRoute Behavior [ RunTime:0.000882s ]
INFO: [ route_check ] --END-- [ RunTime:0.000937s ]
INFO: [ app_begin ] --START--
INFO: Run ReadHtmlCache Behavior [ RunTime:0.000498s ]
INFO: [ app_begin ] --END-- [ RunTime:0.000537s ]
SQL: SHOW COLUMNS FROM `lips_user` [ RunTime:0.002673s ]
SQL: SELECT id,pwd,token FROM lips_user WHERE email='ranxiedao@163.com' [ RunTime:0.000267s ]

[ 2013-07-27T01:37:20+08:00 ] 192.168.1.104 /lips/mobile.php/users/login
INFO: [ route_check ] --START--
INFO: Run CheckRoute Behavior [ RunTime:0.000899s ]
INFO: [ route_check ] --END-- [ RunTime:0.000986s ]
INFO: [ app_begin ] --START--
INFO: Run ReadHtmlCache Behavior [ RunTime:0.000615s ]
INFO: [ app_begin ] --END-- [ RunTime:0.000675s ]
SQL: SHOW COLUMNS FROM `lips_user` [ RunTime:0.004563s ]
SQL: SELECT id,pwd,token FROM lips_user WHERE email='ranxiedao@163.com' [ RunTime:0.000429s ]

[ 2013-07-27T01:37:21+08:00 ] 192.168.1.104 /lips/mobile.php/line/friends_lines
INFO: [ route_check ] --START--
INFO: Run CheckRoute Behavior [ RunTime:0.001001s ]
INFO: [ route_check ] --END-- [ RunTime:0.001062s ]
INFO: [ app_begin ] --START--
INFO: Run ReadHtmlCache Behavior [ RunTime:0.000608s ]
INFO: [ app_begin ] --END-- [ RunTime:0.000656s ]
SQL: SHOW COLUMNS FROM `lips_user` [ RunTime:0.002417s ]
SQL: SELECT * FROM `lips_user` WHERE ( `id` = 29 ) LIMIT 1   [ RunTime:0.000309s ]
SQL: SHOW COLUMNS FROM `lips_line` [ RunTime:0.002388s ]
SQL: SELECT author.uname AS author,line.* FROM lips_line AS line,lips_user AS author WHERE author.id=29 AND line.id>0 AND (line.uid=29 OR line.uid in ( SELECT lips_fans.usera FROM lips_fans WHERE lips_fans.userb=29)) ORDER BY line.birth LIMIT 20 [ RunTime:0.000455s ]

[ 2013-07-27T01:43:13+08:00 ] 192.168.1.104 /lips/mobile.php/line/friends_lines
INFO: [ route_check ] --START--
INFO: Run CheckRoute Behavior [ RunTime:0.002625s ]
INFO: [ route_check ] --END-- [ RunTime:0.002781s ]
INFO: [ app_begin ] --START--
INFO: Run ReadHtmlCache Behavior [ RunTime:0.001494s ]
INFO: [ app_begin ] --END-- [ RunTime:0.001607s ]
SQL: SHOW COLUMNS FROM `lips_user` [ RunTime:0.002217s ]
SQL: SELECT * FROM `lips_user` WHERE ( `id` = 29 ) LIMIT 1   [ RunTime:0.000371s ]
SQL: SHOW COLUMNS FROM `lips_line` [ RunTime:0.001917s ]
SQL: SELECT author.uname AS author,line.* FROM lips_line AS line,lips_user AS author WHERE author.id=29 AND line.id>0 AND (line.uid=29 OR line.uid in ( SELECT lips_fans.usera FROM lips_fans WHERE lips_fans.userb=29)) ORDER BY line.birth LIMIT 20 [ RunTime:0.000441s ]

[ 2013-07-27T01:44:57+08:00 ] 192.168.1.104 /lips/mobile.php/line/friends_lines
INFO: [ route_check ] --START--
INFO: Run CheckRoute Behavior [ RunTime:0.001436s ]
INFO: [ route_check ] --END-- [ RunTime:0.001573s ]
INFO: [ app_begin ] --START--
INFO: Run ReadHtmlCache Behavior [ RunTime:0.001013s ]
INFO: [ app_begin ] --END-- [ RunTime:0.001108s ]
SQL: SHOW COLUMNS FROM `lips_user` [ RunTime:0.074448s ]
SQL: SELECT * FROM `lips_user` WHERE ( `id` = 29 ) LIMIT 1   [ RunTime:0.000359s ]
SQL: SHOW COLUMNS FROM `lips_line` [ RunTime:0.001972s ]
SQL: SELECT author.uname AS author,line.* FROM lips_line AS line,lips_user AS author WHERE author.id=29 AND line.id>0 AND (line.uid=29 OR line.uid in ( SELECT lips_fans.usera FROM lips_fans WHERE lips_fans.userb=29)) ORDER BY line.birth LIMIT 20 [ RunTime:0.000548s ]

[ 2013-07-27T01:44:58+08:00 ] 192.168.1.104 /lips/mobile.php/users/news
INFO: [ route_check ] --START--
INFO: Run CheckRoute Behavior [ RunTime:0.000975s ]
INFO: [ route_check ] --END-- [ RunTime:0.001075s ]
INFO: [ app_begin ] --START--
INFO: Run ReadHtmlCache Behavior [ RunTime:0.000699s ]
INFO: [ app_begin ] --END-- [ RunTime:0.000775s ]
SQL: SHOW COLUMNS FROM `lips_user` [ RunTime:0.003145s ]
SQL: SELECT * FROM `lips_user` WHERE ( `id` = 29 ) LIMIT 1   [ RunTime:0.000342s ]
SQL: SHOW COLUMNS FROM `lips_user` [ RunTime:0.004502s ]
SQL:  SELECT fans.birth,userb,user.uname AS userbname FROM lips_fans AS fans,lips_user AS user WHERE fans.userb=user.id  AND usera=29 ORDER BY fans.birth LIMIT 5  [ RunTime:0.000570s ]
SQL:  SELECT likes.birth,lid,userb,user.uname AS userbname,line.content AS lcon FROM lips_likes AS likes,lips_user AS user,lips_line AS line WHERE likes.userb=user.id AND likes.lid=line.id AND likes.usera=29 ORDER BY likes.birth LIMIT 5  [ RunTime:0.000437s ]
SQL:  SELECT subs.birth,cid,userb,user.uname AS userbname,clip.name AS cname FROM lips_subs AS subs,lips_user AS user,lips_clip AS clip WHERE subs.userb=user.id AND subs.cid=clip.id AND subs.usera=29 ORDER BY subs.birth LIMIT 5  [ RunTime:0.000426s ]

[ 2013-07-27T01:44:58+08:00 ] 192.168.1.104 /lips/mobile.php/users/briefinfo
INFO: [ route_check ] --START--
INFO: Run CheckRoute Behavior [ RunTime:0.001305s ]
INFO: [ route_check ] --END-- [ RunTime:0.001385s ]
INFO: [ app_begin ] --START--
INFO: Run ReadHtmlCache Behavior [ RunTime:0.000791s ]
INFO: [ app_begin ] --END-- [ RunTime:0.000850s ]
SQL: SHOW COLUMNS FROM `lips_user` [ RunTime:0.003266s ]
SQL: SELECT * FROM `lips_user` WHERE ( `id` = 29 ) LIMIT 1   [ RunTime:0.000275s ]
SQL: SHOW COLUMNS FROM `lips_user` [ RunTime:0.003405s ]
SQL: SELECT user.id,user.uname,user.udesc,user.gender,user.grade,
             (SELECT count(id) from lips_fans where usera=29) AS followers,
             (SELECT count(id) from lips_fans where userb=29) AS following
             FROM lips_user AS user WHERE user.id=29 [ RunTime:0.000461s ]

[ 2013-07-27T01:45:33+08:00 ] 192.168.1.104 /lips/mobile.php/users/login
INFO: [ route_check ] --START--
INFO: Run CheckRoute Behavior [ RunTime:0.001511s ]
INFO: [ route_check ] --END-- [ RunTime:0.001605s ]
INFO: [ app_begin ] --START--
INFO: Run ReadHtmlCache Behavior [ RunTime:0.000887s ]
INFO: [ app_begin ] --END-- [ RunTime:0.000955s ]
SQL: SHOW COLUMNS FROM `lips_user` [ RunTime:0.002520s ]
SQL: SELECT id,pwd,token FROM lips_user WHERE email='ranxiedao@163.com' [ RunTime:0.000292s ]

[ 2013-07-27T01:45:35+08:00 ] 192.168.1.104 /lips/mobile.php/users/login
INFO: [ route_check ] --START--
INFO: Run CheckRoute Behavior [ RunTime:0.000644s ]
INFO: [ route_check ] --END-- [ RunTime:0.000708s ]
INFO: [ app_begin ] --START--
INFO: Run ReadHtmlCache Behavior [ RunTime:0.000447s ]
INFO: [ app_begin ] --END-- [ RunTime:0.000493s ]
SQL: SHOW COLUMNS FROM `lips_user` [ RunTime:0.002714s ]
SQL: SELECT id,pwd,token FROM lips_user WHERE email='ranxiedao@163.com' [ RunTime:0.000286s ]

[ 2013-07-27T01:45:44+08:00 ] 192.168.1.104 /lips/mobile.php/users/login
INFO: [ route_check ] --START--
INFO: Run CheckRoute Behavior [ RunTime:0.001006s ]
INFO: [ route_check ] --END-- [ RunTime:0.001102s ]
INFO: [ app_begin ] --START--
INFO: Run ReadHtmlCache Behavior [ RunTime:0.000626s ]
INFO: [ app_begin ] --END-- [ RunTime:0.000684s ]
SQL: SHOW COLUMNS FROM `lips_user` [ RunTime:0.003647s ]
SQL: SELECT id,pwd,token FROM lips_user WHERE email='ranxiedao@163.com' [ RunTime:0.000354s ]

[ 2013-07-27T01:45:50+08:00 ] 192.168.1.104 /lips/mobile.php/users/login
INFO: [ route_check ] --START--
INFO: Run CheckRoute Behavior [ RunTime:0.001255s ]
INFO: [ route_check ] --END-- [ RunTime:0.001369s ]
INFO: [ app_begin ] --START--
INFO: Run ReadHtmlCache Behavior [ RunTime:0.000936s ]
INFO: [ app_begin ] --END-- [ RunTime:0.001018s ]
SQL: SHOW COLUMNS FROM `lips_user` [ RunTime:0.002525s ]
SQL: SELECT id,pwd,token FROM lips_user WHERE email='ranxiedao@163.com' [ RunTime:0.000292s ]

[ 2013-07-27T01:45:54+08:00 ] 192.168.1.104 /lips/mobile.php/users/login
INFO: [ route_check ] --START--
INFO: Run CheckRoute Behavior [ RunTime:0.000598s ]
INFO: [ route_check ] --END-- [ RunTime:0.000656s ]
INFO: [ app_begin ] --START--
INFO: Run ReadHtmlCache Behavior [ RunTime:0.000509s ]
INFO: [ app_begin ] --END-- [ RunTime:0.000559s ]
SQL: SHOW COLUMNS FROM `lips_user` [ RunTime:0.002481s ]
SQL: SELECT id,pwd,token FROM lips_user WHERE email='ranxiedao@163.com' [ RunTime:0.000282s ]

[ 2013-07-27T01:45:54+08:00 ] 192.168.1.104 /lips/mobile.php/line/friends_lines
INFO: [ route_check ] --START--
INFO: Run CheckRoute Behavior [ RunTime:0.002107s ]
INFO: [ route_check ] --END-- [ RunTime:0.002233s ]
INFO: [ app_begin ] --START--
INFO: Run ReadHtmlCache Behavior [ RunTime:0.001197s ]
INFO: [ app_begin ] --END-- [ RunTime:0.001288s ]
SQL: SHOW COLUMNS FROM `lips_user` [ RunTime:0.002996s ]
SQL: SELECT * FROM `lips_user` WHERE ( `id` = 29 ) LIMIT 1   [ RunTime:0.000394s ]
SQL: SHOW COLUMNS FROM `lips_line` [ RunTime:0.003111s ]
SQL: SELECT author.uname AS author,line.* FROM lips_line AS line,lips_user AS author WHERE author.id=29 AND line.id>0 AND (line.uid=29 OR line.uid in ( SELECT lips_fans.usera FROM lips_fans WHERE lips_fans.userb=29)) ORDER BY line.birth LIMIT 20 [ RunTime:0.000629s ]

[ 2013-07-27T01:45:57+08:00 ] 192.168.1.104 /lips/mobile.php/users/briefinfo
INFO: [ route_check ] --START--
INFO: Run CheckRoute Behavior [ RunTime:0.001270s ]
INFO: [ route_check ] --END-- [ RunTime:0.001386s ]
INFO: [ app_begin ] --START--
INFO: Run ReadHtmlCache Behavior [ RunTime:0.000888s ]
INFO: [ app_begin ] --END-- [ RunTime:0.000986s ]
SQL: SHOW COLUMNS FROM `lips_user` [ RunTime:0.004196s ]
SQL: SELECT * FROM `lips_user` WHERE ( `id` = 29 ) LIMIT 1   [ RunTime:0.000426s ]
SQL: SHOW COLUMNS FROM `lips_user` [ RunTime:0.002463s ]
SQL: SELECT user.id,user.uname,user.udesc,user.gender,user.grade,
             (SELECT count(id) from lips_fans where usera=29) AS followers,
             (SELECT count(id) from lips_fans where userb=29) AS following
             FROM lips_user AS user WHERE user.id=29 [ RunTime:0.000468s ]

[ 2013-07-27T01:45:57+08:00 ] 192.168.1.104 /lips/mobile.php/users/news
INFO: [ route_check ] --START--
INFO: Run CheckRoute Behavior [ RunTime:0.001224s ]
INFO: [ route_check ] --END-- [ RunTime:0.001334s ]
INFO: [ app_begin ] --START--
INFO: Run ReadHtmlCache Behavior [ RunTime:0.001165s ]
INFO: [ app_begin ] --END-- [ RunTime:0.001264s ]
SQL: SHOW COLUMNS FROM `lips_user` [ RunTime:0.002369s ]
SQL: SELECT * FROM `lips_user` WHERE ( `id` = 29 ) LIMIT 1   [ RunTime:0.000303s ]
SQL: SHOW COLUMNS FROM `lips_user` [ RunTime:0.002183s ]
SQL:  SELECT fans.birth,userb,user.uname AS userbname FROM lips_fans AS fans,lips_user AS user WHERE fans.userb=user.id  AND usera=29 ORDER BY fans.birth LIMIT 5  [ RunTime:0.000350s ]
SQL:  SELECT likes.birth,lid,userb,user.uname AS userbname,line.content AS lcon FROM lips_likes AS likes,lips_user AS user,lips_line AS line WHERE likes.userb=user.id AND likes.lid=line.id AND likes.usera=29 ORDER BY likes.birth LIMIT 5  [ RunTime:0.000332s ]
SQL:  SELECT subs.birth,cid,userb,user.uname AS userbname,clip.name AS cname FROM lips_subs AS subs,lips_user AS user,lips_clip AS clip WHERE subs.userb=user.id AND subs.cid=clip.id AND subs.usera=29 ORDER BY subs.birth LIMIT 5  [ RunTime:0.000267s ]

[ 2013-07-27T01:46:02+08:00 ] 192.168.1.104 /lips/mobile.php/line/friends_lines
INFO: [ route_check ] --START--
INFO: Run CheckRoute Behavior [ RunTime:0.000866s ]
INFO: [ route_check ] --END-- [ RunTime:0.000947s ]
INFO: [ app_begin ] --START--
INFO: Run ReadHtmlCache Behavior [ RunTime:0.000614s ]
INFO: [ app_begin ] --END-- [ RunTime:0.000672s ]
SQL: SHOW COLUMNS FROM `lips_user` [ RunTime:0.003137s ]
SQL: SELECT * FROM `lips_user` WHERE ( `id` = 29 ) LIMIT 1   [ RunTime:0.000411s ]
SQL: SHOW COLUMNS FROM `lips_line` [ RunTime:0.002787s ]
SQL: SELECT author.uname AS author,line.* FROM lips_line AS line,lips_user AS author WHERE author.id=29 AND line.id>0 AND (line.uid=29 OR line.uid in ( SELECT lips_fans.usera FROM lips_fans WHERE lips_fans.userb=29)) ORDER BY line.birth LIMIT 20 [ RunTime:0.000585s ]

[ 2013-07-27T01:46:03+08:00 ] 192.168.1.104 /lips/mobile.php/users/briefinfo
INFO: [ route_check ] --START--
INFO: Run CheckRoute Behavior [ RunTime:0.001265s ]
INFO: [ route_check ] --END-- [ RunTime:0.001378s ]
INFO: [ app_begin ] --START--
INFO: Run ReadHtmlCache Behavior [ RunTime:0.000902s ]
INFO: [ app_begin ] --END-- [ RunTime:0.000999s ]
SQL: SHOW COLUMNS FROM `lips_user` [ RunTime:0.005004s ]
SQL: SELECT * FROM `lips_user` WHERE ( `id` = 29 ) LIMIT 1   [ RunTime:0.000547s ]
SQL: SHOW COLUMNS FROM `lips_user` [ RunTime:0.003302s ]
SQL: SELECT user.id,user.uname,user.udesc,user.gender,user.grade,
             (SELECT count(id) from lips_fans where usera=29) AS followers,
             (SELECT count(id) from lips_fans where userb=29) AS following
             FROM lips_user AS user WHERE user.id=29 [ RunTime:0.000386s ]

[ 2013-07-27T01:46:03+08:00 ] 192.168.1.104 /lips/mobile.php/users/news
INFO: [ route_check ] --START--
INFO: Run CheckRoute Behavior [ RunTime:0.001396s ]
INFO: [ route_check ] --END-- [ RunTime:0.001525s ]
INFO: [ app_begin ] --START--
INFO: Run ReadHtmlCache Behavior [ RunTime:0.000929s ]
INFO: [ app_begin ] --END-- [ RunTime:0.001023s ]
SQL: SHOW COLUMNS FROM `lips_user` [ RunTime:0.005260s ]
SQL: SELECT * FROM `lips_user` WHERE ( `id` = 29 ) LIMIT 1   [ RunTime:0.000408s ]
SQL: SHOW COLUMNS FROM `lips_user` [ RunTime:0.002654s ]
SQL:  SELECT fans.birth,userb,user.uname AS userbname FROM lips_fans AS fans,lips_user AS user WHERE fans.userb=user.id  AND usera=29 ORDER BY fans.birth LIMIT 5  [ RunTime:0.000338s ]
SQL:  SELECT likes.birth,lid,userb,user.uname AS userbname,line.content AS lcon FROM lips_likes AS likes,lips_user AS user,lips_line AS line WHERE likes.userb=user.id AND likes.lid=line.id AND likes.usera=29 ORDER BY likes.birth LIMIT 5  [ RunTime:0.000265s ]
SQL:  SELECT subs.birth,cid,userb,user.uname AS userbname,clip.name AS cname FROM lips_subs AS subs,lips_user AS user,lips_clip AS clip WHERE subs.userb=user.id AND subs.cid=clip.id AND subs.usera=29 ORDER BY subs.birth LIMIT 5  [ RunTime:0.000246s ]

[ 2013-07-27T01:47:31+08:00 ] 192.168.1.104 /lips/mobile.php/line/friends_lines
INFO: [ route_check ] --START--
INFO: Run CheckRoute Behavior [ RunTime:0.000637s ]
INFO: [ route_check ] --END-- [ RunTime:0.000702s ]
INFO: [ app_begin ] --START--
INFO: Run ReadHtmlCache Behavior [ RunTime:0.000448s ]
INFO: [ app_begin ] --END-- [ RunTime:0.000488s ]
SQL: SHOW COLUMNS FROM `lips_user` [ RunTime:0.002506s ]
SQL: SELECT * FROM `lips_user` WHERE ( `id` = 29 ) LIMIT 1   [ RunTime:0.000358s ]
SQL: SHOW COLUMNS FROM `lips_line` [ RunTime:0.002239s ]
SQL: SELECT author.uname AS author,line.* FROM lips_line AS line,lips_user AS author WHERE author.id=29 AND line.id>0 AND (line.uid=29 OR line.uid in ( SELECT lips_fans.usera FROM lips_fans WHERE lips_fans.userb=29)) ORDER BY line.birth LIMIT 20 [ RunTime:0.000465s ]

[ 2013-07-27T01:48:08+08:00 ] 192.168.1.104 /lips/mobile.php/line/friends_lines
INFO: [ route_check ] --START--
INFO: Run CheckRoute Behavior [ RunTime:0.001976s ]
INFO: [ route_check ] --END-- [ RunTime:0.002085s ]
INFO: [ app_begin ] --START--
INFO: Run ReadHtmlCache Behavior [ RunTime:0.001297s ]
INFO: [ app_begin ] --END-- [ RunTime:0.001373s ]
SQL: SHOW COLUMNS FROM `lips_user` [ RunTime:0.003887s ]
SQL: SELECT * FROM `lips_user` WHERE ( `id` = 29 ) LIMIT 1   [ RunTime:0.000545s ]
SQL: SHOW COLUMNS FROM `lips_line` [ RunTime:0.002636s ]
SQL: SELECT author.uname AS author,line.* FROM lips_line AS line,lips_user AS author WHERE author.id=29 AND line.id>0 AND (line.uid=29 OR line.uid in ( SELECT lips_fans.usera FROM lips_fans WHERE lips_fans.userb=29)) ORDER BY line.birth LIMIT 20 [ RunTime:0.000509s ]

[ 2013-07-27T01:50:03+08:00 ] 192.168.1.104 /lips/mobile.php/line/friends_lines
INFO: [ route_check ] --START--
INFO: Run CheckRoute Behavior [ RunTime:0.000862s ]
INFO: [ route_check ] --END-- [ RunTime:0.000953s ]
INFO: [ app_begin ] --START--
INFO: Run ReadHtmlCache Behavior [ RunTime:0.000652s ]
INFO: [ app_begin ] --END-- [ RunTime:0.000725s ]
SQL: SHOW COLUMNS FROM `lips_user` [ RunTime:0.003606s ]
SQL: SELECT * FROM `lips_user` WHERE ( `id` = 29 ) LIMIT 1   [ RunTime:0.000340s ]
SQL: SHOW COLUMNS FROM `lips_line` [ RunTime:0.002572s ]
SQL: SELECT author.uname AS author,line.* FROM lips_line AS line,lips_user AS author WHERE author.id=29 AND line.id>0 AND (line.uid=29 OR line.uid in ( SELECT lips_fans.usera FROM lips_fans WHERE lips_fans.userb=29)) ORDER BY line.birth LIMIT 20 [ RunTime:0.000625s ]

[ 2013-07-27T01:56:45+08:00 ] 192.168.1.104 /lips/mobile.php/line/friends_lines
INFO: [ route_check ] --START--
INFO: Run CheckRoute Behavior [ RunTime:0.001375s ]
INFO: [ route_check ] --END-- [ RunTime:0.001464s ]
INFO: [ app_begin ] --START--
INFO: Run ReadHtmlCache Behavior [ RunTime:0.000780s ]
INFO: [ app_begin ] --END-- [ RunTime:0.000841s ]
SQL: SHOW COLUMNS FROM `lips_user` [ RunTime:0.021333s ]
SQL: SELECT * FROM `lips_user` WHERE ( `id` = 29 ) LIMIT 1   [ RunTime:0.000449s ]
SQL: SHOW COLUMNS FROM `lips_line` [ RunTime:0.002873s ]
SQL: SELECT author.uname AS author,line.* FROM lips_line AS line,lips_user AS author WHERE author.id=29 AND line.id>0 AND (line.uid=29 OR line.uid in ( SELECT lips_fans.usera FROM lips_fans WHERE lips_fans.userb=29)) ORDER BY line.birth LIMIT 20 [ RunTime:0.000602s ]

[ 2013-07-27T01:57:02+08:00 ] 192.168.1.104 /lips/mobile.php/line/friends_lines
INFO: [ route_check ] --START--
INFO: Run CheckRoute Behavior [ RunTime:0.001462s ]
INFO: [ route_check ] --END-- [ RunTime:0.001592s ]
INFO: [ app_begin ] --START--
INFO: Run ReadHtmlCache Behavior [ RunTime:0.001023s ]
INFO: [ app_begin ] --END-- [ RunTime:0.001122s ]
SQL: SHOW COLUMNS FROM `lips_user` [ RunTime:0.002292s ]
SQL: SELECT * FROM `lips_user` WHERE ( `id` = 29 ) LIMIT 1   [ RunTime:0.000302s ]
SQL: SHOW COLUMNS FROM `lips_line` [ RunTime:0.001949s ]
SQL: SELECT author.uname AS author,line.* FROM lips_line AS line,lips_user AS author WHERE author.id=29 AND line.id>0 AND (line.uid=29 OR line.uid in ( SELECT lips_fans.usera FROM lips_fans WHERE lips_fans.userb=29)) ORDER BY line.birth LIMIT 20 [ RunTime:0.000420s ]

[ 2013-07-27T01:58:26+08:00 ] 192.168.1.104 /lips/mobile.php/line/friends_lines
INFO: [ route_check ] --START--
INFO: Run CheckRoute Behavior [ RunTime:0.000735s ]
INFO: [ route_check ] --END-- [ RunTime:0.000804s ]
INFO: [ app_begin ] --START--
INFO: Run ReadHtmlCache Behavior [ RunTime:0.000430s ]
INFO: [ app_begin ] --END-- [ RunTime:0.000467s ]
SQL: SHOW COLUMNS FROM `lips_user` [ RunTime:0.019837s ]
SQL: SELECT * FROM `lips_user` WHERE ( `id` = 29 ) LIMIT 1   [ RunTime:0.000330s ]
SQL: SHOW COLUMNS FROM `lips_line` [ RunTime:0.002141s ]
SQL: SELECT author.uname AS author,line.* FROM lips_line AS line,lips_user AS author WHERE author.id=29 AND line.id>0 AND (line.uid=29 OR line.uid in ( SELECT lips_fans.usera FROM lips_fans WHERE lips_fans.userb=29)) ORDER BY line.birth LIMIT 20 [ RunTime:0.000488s ]

[ 2013-07-27T01:58:48+08:00 ] 192.168.1.104 /lips/mobile.php/line/friends_lines
INFO: [ route_check ] --START--
INFO: Run CheckRoute Behavior [ RunTime:0.001525s ]
INFO: [ route_check ] --END-- [ RunTime:0.001618s ]
INFO: [ app_begin ] --START--
INFO: Run ReadHtmlCache Behavior [ RunTime:0.000877s ]
INFO: [ app_begin ] --END-- [ RunTime:0.000951s ]
SQL: SHOW COLUMNS FROM `lips_user` [ RunTime:0.002219s ]
SQL: SELECT * FROM `lips_user` WHERE ( `id` = 29 ) LIMIT 1   [ RunTime:0.000335s ]
SQL: SHOW COLUMNS FROM `lips_line` [ RunTime:0.001964s ]
SQL: SELECT author.uname AS author,line.* FROM lips_line AS line,lips_user AS author WHERE author.id=29 AND line.id>0 AND (line.uid=29 OR line.uid in ( SELECT lips_fans.usera FROM lips_fans WHERE lips_fans.userb=29)) ORDER BY line.birth LIMIT 20 [ RunTime:0.000418s ]

[ 2013-07-27T01:59:31+08:00 ] 192.168.1.104 /lips/mobile.php/line/friends_lines
INFO: [ route_check ] --START--
INFO: Run CheckRoute Behavior [ RunTime:0.000611s ]
INFO: [ route_check ] --END-- [ RunTime:0.000673s ]
INFO: [ app_begin ] --START--
INFO: Run ReadHtmlCache Behavior [ RunTime:0.000438s ]
INFO: [ app_begin ] --END-- [ RunTime:0.000481s ]
SQL: SHOW COLUMNS FROM `lips_user` [ RunTime:0.002730s ]
SQL: SELECT * FROM `lips_user` WHERE ( `id` = 29 ) LIMIT 1   [ RunTime:0.000346s ]
SQL: SHOW COLUMNS FROM `lips_line` [ RunTime:0.002316s ]
SQL: SELECT author.uname AS author,line.* FROM lips_line AS line,lips_user AS author WHERE author.id=29 AND line.id>0 AND (line.uid=29 OR line.uid in ( SELECT lips_fans.usera FROM lips_fans WHERE lips_fans.userb=29)) ORDER BY line.birth LIMIT 20 [ RunTime:0.000459s ]

[ 2013-07-27T02:01:27+08:00 ] 192.168.1.104 /lips/mobile.php/line/friends_lines
INFO: [ route_check ] --START--
INFO: Run CheckRoute Behavior [ RunTime:0.001540s ]
INFO: [ route_check ] --END-- [ RunTime:0.001642s ]
INFO: [ app_begin ] --START--
INFO: Run ReadHtmlCache Behavior [ RunTime:0.000852s ]
INFO: [ app_begin ] --END-- [ RunTime:0.000920s ]
SQL: SHOW COLUMNS FROM `lips_user` [ RunTime:0.078659s ]
SQL: SELECT * FROM `lips_user` WHERE ( `id` = 29 ) LIMIT 1   [ RunTime:0.000966s ]
SQL: SHOW COLUMNS FROM `lips_line` [ RunTime:0.007235s ]
SQL: SELECT author.uname AS author,line.* FROM lips_line AS line,lips_user AS author WHERE author.id=29 AND line.id>0 AND (line.uid=29 OR line.uid in ( SELECT lips_fans.usera FROM lips_fans WHERE lips_fans.userb=29)) ORDER BY line.birth LIMIT 20 [ RunTime:0.001399s ]

[ 2013-07-27T02:02:40+08:00 ] 192.168.1.104 /lips/mobile.php/users/news
INFO: [ route_check ] --START--
INFO: Run CheckRoute Behavior [ RunTime:0.000623s ]
INFO: [ route_check ] --END-- [ RunTime:0.000687s ]
INFO: [ app_begin ] --START--
INFO: Run ReadHtmlCache Behavior [ RunTime:0.000437s ]
INFO: [ app_begin ] --END-- [ RunTime:0.000479s ]
SQL: SHOW COLUMNS FROM `lips_user` [ RunTime:0.002813s ]
SQL: SELECT * FROM `lips_user` WHERE ( `id` = 29 ) LIMIT 1   [ RunTime:0.000345s ]
SQL: SHOW COLUMNS FROM `lips_user` [ RunTime:0.002243s ]
SQL:  SELECT fans.birth,userb,user.uname AS userbname FROM lips_fans AS fans,lips_user AS user WHERE fans.userb=user.id  AND usera=29 ORDER BY fans.birth LIMIT 5  [ RunTime:0.000344s ]
SQL:  SELECT likes.birth,lid,userb,user.uname AS userbname,line.content AS lcon FROM lips_likes AS likes,lips_user AS user,lips_line AS line WHERE likes.userb=user.id AND likes.lid=line.id AND likes.usera=29 ORDER BY likes.birth LIMIT 5  [ RunTime:0.000335s ]
SQL:  SELECT subs.birth,cid,userb,user.uname AS userbname,clip.name AS cname FROM lips_subs AS subs,lips_user AS user,lips_clip AS clip WHERE subs.userb=user.id AND subs.cid=clip.id AND subs.usera=29 ORDER BY subs.birth LIMIT 5  [ RunTime:0.000309s ]

[ 2013-07-27T02:02:43+08:00 ] 192.168.1.104 /lips/mobile.php/users/briefinfo
INFO: [ route_check ] --START--
INFO: Run CheckRoute Behavior [ RunTime:0.001137s ]
INFO: [ route_check ] --END-- [ RunTime:0.001250s ]
INFO: [ app_begin ] --START--
INFO: Run ReadHtmlCache Behavior [ RunTime:0.001085s ]
INFO: [ app_begin ] --END-- [ RunTime:0.001184s ]
SQL: SHOW COLUMNS FROM `lips_user` [ RunTime:0.003913s ]
SQL: SELECT * FROM `lips_user` WHERE ( `id` = 29 ) LIMIT 1   [ RunTime:0.000445s ]
SQL: SHOW COLUMNS FROM `lips_user` [ RunTime:0.003482s ]
SQL: SELECT user.id,user.uname,user.udesc,user.gender,user.grade,
             (SELECT count(id) from lips_fans where usera=29) AS followers,
             (SELECT count(id) from lips_fans where userb=29) AS following
             FROM lips_user AS user WHERE user.id=29 [ RunTime:0.000441s ]

[ 2013-07-27T02:04:21+08:00 ] 192.168.1.104 /lips/mobile.php/line/friends_lines
INFO: [ route_check ] --START--
INFO: Run CheckRoute Behavior [ RunTime:0.000955s ]
INFO: [ route_check ] --END-- [ RunTime:0.001021s ]
INFO: [ app_begin ] --START--
INFO: Run ReadHtmlCache Behavior [ RunTime:0.000847s ]
INFO: [ app_begin ] --END-- [ RunTime:0.000899s ]
SQL: SHOW COLUMNS FROM `lips_user` [ RunTime:0.002592s ]
SQL: SELECT * FROM `lips_user` WHERE ( `id` = 29 ) LIMIT 1   [ RunTime:0.000333s ]
SQL: SHOW COLUMNS FROM `lips_line` [ RunTime:0.002786s ]
SQL: SELECT author.uname AS author,line.* FROM lips_line AS line,lips_user AS author WHERE author.id=29 AND line.id>0 AND (line.uid=29 OR line.uid in ( SELECT lips_fans.usera FROM lips_fans WHERE lips_fans.userb=29)) ORDER BY line.birth LIMIT 20 [ RunTime:0.000467s ]

[ 2013-07-27T02:14:28+08:00 ] 192.168.1.104 /lips/mobile.php/line/friends_lines
INFO: [ route_check ] --START--
INFO: Run CheckRoute Behavior [ RunTime:0.001509s ]
INFO: [ route_check ] --END-- [ RunTime:0.001611s ]
INFO: [ app_begin ] --START--
INFO: Run ReadHtmlCache Behavior [ RunTime:0.000817s ]
INFO: [ app_begin ] --END-- [ RunTime:0.000882s ]
SQL: SHOW COLUMNS FROM `lips_user` [ RunTime:0.168097s ]
SQL: SELECT * FROM `lips_user` WHERE ( `id` = 29 ) LIMIT 1   [ RunTime:0.000493s ]
SQL: SHOW COLUMNS FROM `lips_line` [ RunTime:0.002994s ]
SQL: SELECT author.uname AS author,line.* FROM lips_line AS line,lips_user AS author WHERE author.id=29 AND line.id>0 AND (line.uid=29 OR line.uid in ( SELECT lips_fans.usera FROM lips_fans WHERE lips_fans.userb=29)) ORDER BY line.birth LIMIT 2 [ RunTime:0.000603s ]

[ 2013-07-27T02:14:34+08:00 ] 192.168.1.104 /lips/mobile.php/line/friends_lines
INFO: [ route_check ] --START--
INFO: Run CheckRoute Behavior [ RunTime:0.001675s ]
INFO: [ route_check ] --END-- [ RunTime:0.001829s ]
INFO: [ app_begin ] --START--
INFO: Run ReadHtmlCache Behavior [ RunTime:0.001148s ]
INFO: [ app_begin ] --END-- [ RunTime:0.001256s ]
SQL: SHOW COLUMNS FROM `lips_user` [ RunTime:0.002396s ]
SQL: SELECT * FROM `lips_user` WHERE ( `id` = 29 ) LIMIT 1   [ RunTime:0.000293s ]
SQL: SHOW COLUMNS FROM `lips_line` [ RunTime:0.003011s ]
SQL: SELECT author.uname AS author,line.* FROM lips_line AS line,lips_user AS author WHERE author.id=29 AND line.id>0 AND (line.uid=29 OR line.uid in ( SELECT lips_fans.usera FROM lips_fans WHERE lips_fans.userb=29)) ORDER BY line.birth LIMIT 2 [ RunTime:0.000436s ]

[ 2013-07-27T02:14:42+08:00 ] 192.168.1.104 /lips/mobile.php/line/friends_lines
INFO: [ route_check ] --START--
INFO: Run CheckRoute Behavior [ RunTime:0.000601s ]
INFO: [ route_check ] --END-- [ RunTime:0.000663s ]
INFO: [ app_begin ] --START--
INFO: Run ReadHtmlCache Behavior [ RunTime:0.000618s ]
INFO: [ app_begin ] --END-- [ RunTime:0.000717s ]
SQL: SHOW COLUMNS FROM `lips_user` [ RunTime:0.002577s ]
SQL: SELECT * FROM `lips_user` WHERE ( `id` = 29 ) LIMIT 1   [ RunTime:0.000308s ]
SQL: SHOW COLUMNS FROM `lips_line` [ RunTime:0.002127s ]
SQL: SELECT author.uname AS author,line.* FROM lips_line AS line,lips_user AS author WHERE author.id=29 AND line.id>0 AND (line.uid=29 OR line.uid in ( SELECT lips_fans.usera FROM lips_fans WHERE lips_fans.userb=29)) ORDER BY line.birth LIMIT 2 [ RunTime:0.000515s ]

[ 2013-07-27T02:15:45+08:00 ] 192.168.1.104 /lips/mobile.php/line/friends_lines
INFO: [ route_check ] --START--
INFO: Run CheckRoute Behavior [ RunTime:0.001183s ]
INFO: [ route_check ] --END-- [ RunTime:0.001298s ]
INFO: [ app_begin ] --START--
INFO: Run ReadHtmlCache Behavior [ RunTime:0.001020s ]
INFO: [ app_begin ] --END-- [ RunTime:0.001108s ]
SQL: SHOW COLUMNS FROM `lips_user` [ RunTime:0.004599s ]
SQL: SELECT * FROM `lips_user` WHERE ( `id` = 29 ) LIMIT 1   [ RunTime:0.000549s ]
SQL: SHOW COLUMNS FROM `lips_line` [ RunTime:0.002147s ]
SQL: SELECT author.uname AS author,line.* FROM lips_line AS line,lips_user AS author WHERE author.id=29 AND line.id>0 AND (line.uid=29 OR line.uid in ( SELECT lips_fans.usera FROM lips_fans WHERE lips_fans.userb=29)) ORDER BY line.birth LIMIT 2 [ RunTime:0.000452s ]

[ 2013-07-27T02:15:52+08:00 ] 192.168.1.104 /lips/mobile.php/line/friends_lines
INFO: [ route_check ] --START--
INFO: Run CheckRoute Behavior [ RunTime:0.001041s ]
INFO: [ route_check ] --END-- [ RunTime:0.001105s ]
INFO: [ app_begin ] --START--
INFO: Run ReadHtmlCache Behavior [ RunTime:0.000548s ]
INFO: [ app_begin ] --END-- [ RunTime:0.000591s ]
SQL: SHOW COLUMNS FROM `lips_user` [ RunTime:0.061465s ]
SQL: SELECT * FROM `lips_user` WHERE ( `id` = 29 ) LIMIT 1   [ RunTime:0.000373s ]
SQL: SHOW COLUMNS FROM `lips_line` [ RunTime:0.002197s ]
SQL: SELECT author.uname AS author,line.* FROM lips_line AS line,lips_user AS author WHERE author.id=29 AND line.id<1 AND line.id>0 AND (line.uid=29 OR line.uid in ( SELECT lips_fans.usera FROM lips_fans WHERE lips_fans.userb=29)) ORDER BY line.birth LIMIT 2 [ RunTime:0.000452s ]

[ 2013-07-27T02:15:55+08:00 ] 192.168.1.104 /lips/mobile.php/line/friends_lines
INFO: [ route_check ] --START--
INFO: Run CheckRoute Behavior [ RunTime:0.000694s ]
INFO: [ route_check ] --END-- [ RunTime:0.000765s ]
INFO: [ app_begin ] --START--
INFO: Run ReadHtmlCache Behavior [ RunTime:0.000457s ]
INFO: [ app_begin ] --END-- [ RunTime:0.000500s ]
SQL: SHOW COLUMNS FROM `lips_user` [ RunTime:0.002929s ]
SQL: SELECT * FROM `lips_user` WHERE ( `id` = 29 ) LIMIT 1   [ RunTime:0.000309s ]
SQL: SHOW COLUMNS FROM `lips_line` [ RunTime:0.002880s ]
SQL: SELECT author.uname AS author,line.* FROM lips_line AS line,lips_user AS author WHERE author.id=29 AND line.id<1 AND line.id>0 AND (line.uid=29 OR line.uid in ( SELECT lips_fans.usera FROM lips_fans WHERE lips_fans.userb=29)) ORDER BY line.birth LIMIT 2 [ RunTime:0.000478s ]

[ 2013-07-27T02:17:28+08:00 ] 192.168.1.104 /lips/mobile.php/line/friends_lines
INFO: [ route_check ] --START--
INFO: Run CheckRoute Behavior [ RunTime:0.001336s ]
INFO: [ route_check ] --END-- [ RunTime:0.001468s ]
INFO: [ app_begin ] --START--
INFO: Run ReadHtmlCache Behavior [ RunTime:0.001236s ]
INFO: [ app_begin ] --END-- [ RunTime:0.001349s ]
SQL: SHOW COLUMNS FROM `lips_user` [ RunTime:0.003594s ]
SQL: SELECT * FROM `lips_user` WHERE ( `id` = 29 ) LIMIT 1   [ RunTime:0.000322s ]
SQL: SHOW COLUMNS FROM `lips_line` [ RunTime:0.002345s ]
SQL: SELECT author.uname AS author,line.* FROM lips_line AS line,lips_user AS author WHERE author.id=29 AND line.id>0 AND (line.uid=29 OR line.uid in ( SELECT lips_fans.usera FROM lips_fans WHERE lips_fans.userb=29)) ORDER BY line.birth LIMIT 2 [ RunTime:0.000445s ]

[ 2013-07-27T02:17:38+08:00 ] 192.168.1.104 /lips/mobile.php/line/friends_lines
INFO: [ route_check ] --START--
INFO: Run CheckRoute Behavior [ RunTime:0.002275s ]
INFO: [ route_check ] --END-- [ RunTime:0.002474s ]
INFO: [ app_begin ] --START--
INFO: Run ReadHtmlCache Behavior [ RunTime:0.000962s ]
INFO: [ app_begin ] --END-- [ RunTime:0.001065s ]
SQL: SHOW COLUMNS FROM `lips_user` [ RunTime:0.015477s ]
SQL: SELECT * FROM `lips_user` WHERE ( `id` = 29 ) LIMIT 1   [ RunTime:0.000423s ]
SQL: SHOW COLUMNS FROM `lips_line` [ RunTime:0.002520s ]
SQL: SELECT author.uname AS author,line.* FROM lips_line AS line,lips_user AS author WHERE author.id=29 AND line.id<1 AND line.id>0 AND (line.uid=29 OR line.uid in ( SELECT lips_fans.usera FROM lips_fans WHERE lips_fans.userb=29)) ORDER BY line.birth LIMIT 2 [ RunTime:0.000733s ]

[ 2013-07-27T02:17:41+08:00 ] 192.168.1.104 /lips/mobile.php/line/friends_lines
INFO: [ route_check ] --START--
INFO: Run CheckRoute Behavior [ RunTime:0.000965s ]
INFO: [ route_check ] --END-- [ RunTime:0.001032s ]
INFO: [ app_begin ] --START--
INFO: Run ReadHtmlCache Behavior [ RunTime:0.000572s ]
INFO: [ app_begin ] --END-- [ RunTime:0.000615s ]
SQL: SHOW COLUMNS FROM `lips_user` [ RunTime:0.002642s ]
SQL: SELECT * FROM `lips_user` WHERE ( `id` = 29 ) LIMIT 1   [ RunTime:0.000337s ]
SQL: SHOW COLUMNS FROM `lips_line` [ RunTime:0.002177s ]
SQL: SELECT author.uname AS author,line.* FROM lips_line AS line,lips_user AS author WHERE author.id=29 AND line.id<1 AND line.id>0 AND (line.uid=29 OR line.uid in ( SELECT lips_fans.usera FROM lips_fans WHERE lips_fans.userb=29)) ORDER BY line.birth LIMIT 2 [ RunTime:0.000361s ]

[ 2013-07-27T02:19:18+08:00 ] 192.168.1.104 /lips/mobile.php/line/friends_lines
INFO: [ route_check ] --START--
INFO: Run CheckRoute Behavior [ RunTime:0.000626s ]
INFO: [ route_check ] --END-- [ RunTime:0.000696s ]
INFO: [ app_begin ] --START--
INFO: Run ReadHtmlCache Behavior [ RunTime:0.000529s ]
INFO: [ app_begin ] --END-- [ RunTime:0.000573s ]
SQL: SHOW COLUMNS FROM `lips_user` [ RunTime:0.073384s ]
SQL: SELECT * FROM `lips_user` WHERE ( `id` = 29 ) LIMIT 1   [ RunTime:0.001271s ]
SQL: SHOW COLUMNS FROM `lips_line` [ RunTime:0.008221s ]
SQL: SELECT author.uname AS author,line.* FROM lips_line AS line,lips_user AS author WHERE author.id=29 AND line.id>0 AND (line.uid=29 OR line.uid in ( SELECT lips_fans.usera FROM lips_fans WHERE lips_fans.userb=29)) ORDER BY line.birth LIMIT 2 [ RunTime:0.002102s ]

[ 2013-07-27T02:19:24+08:00 ] 192.168.1.104 /lips/mobile.php/line/friends_lines
INFO: [ route_check ] --START--
INFO: Run CheckRoute Behavior [ RunTime:0.001344s ]
INFO: [ route_check ] --END-- [ RunTime:0.001425s ]
INFO: [ app_begin ] --START--
INFO: Run ReadHtmlCache Behavior [ RunTime:0.000600s ]
INFO: [ app_begin ] --END-- [ RunTime:0.000653s ]
SQL: SHOW COLUMNS FROM `lips_user` [ RunTime:0.002887s ]
SQL: SELECT * FROM `lips_user` WHERE ( `id` = 29 ) LIMIT 1   [ RunTime:0.000452s ]
SQL: SHOW COLUMNS FROM `lips_line` [ RunTime:0.002685s ]
SQL: SELECT author.uname AS author,line.* FROM lips_line AS line,lips_user AS author WHERE author.id=29 AND line.id<1 AND line.id>0 AND (line.uid=29 OR line.uid in ( SELECT lips_fans.usera FROM lips_fans WHERE lips_fans.userb=29)) ORDER BY line.birth LIMIT 2 [ RunTime:0.000482s ]

[ 2013-07-27T02:19:30+08:00 ] 192.168.1.104 /lips/mobile.php/line/friends_lines
INFO: [ route_check ] --START--
INFO: Run CheckRoute Behavior [ RunTime:0.000560s ]
INFO: [ route_check ] --END-- [ RunTime:0.000625s ]
INFO: [ app_begin ] --START--
INFO: Run ReadHtmlCache Behavior [ RunTime:0.000388s ]
INFO: [ app_begin ] --END-- [ RunTime:0.000424s ]
SQL: SHOW COLUMNS FROM `lips_user` [ RunTime:0.002900s ]
SQL: SELECT * FROM `lips_user` WHERE ( `id` = 29 ) LIMIT 1   [ RunTime:0.000406s ]
SQL: SHOW COLUMNS FROM `lips_line` [ RunTime:0.002302s ]
SQL: SELECT author.uname AS author,line.* FROM lips_line AS line,lips_user AS author WHERE author.id=29 AND line.id<1 AND line.id>0 AND (line.uid=29 OR line.uid in ( SELECT lips_fans.usera FROM lips_fans WHERE lips_fans.userb=29)) ORDER BY line.birth LIMIT 2 [ RunTime:0.000361s ]

[ 2013-07-27T02:19:32+08:00 ] 192.168.1.104 /lips/mobile.php/line/friends_lines
INFO: [ route_check ] --START--
INFO: Run CheckRoute Behavior [ RunTime:0.000616s ]
INFO: [ route_check ] --END-- [ RunTime:0.000675s ]
INFO: [ app_begin ] --START--
INFO: Run ReadHtmlCache Behavior [ RunTime:0.000427s ]
INFO: [ app_begin ] --END-- [ RunTime:0.000467s ]
SQL: SHOW COLUMNS FROM `lips_user` [ RunTime:0.002409s ]
SQL: SELECT * FROM `lips_user` WHERE ( `id` = 29 ) LIMIT 1   [ RunTime:0.000319s ]
SQL: SHOW COLUMNS FROM `lips_line` [ RunTime:0.002155s ]
SQL: SELECT author.uname AS author,line.* FROM lips_line AS line,lips_user AS author WHERE author.id=29 AND line.id<1 AND line.id>0 AND (line.uid=29 OR line.uid in ( SELECT lips_fans.usera FROM lips_fans WHERE lips_fans.userb=29)) ORDER BY line.birth LIMIT 2 [ RunTime:0.000351s ]

[ 2013-07-27T02:20:32+08:00 ] 192.168.1.104 /lips/mobile.php/line/friends_lines
INFO: [ route_check ] --START--
INFO: Run CheckRoute Behavior [ RunTime:0.001633s ]
INFO: [ route_check ] --END-- [ RunTime:0.001736s ]
INFO: [ app_begin ] --START--
INFO: Run ReadHtmlCache Behavior [ RunTime:0.000991s ]
INFO: [ app_begin ] --END-- [ RunTime:0.001072s ]
SQL: SHOW COLUMNS FROM `lips_user` [ RunTime:0.013923s ]
SQL: SELECT * FROM `lips_user` WHERE ( `id` = 29 ) LIMIT 1   [ RunTime:0.000340s ]
SQL: SHOW COLUMNS FROM `lips_line` [ RunTime:0.002653s ]
SQL: SELECT author.uname AS author,line.* FROM lips_line AS line,lips_user AS author WHERE author.id=29 AND line.id<1 AND line.id>0 AND (line.uid=29 OR line.uid in ( SELECT lips_fans.usera FROM lips_fans WHERE lips_fans.userb=29)) ORDER BY line.birth LIMIT 20 [ RunTime:0.000423s ]

[ 2013-07-27T02:20:35+08:00 ] 192.168.1.104 /lips/mobile.php/line/friends_lines
INFO: [ route_check ] --START--
INFO: Run CheckRoute Behavior [ RunTime:0.000609s ]
INFO: [ route_check ] --END-- [ RunTime:0.000670s ]
INFO: [ app_begin ] --START--
INFO: Run ReadHtmlCache Behavior [ RunTime:0.000434s ]
INFO: [ app_begin ] --END-- [ RunTime:0.000486s ]
SQL: SHOW COLUMNS FROM `lips_user` [ RunTime:0.002716s ]
SQL: SELECT * FROM `lips_user` WHERE ( `id` = 29 ) LIMIT 1   [ RunTime:0.000319s ]
SQL: SHOW COLUMNS FROM `lips_line` [ RunTime:0.002281s ]
SQL: SELECT author.uname AS author,line.* FROM lips_line AS line,lips_user AS author WHERE author.id=29 AND line.id>0 AND (line.uid=29 OR line.uid in ( SELECT lips_fans.usera FROM lips_fans WHERE lips_fans.userb=29)) ORDER BY line.birth LIMIT 20 [ RunTime:0.000578s ]

[ 2013-07-27T03:41:00+08:00 ] 192.168.1.104 /lips/mobile.php/line/friends_lines
INFO: [ route_check ] --START--
INFO: Run CheckRoute Behavior [ RunTime:0.003677s ]
INFO: [ route_check ] --END-- [ RunTime:0.003858s ]
INFO: [ app_begin ] --START--
INFO: Run ReadHtmlCache Behavior [ RunTime:0.000993s ]
INFO: [ app_begin ] --END-- [ RunTime:0.001082s ]
SQL: SHOW COLUMNS FROM `lips_user` [ RunTime:0.003230s ]
SQL: SELECT * FROM `lips_user` WHERE ( `id` = 29 ) LIMIT 1   [ RunTime:0.001034s ]
SQL: SHOW COLUMNS FROM `lips_line` [ RunTime:0.002675s ]
SQL: SELECT lips_user.uname AS author,lips_line.* FROM lips_line,lips_user WHERE lips_user.id=lips_line.uid  AND line.id>0 AND (line.uid=29 OR line.uid in ( SELECT lips_fans.usera FROM lips_fans,lips_user WHERE lips_fans.userb=29 AND lips_user.id=29)) ORDER BY line.id DESC LIMIT 20 [ RunTime:0.000333s ]
ERR: 1054:Unknown column 'line.id' in 'where clause'
 [ SQL语句 ] : SELECT lips_user.uname AS author,lips_line.* FROM lips_line,lips_user WHERE lips_user.id=lips_line.uid  AND line.id>0 AND (line.uid=29 OR line.uid in ( SELECT lips_fans.usera FROM lips_fans,lips_user WHERE lips_fans.userb=29 AND lips_user.id=29)) ORDER BY line.id DESC LIMIT 20

[ 2013-07-27T03:42:34+08:00 ] 192.168.1.104 /lips/mobile.php/line/friends_lines
INFO: [ route_check ] --START--
INFO: Run CheckRoute Behavior [ RunTime:0.001410s ]
INFO: [ route_check ] --END-- [ RunTime:0.001557s ]
INFO: [ app_begin ] --START--
INFO: Run ReadHtmlCache Behavior [ RunTime:0.000724s ]
INFO: [ app_begin ] --END-- [ RunTime:0.000799s ]
SQL: SHOW COLUMNS FROM `lips_user` [ RunTime:0.003459s ]
SQL: SELECT * FROM `lips_user` WHERE ( `id` = 29 ) LIMIT 1   [ RunTime:0.000467s ]
SQL: SHOW COLUMNS FROM `lips_line` [ RunTime:0.004100s ]

[ 2013-07-27T03:47:33+08:00 ] 192.168.1.104 /lips/mobile.php/line/friends_lines
INFO: [ route_check ] --START--
INFO: Run CheckRoute Behavior [ RunTime:0.000957s ]
INFO: [ route_check ] --END-- [ RunTime:0.001018s ]
INFO: [ app_begin ] --START--
INFO: Run ReadHtmlCache Behavior [ RunTime:0.000681s ]
INFO: [ app_begin ] --END-- [ RunTime:0.000733s ]
SQL: SHOW COLUMNS FROM `lips_user` [ RunTime:0.022034s ]
SQL: SELECT * FROM `lips_user` WHERE ( `id` = 29 ) LIMIT 1   [ RunTime:0.000355s ]
SQL: SHOW COLUMNS FROM `lips_line` [ RunTime:0.002406s ]

[ 2013-07-27T03:49:12+08:00 ] 192.168.1.104 /lips/mobile.php/line/friends_lines
INFO: [ route_check ] --START--
INFO: Run CheckRoute Behavior [ RunTime:0.001153s ]
INFO: [ route_check ] --END-- [ RunTime:0.001259s ]
INFO: [ app_begin ] --START--
INFO: Run ReadHtmlCache Behavior [ RunTime:0.000777s ]
INFO: [ app_begin ] --END-- [ RunTime:0.000859s ]
SQL: SHOW COLUMNS FROM `lips_user` [ RunTime:0.002424s ]
SQL: SELECT * FROM `lips_user` WHERE ( `id` = 29 ) LIMIT 1   [ RunTime:0.000310s ]
SQL: SHOW COLUMNS FROM `lips_line` [ RunTime:0.002015s ]
SQL: SELECT lips_user.uname AS author,line.* FROM lips_line AS line,lips_user WHERE lips_user.id=line.uid  AND line.id>0 AND (line.uid=29 OR line.uid in ( SELECT lips_fans.usera FROM lips_fans,lips_user WHERE lips_fans.userb=29 AND lips_user.id=29)) ORDER BY line.id DESC LIMIT 20 [ RunTime:0.000591s ]

[ 2013-07-27T03:49:21+08:00 ] 192.168.1.104 /lips/mobile.php/line/friends_lines
INFO: [ route_check ] --START--
INFO: Run CheckRoute Behavior [ RunTime:0.000628s ]
INFO: [ route_check ] --END-- [ RunTime:0.000692s ]
INFO: [ app_begin ] --START--
INFO: Run ReadHtmlCache Behavior [ RunTime:0.000461s ]
INFO: [ app_begin ] --END-- [ RunTime:0.000514s ]
SQL: SHOW COLUMNS FROM `lips_user` [ RunTime:0.002496s ]
SQL: SELECT * FROM `lips_user` WHERE ( `id` = 29 ) LIMIT 1   [ RunTime:0.000329s ]
SQL: SHOW COLUMNS FROM `lips_line` [ RunTime:0.002278s ]
SQL: SELECT lips_user.uname AS author,line.* FROM lips_line AS line,lips_user WHERE lips_user.id=line.uid  AND line.id<0 AND (line.uid=29 OR line.uid in ( SELECT lips_fans.usera FROM lips_fans,lips_user WHERE lips_fans.userb=29 AND lips_user.id=29)) ORDER BY line.id DESC LIMIT 20 [ RunTime:0.000499s ]

[ 2013-07-27T03:49:24+08:00 ] 192.168.1.104 /lips/mobile.php/line/friends_lines
INFO: [ route_check ] --START--
INFO: Run CheckRoute Behavior [ RunTime:0.000623s ]
INFO: [ route_check ] --END-- [ RunTime:0.000683s ]
INFO: [ app_begin ] --START--
INFO: Run ReadHtmlCache Behavior [ RunTime:0.000426s ]
INFO: [ app_begin ] --END-- [ RunTime:0.000483s ]
SQL: SHOW COLUMNS FROM `lips_user` [ RunTime:0.003204s ]
SQL: SELECT * FROM `lips_user` WHERE ( `id` = 29 ) LIMIT 1   [ RunTime:0.000324s ]
SQL: SHOW COLUMNS FROM `lips_line` [ RunTime:0.002597s ]
SQL: SELECT lips_user.uname AS author,line.* FROM lips_line AS line,lips_user WHERE lips_user.id=line.uid  AND line.id>6 AND (line.uid=29 OR line.uid in ( SELECT lips_fans.usera FROM lips_fans,lips_user WHERE lips_fans.userb=29 AND lips_user.id=29)) ORDER BY line.id DESC LIMIT 20 [ RunTime:0.000369s ]

[ 2013-07-27T03:49:46+08:00 ] 192.168.1.104 /lips/mobile.php/line/friends_lines
INFO: [ route_check ] --START--
INFO: Run CheckRoute Behavior [ RunTime:0.001129s ]
INFO: [ route_check ] --END-- [ RunTime:0.001199s ]
INFO: [ app_begin ] --START--
INFO: Run ReadHtmlCache Behavior [ RunTime:0.000632s ]
INFO: [ app_begin ] --END-- [ RunTime:0.000681s ]
SQL: SHOW COLUMNS FROM `lips_user` [ RunTime:0.023134s ]
SQL: SELECT * FROM `lips_user` WHERE ( `id` = 29 ) LIMIT 1   [ RunTime:0.000333s ]
SQL: SHOW COLUMNS FROM `lips_line` [ RunTime:0.002001s ]
SQL: SELECT lips_user.uname AS author,line.* FROM lips_line AS line,lips_user WHERE lips_user.id=line.uid  AND line.id>0 AND (line.uid=29 OR line.uid in ( SELECT lips_fans.usera FROM lips_fans,lips_user WHERE lips_fans.userb=29 AND lips_user.id=29)) ORDER BY line.id DESC LIMIT 2 [ RunTime:0.000533s ]

[ 2013-07-27T03:49:53+08:00 ] 192.168.1.104 /lips/mobile.php/line/friends_lines
INFO: [ route_check ] --START--
INFO: Run CheckRoute Behavior [ RunTime:0.001213s ]
INFO: [ route_check ] --END-- [ RunTime:0.001337s ]
INFO: [ app_begin ] --START--
INFO: Run ReadHtmlCache Behavior [ RunTime:0.000852s ]
INFO: [ app_begin ] --END-- [ RunTime:0.000935s ]
SQL: SHOW COLUMNS FROM `lips_user` [ RunTime:0.002822s ]
SQL: SELECT * FROM `lips_user` WHERE ( `id` = 29 ) LIMIT 1   [ RunTime:0.000349s ]
SQL: SHOW COLUMNS FROM `lips_line` [ RunTime:0.002137s ]
SQL: SELECT lips_user.uname AS author,line.* FROM lips_line AS line,lips_user WHERE lips_user.id=line.uid  AND line.id<0 AND (line.uid=29 OR line.uid in ( SELECT lips_fans.usera FROM lips_fans,lips_user WHERE lips_fans.userb=29 AND lips_user.id=29)) ORDER BY line.id DESC LIMIT 2 [ RunTime:0.000364s ]

[ 2013-07-27T03:49:58+08:00 ] 192.168.1.104 /lips/mobile.php/line/friends_lines
INFO: [ route_check ] --START--
INFO: Run CheckRoute Behavior [ RunTime:0.001072s ]
INFO: [ route_check ] --END-- [ RunTime:0.001169s ]
INFO: [ app_begin ] --START--
INFO: Run ReadHtmlCache Behavior [ RunTime:0.000770s ]
INFO: [ app_begin ] --END-- [ RunTime:0.000844s ]
SQL: SHOW COLUMNS FROM `lips_user` [ RunTime:0.003972s ]
SQL: SELECT * FROM `lips_user` WHERE ( `id` = 29 ) LIMIT 1   [ RunTime:0.000511s ]
SQL: SHOW COLUMNS FROM `lips_line` [ RunTime:0.003482s ]
SQL: SELECT lips_user.uname AS author,line.* FROM lips_line AS line,lips_user WHERE lips_user.id=line.uid  AND line.id>6 AND (line.uid=29 OR line.uid in ( SELECT lips_fans.usera FROM lips_fans,lips_user WHERE lips_fans.userb=29 AND lips_user.id=29)) ORDER BY line.id DESC LIMIT 2 [ RunTime:0.000546s ]

[ 2013-07-27T03:49:59+08:00 ] 192.168.1.104 /lips/mobile.php/line/friends_lines
INFO: [ route_check ] --START--
INFO: Run CheckRoute Behavior [ RunTime:0.000983s ]
INFO: [ route_check ] --END-- [ RunTime:0.001167s ]
INFO: [ app_begin ] --START--
INFO: Run ReadHtmlCache Behavior [ RunTime:0.000662s ]
INFO: [ app_begin ] --END-- [ RunTime:0.000726s ]
SQL: SHOW COLUMNS FROM `lips_user` [ RunTime:0.003380s ]
SQL: SELECT * FROM `lips_user` WHERE ( `id` = 29 ) LIMIT 1   [ RunTime:0.000485s ]
SQL: SHOW COLUMNS FROM `lips_line` [ RunTime:0.003084s ]
SQL: SELECT lips_user.uname AS author,line.* FROM lips_line AS line,lips_user WHERE lips_user.id=line.uid  AND line.id>6 AND (line.uid=29 OR line.uid in ( SELECT lips_fans.usera FROM lips_fans,lips_user WHERE lips_fans.userb=29 AND lips_user.id=29)) ORDER BY line.id DESC LIMIT 2 [ RunTime:0.000460s ]

[ 2013-07-27T03:50:12+08:00 ] 192.168.1.104 /lips/mobile.php/line/friends_lines
INFO: [ route_check ] --START--
INFO: Run CheckRoute Behavior [ RunTime:0.000546s ]
INFO: [ route_check ] --END-- [ RunTime:0.000598s ]
INFO: [ app_begin ] --START--
INFO: Run ReadHtmlCache Behavior [ RunTime:0.000413s ]
INFO: [ app_begin ] --END-- [ RunTime:0.000452s ]
SQL: SHOW COLUMNS FROM `lips_user` [ RunTime:0.025404s ]
SQL: SELECT * FROM `lips_user` WHERE ( `id` = 29 ) LIMIT 1   [ RunTime:0.000464s ]
SQL: SHOW COLUMNS FROM `lips_line` [ RunTime:0.002580s ]
SQL: SELECT lips_user.uname AS author,line.* FROM lips_line AS line,lips_user WHERE lips_user.id=line.uid  AND line.id<0 AND (line.uid=29 OR line.uid in ( SELECT lips_fans.usera FROM lips_fans,lips_user WHERE lips_fans.userb=29 AND lips_user.id=29)) ORDER BY line.id DESC LIMIT 2 [ RunTime:0.000447s ]

[ 2013-07-27T03:50:46+08:00 ] 192.168.1.104 /lips/mobile.php/line/friends_lines
INFO: [ route_check ] --START--
INFO: Run CheckRoute Behavior [ RunTime:0.001319s ]
INFO: [ route_check ] --END-- [ RunTime:0.001437s ]
INFO: [ app_begin ] --START--
INFO: Run ReadHtmlCache Behavior [ RunTime:0.000902s ]
INFO: [ app_begin ] --END-- [ RunTime:0.000991s ]
SQL: SHOW COLUMNS FROM `lips_user` [ RunTime:0.003395s ]
SQL: SELECT * FROM `lips_user` WHERE ( `id` = 29 ) LIMIT 1   [ RunTime:0.000421s ]
SQL: SHOW COLUMNS FROM `lips_line` [ RunTime:0.003129s ]

[ 2013-07-27T03:52:11+08:00 ] 192.168.1.104 /lips/mobile.php/line/friends_lines
INFO: [ route_check ] --START--
INFO: Run CheckRoute Behavior [ RunTime:0.001070s ]
INFO: [ route_check ] --END-- [ RunTime:0.001146s ]
INFO: [ app_begin ] --START--
INFO: Run ReadHtmlCache Behavior [ RunTime:0.000556s ]
INFO: [ app_begin ] --END-- [ RunTime:0.000600s ]
SQL: SHOW COLUMNS FROM `lips_user` [ RunTime:0.002376s ]
SQL: SELECT * FROM `lips_user` WHERE ( `id` = 29 ) LIMIT 1   [ RunTime:0.000305s ]
SQL: SHOW COLUMNS FROM `lips_line` [ RunTime:0.002166s ]

[ 2013-07-27T03:54:43+08:00 ] 192.168.1.104 /lips/mobile.php/line/friends_lines
INFO: [ route_check ] --START--
INFO: Run CheckRoute Behavior [ RunTime:0.001003s ]
INFO: [ route_check ] --END-- [ RunTime:0.001070s ]
INFO: [ app_begin ] --START--
INFO: Run ReadHtmlCache Behavior [ RunTime:0.000557s ]
INFO: [ app_begin ] --END-- [ RunTime:0.000600s ]
SQL: SHOW COLUMNS FROM `lips_user` [ RunTime:0.003338s ]
SQL: SELECT * FROM `lips_user` WHERE ( `id` = 29 ) LIMIT 1   [ RunTime:0.000606s ]
SQL: SHOW COLUMNS FROM `lips_line` [ RunTime:0.002841s ]

[ 2013-07-27T03:55:01+08:00 ] 192.168.1.104 /lips/mobile.php/line/friends_lines
INFO: [ route_check ] --START--
INFO: Run CheckRoute Behavior [ RunTime:0.000610s ]
INFO: [ route_check ] --END-- [ RunTime:0.000671s ]
INFO: [ app_begin ] --START--
INFO: Run ReadHtmlCache Behavior [ RunTime:0.000420s ]
INFO: [ app_begin ] --END-- [ RunTime:0.000461s ]
SQL: SHOW COLUMNS FROM `lips_user` [ RunTime:0.015380s ]
SQL: SELECT * FROM `lips_user` WHERE ( `id` = 29 ) LIMIT 1   [ RunTime:0.000431s ]
SQL: SHOW COLUMNS FROM `lips_line` [ RunTime:0.002153s ]
SQL: SELECT lips_user.uname AS author,line.* FROM lips_line AS line,lips_user WHERE lips_user.id=line.uid  AND line.id>0 AND (line.uid=29 OR line.uid in ( SELECT lips_fans.usera FROM lips_fans,lips_user WHERE lips_fans.userb=29 AND lips_user.id=29)) ORDER BY line.id DESC LIMIT 2 [ RunTime:0.000571s ]

[ 2013-07-27T03:55:10+08:00 ] 192.168.1.104 /lips/mobile.php/line/friends_lines
INFO: [ route_check ] --START--
INFO: Run CheckRoute Behavior [ RunTime:0.000877s ]
INFO: [ route_check ] --END-- [ RunTime:0.000962s ]
INFO: [ app_begin ] --START--
INFO: Run ReadHtmlCache Behavior [ RunTime:0.000897s ]
INFO: [ app_begin ] --END-- [ RunTime:0.001007s ]
SQL: SHOW COLUMNS FROM `lips_user` [ RunTime:0.021600s ]
SQL: SELECT * FROM `lips_user` WHERE ( `id` = 29 ) LIMIT 1   [ RunTime:0.000265s ]
SQL: SHOW COLUMNS FROM `lips_line` [ RunTime:0.001965s ]
SQL: SELECT lips_user.uname AS author,line.* FROM lips_line AS line,lips_user WHERE lips_user.id=line.uid  AND line.id<0 AND (line.uid=29 OR line.uid in ( SELECT lips_fans.usera FROM lips_fans,lips_user WHERE lips_fans.userb=29 AND lips_user.id=29)) ORDER BY line.id DESC LIMIT 2 [ RunTime:0.000329s ]

[ 2013-07-27T03:55:47+08:00 ] 192.168.1.104 /lips/mobile.php/line/friends_lines
INFO: [ route_check ] --START--
INFO: Run CheckRoute Behavior [ RunTime:0.000633s ]
INFO: [ route_check ] --END-- [ RunTime:0.000696s ]
INFO: [ app_begin ] --START--
INFO: Run ReadHtmlCache Behavior [ RunTime:0.000430s ]
INFO: [ app_begin ] --END-- [ RunTime:0.000475s ]
SQL: SHOW COLUMNS FROM `lips_user` [ RunTime:0.002403s ]
SQL: SELECT * FROM `lips_user` WHERE ( `id` = 29 ) LIMIT 1   [ RunTime:0.000404s ]
SQL: SHOW COLUMNS FROM `lips_line` [ RunTime:0.002366s ]
SQL: SELECT lips_user.uname AS author,line.* FROM lips_line AS line,lips_user WHERE lips_user.id=line.uid  AND line.id>0 AND (line.uid=29 OR line.uid in ( SELECT lips_fans.usera FROM lips_fans,lips_user WHERE lips_fans.userb=29 AND lips_user.id=29)) ORDER BY line.id DESC LIMIT 2 [ RunTime:0.000551s ]

[ 2013-07-27T03:55:51+08:00 ] 192.168.1.104 /lips/mobile.php/line/friends_lines
INFO: [ route_check ] --START--
INFO: Run CheckRoute Behavior [ RunTime:0.001779s ]
INFO: [ route_check ] --END-- [ RunTime:0.001884s ]
INFO: [ app_begin ] --START--
INFO: Run ReadHtmlCache Behavior [ RunTime:0.001199s ]
INFO: [ app_begin ] --END-- [ RunTime:0.001310s ]
SQL: SHOW COLUMNS FROM `lips_user` [ RunTime:0.002546s ]
SQL: SELECT * FROM `lips_user` WHERE ( `id` = 29 ) LIMIT 1   [ RunTime:0.000303s ]
SQL: SHOW COLUMNS FROM `lips_line` [ RunTime:0.003248s ]
SQL: SELECT lips_user.uname AS author,line.* FROM lips_line AS line,lips_user WHERE lips_user.id=line.uid  AND line.id<5 AND (line.uid=29 OR line.uid in ( SELECT lips_fans.usera FROM lips_fans,lips_user WHERE lips_fans.userb=29 AND lips_user.id=29)) ORDER BY line.id DESC LIMIT 2 [ RunTime:0.000626s ]

[ 2013-07-27T03:55:57+08:00 ] 192.168.1.104 /lips/mobile.php/line/friends_lines
INFO: [ route_check ] --START--
INFO: Run CheckRoute Behavior [ RunTime:0.001312s ]
INFO: [ route_check ] --END-- [ RunTime:0.001427s ]
INFO: [ app_begin ] --START--
INFO: Run ReadHtmlCache Behavior [ RunTime:0.000918s ]
INFO: [ app_begin ] --END-- [ RunTime:0.001007s ]
SQL: SHOW COLUMNS FROM `lips_user` [ RunTime:0.004335s ]
SQL: SELECT * FROM `lips_user` WHERE ( `id` = 29 ) LIMIT 1   [ RunTime:0.000429s ]
SQL: SHOW COLUMNS FROM `lips_line` [ RunTime:0.003901s ]
SQL: SELECT lips_user.uname AS author,line.* FROM lips_line AS line,lips_user WHERE lips_user.id=line.uid  AND line.id<3 AND (line.uid=29 OR line.uid in ( SELECT lips_fans.usera FROM lips_fans,lips_user WHERE lips_fans.userb=29 AND lips_user.id=29)) ORDER BY line.id DESC LIMIT 2 [ RunTime:0.000561s ]

[ 2013-07-27T03:56:01+08:00 ] 192.168.1.104 /lips/mobile.php/line/friends_lines
INFO: [ route_check ] --START--
INFO: Run CheckRoute Behavior [ RunTime:0.001257s ]
INFO: [ route_check ] --END-- [ RunTime:0.001385s ]
INFO: [ app_begin ] --START--
INFO: Run ReadHtmlCache Behavior [ RunTime:0.000869s ]
INFO: [ app_begin ] --END-- [ RunTime:0.000953s ]
SQL: SHOW COLUMNS FROM `lips_user` [ RunTime:0.169306s ]
SQL: SELECT * FROM `lips_user` WHERE ( `id` = 29 ) LIMIT 1   [ RunTime:0.001033s ]
SQL: SHOW COLUMNS FROM `lips_line` [ RunTime:0.008691s ]
SQL: SELECT lips_user.uname AS author,line.* FROM lips_line AS line,lips_user WHERE lips_user.id=line.uid  AND line.id<1 AND (line.uid=29 OR line.uid in ( SELECT lips_fans.usera FROM lips_fans,lips_user WHERE lips_fans.userb=29 AND lips_user.id=29)) ORDER BY line.id DESC LIMIT 2 [ RunTime:0.001822s ]

[ 2013-07-27T03:56:04+08:00 ] 192.168.1.104 /lips/mobile.php/line/friends_lines
INFO: [ route_check ] --START--
INFO: Run CheckRoute Behavior [ RunTime:0.000617s ]
INFO: [ route_check ] --END-- [ RunTime:0.000679s ]
INFO: [ app_begin ] --START--
INFO: Run ReadHtmlCache Behavior [ RunTime:0.000428s ]
INFO: [ app_begin ] --END-- [ RunTime:0.000468s ]
SQL: SHOW COLUMNS FROM `lips_user` [ RunTime:0.003117s ]
SQL: SELECT * FROM `lips_user` WHERE ( `id` = 29 ) LIMIT 1   [ RunTime:0.000291s ]
SQL: SHOW COLUMNS FROM `lips_line` [ RunTime:0.002470s ]
SQL: SELECT lips_user.uname AS author,line.* FROM lips_line AS line,lips_user WHERE lips_user.id=line.uid  AND line.id>6 AND (line.uid=29 OR line.uid in ( SELECT lips_fans.usera FROM lips_fans,lips_user WHERE lips_fans.userb=29 AND lips_user.id=29)) ORDER BY line.id DESC LIMIT 2 [ RunTime:0.000549s ]

[ 2013-07-27T03:56:19+08:00 ] 192.168.1.104 /lips/mobile.php/line/friends_lines
INFO: [ route_check ] --START--
INFO: Run CheckRoute Behavior [ RunTime:0.000867s ]
INFO: [ route_check ] --END-- [ RunTime:0.000947s ]
INFO: [ app_begin ] --START--
INFO: Run ReadHtmlCache Behavior [ RunTime:0.000662s ]
INFO: [ app_begin ] --END-- [ RunTime:0.000728s ]
SQL: SHOW COLUMNS FROM `lips_user` [ RunTime:0.002558s ]
SQL: SELECT * FROM `lips_user` WHERE ( `id` = 29 ) LIMIT 1   [ RunTime:0.000412s ]
SQL: SHOW COLUMNS FROM `lips_line` [ RunTime:0.002198s ]
SQL: SELECT lips_user.uname AS author,line.* FROM lips_line AS line,lips_user WHERE lips_user.id=line.uid  AND line.id<1 AND (line.uid=29 OR line.uid in ( SELECT lips_fans.usera FROM lips_fans,lips_user WHERE lips_fans.userb=29 AND lips_user.id=29)) ORDER BY line.id DESC LIMIT 2 [ RunTime:0.000756s ]

[ 2013-07-27T03:56:22+08:00 ] 192.168.1.104 /lips/mobile.php/line/friends_lines
INFO: [ route_check ] --START--
INFO: Run CheckRoute Behavior [ RunTime:0.000701s ]
INFO: [ route_check ] --END-- [ RunTime:0.000766s ]
INFO: [ app_begin ] --START--
INFO: Run ReadHtmlCache Behavior [ RunTime:0.000477s ]
INFO: [ app_begin ] --END-- [ RunTime:0.000518s ]
SQL: SHOW COLUMNS FROM `lips_user` [ RunTime:0.002556s ]
SQL: SELECT * FROM `lips_user` WHERE ( `id` = 29 ) LIMIT 1   [ RunTime:0.000298s ]
SQL: SHOW COLUMNS FROM `lips_line` [ RunTime:0.002290s ]
SQL: SELECT lips_user.uname AS author,line.* FROM lips_line AS line,lips_user WHERE lips_user.id=line.uid  AND line.id>6 AND (line.uid=29 OR line.uid in ( SELECT lips_fans.usera FROM lips_fans,lips_user WHERE lips_fans.userb=29 AND lips_user.id=29)) ORDER BY line.id DESC LIMIT 2 [ RunTime:0.000387s ]

[ 2013-07-27T03:56:34+08:00 ] 192.168.1.104 /lips/mobile.php/line/friends_lines
INFO: [ route_check ] --START--
INFO: Run CheckRoute Behavior [ RunTime:0.000889s ]
INFO: [ route_check ] --END-- [ RunTime:0.000972s ]
INFO: [ app_begin ] --START--
INFO: Run ReadHtmlCache Behavior [ RunTime:0.000624s ]
INFO: [ app_begin ] --END-- [ RunTime:0.000684s ]
SQL: SHOW COLUMNS FROM `lips_user` [ RunTime:0.023927s ]
SQL: SELECT * FROM `lips_user` WHERE ( `id` = 29 ) LIMIT 1   [ RunTime:0.000420s ]
SQL: SHOW COLUMNS FROM `lips_line` [ RunTime:0.002439s ]
SQL: SELECT lips_user.uname AS author,line.* FROM lips_line AS line,lips_user WHERE lips_user.id=line.uid  AND line.id>0 AND (line.uid=29 OR line.uid in ( SELECT lips_fans.usera FROM lips_fans,lips_user WHERE lips_fans.userb=29 AND lips_user.id=29)) ORDER BY line.id DESC LIMIT 2 [ RunTime:0.000601s ]

[ 2013-07-27T03:56:36+08:00 ] 192.168.1.104 /lips/mobile.php/line/friends_lines
INFO: [ route_check ] --START--
INFO: Run CheckRoute Behavior [ RunTime:0.000606s ]
INFO: [ route_check ] --END-- [ RunTime:0.000668s ]
INFO: [ app_begin ] --START--
INFO: Run ReadHtmlCache Behavior [ RunTime:0.000426s ]
INFO: [ app_begin ] --END-- [ RunTime:0.000465s ]
SQL: SHOW COLUMNS FROM `lips_user` [ RunTime:0.002420s ]
SQL: SELECT * FROM `lips_user` WHERE ( `id` = 29 ) LIMIT 1   [ RunTime:0.000309s ]
SQL: SHOW COLUMNS FROM `lips_line` [ RunTime:0.002329s ]
SQL: SELECT lips_user.uname AS author,line.* FROM lips_line AS line,lips_user WHERE lips_user.id=line.uid  AND line.id<5 AND (line.uid=29 OR line.uid in ( SELECT lips_fans.usera FROM lips_fans,lips_user WHERE lips_fans.userb=29 AND lips_user.id=29)) ORDER BY line.id DESC LIMIT 2 [ RunTime:0.000730s ]

[ 2013-07-27T03:56:38+08:00 ] 192.168.1.104 /lips/mobile.php/line/friends_lines
INFO: [ route_check ] --START--
INFO: Run CheckRoute Behavior [ RunTime:0.000718s ]
INFO: [ route_check ] --END-- [ RunTime:0.000799s ]
INFO: [ app_begin ] --START--
INFO: Run ReadHtmlCache Behavior [ RunTime:0.000494s ]
INFO: [ app_begin ] --END-- [ RunTime:0.000541s ]
SQL: SHOW COLUMNS FROM `lips_user` [ RunTime:0.003013s ]
SQL: SELECT * FROM `lips_user` WHERE ( `id` = 29 ) LIMIT 1   [ RunTime:0.000311s ]
SQL: SHOW COLUMNS FROM `lips_line` [ RunTime:0.002414s ]
SQL: SELECT lips_user.uname AS author,line.* FROM lips_line AS line,lips_user WHERE lips_user.id=line.uid  AND line.id<3 AND (line.uid=29 OR line.uid in ( SELECT lips_fans.usera FROM lips_fans,lips_user WHERE lips_fans.userb=29 AND lips_user.id=29)) ORDER BY line.id DESC LIMIT 2 [ RunTime:0.000408s ]

[ 2013-07-27T03:56:55+08:00 ] 192.168.1.104 /lips/mobile.php/line/friends_lines
INFO: [ route_check ] --START--
INFO: Run CheckRoute Behavior [ RunTime:0.000622s ]
INFO: [ route_check ] --END-- [ RunTime:0.000687s ]
INFO: [ app_begin ] --START--
INFO: Run ReadHtmlCache Behavior [ RunTime:0.000428s ]
INFO: [ app_begin ] --END-- [ RunTime:0.000468s ]
SQL: SHOW COLUMNS FROM `lips_user` [ RunTime:0.003210s ]
SQL: SELECT * FROM `lips_user` WHERE ( `id` = 29 ) LIMIT 1   [ RunTime:0.000331s ]
SQL: SHOW COLUMNS FROM `lips_line` [ RunTime:0.002329s ]
SQL: SELECT lips_user.uname AS author,line.* FROM lips_line AS line,lips_user WHERE lips_user.id=line.uid  AND line.id>0 AND (line.uid=29 OR line.uid in ( SELECT lips_fans.usera FROM lips_fans,lips_user WHERE lips_fans.userb=29 AND lips_user.id=29)) ORDER BY line.id DESC LIMIT 2 [ RunTime:0.000776s ]

[ 2013-07-27T03:56:59+08:00 ] 192.168.1.104 /lips/mobile.php/line/friends_lines
INFO: [ route_check ] --START--
INFO: Run CheckRoute Behavior [ RunTime:0.001153s ]
INFO: [ route_check ] --END-- [ RunTime:0.001215s ]
INFO: [ app_begin ] --START--
INFO: Run ReadHtmlCache Behavior [ RunTime:0.000558s ]
INFO: [ app_begin ] --END-- [ RunTime:0.000601s ]
SQL: SHOW COLUMNS FROM `lips_user` [ RunTime:0.184817s ]
SQL: SELECT * FROM `lips_user` WHERE ( `id` = 29 ) LIMIT 1   [ RunTime:0.000308s ]
SQL: SHOW COLUMNS FROM `lips_line` [ RunTime:0.001948s ]
SQL: SELECT lips_user.uname AS author,line.* FROM lips_line AS line,lips_user WHERE lips_user.id=line.uid  AND line.id<5 AND (line.uid=29 OR line.uid in ( SELECT lips_fans.usera FROM lips_fans,lips_user WHERE lips_fans.userb=29 AND lips_user.id=29)) ORDER BY line.id DESC LIMIT 2 [ RunTime:0.000490s ]

[ 2013-07-27T03:57:04+08:00 ] 192.168.1.104 /lips/mobile.php/line/friends_lines
INFO: [ route_check ] --START--
INFO: Run CheckRoute Behavior [ RunTime:0.000778s ]
INFO: [ route_check ] --END-- [ RunTime:0.000856s ]
INFO: [ app_begin ] --START--
INFO: Run ReadHtmlCache Behavior [ RunTime:0.000424s ]
INFO: [ app_begin ] --END-- [ RunTime:0.000461s ]
SQL: SHOW COLUMNS FROM `lips_user` [ RunTime:0.009600s ]
SQL: SELECT * FROM `lips_user` WHERE ( `id` = 29 ) LIMIT 1   [ RunTime:0.000338s ]
SQL: SHOW COLUMNS FROM `lips_line` [ RunTime:0.002268s ]
SQL: SELECT lips_user.uname AS author,line.* FROM lips_line AS line,lips_user WHERE lips_user.id=line.uid  AND line.id<3 AND (line.uid=29 OR line.uid in ( SELECT lips_fans.usera FROM lips_fans,lips_user WHERE lips_fans.userb=29 AND lips_user.id=29)) ORDER BY line.id DESC LIMIT 2 [ RunTime:0.000391s ]

[ 2013-07-27T03:57:25+08:00 ] 192.168.1.104 /lips/mobile.php/line/friends_lines
INFO: [ route_check ] --START--
INFO: Run CheckRoute Behavior [ RunTime:0.001014s ]
INFO: [ route_check ] --END-- [ RunTime:0.001090s ]
INFO: [ app_begin ] --START--
INFO: Run ReadHtmlCache Behavior [ RunTime:0.000825s ]
INFO: [ app_begin ] --END-- [ RunTime:0.000889s ]
SQL: SHOW COLUMNS FROM `lips_user` [ RunTime:0.002633s ]
SQL: SELECT * FROM `lips_user` WHERE ( `id` = 29 ) LIMIT 1   [ RunTime:0.000371s ]
SQL: SHOW COLUMNS FROM `lips_line` [ RunTime:0.002421s ]
SQL: SELECT lips_user.uname AS author,line.* FROM lips_line AS line,lips_user WHERE lips_user.id=line.uid  AND line.id>0 AND (line.uid=29 OR line.uid in ( SELECT lips_fans.usera FROM lips_fans,lips_user WHERE lips_fans.userb=29 AND lips_user.id=29)) ORDER BY line.id DESC LIMIT 2 [ RunTime:0.000552s ]

[ 2013-07-27T03:57:51+08:00 ] 192.168.1.104 /lips/mobile.php/line/friends_lines
INFO: [ route_check ] --START--
INFO: Run CheckRoute Behavior [ RunTime:0.000672s ]
INFO: [ route_check ] --END-- [ RunTime:0.000736s ]
INFO: [ app_begin ] --START--
INFO: Run ReadHtmlCache Behavior [ RunTime:0.000509s ]
INFO: [ app_begin ] --END-- [ RunTime:0.000634s ]
SQL: SHOW COLUMNS FROM `lips_user` [ RunTime:0.002666s ]
SQL: SELECT * FROM `lips_user` WHERE ( `id` = 29 ) LIMIT 1   [ RunTime:0.000313s ]
SQL: SHOW COLUMNS FROM `lips_line` [ RunTime:0.002159s ]
SQL: SELECT lips_user.uname AS author,line.* FROM lips_line AS line,lips_user WHERE lips_user.id=line.uid  AND line.id>0 AND (line.uid=29 OR line.uid in ( SELECT lips_fans.usera FROM lips_fans,lips_user WHERE lips_fans.userb=29 AND lips_user.id=29)) ORDER BY line.id DESC LIMIT 20 [ RunTime:0.000663s ]

[ 2013-07-27T03:57:55+08:00 ] 192.168.1.104 /lips/mobile.php/line/friends_lines
INFO: [ route_check ] --START--
INFO: Run CheckRoute Behavior [ RunTime:0.002721s ]
INFO: [ route_check ] --END-- [ RunTime:0.002986s ]
INFO: [ app_begin ] --START--
INFO: Run ReadHtmlCache Behavior [ RunTime:0.000947s ]
INFO: [ app_begin ] --END-- [ RunTime:0.001038s ]
SQL: SHOW COLUMNS FROM `lips_user` [ RunTime:0.061780s ]
SQL: SELECT * FROM `lips_user` WHERE ( `id` = 29 ) LIMIT 1   [ RunTime:0.000546s ]
SQL: SHOW COLUMNS FROM `lips_line` [ RunTime:0.003707s ]
SQL: SELECT lips_user.uname AS author,line.* FROM lips_line AS line,lips_user WHERE lips_user.id=line.uid  AND line.id<1 AND (line.uid=29 OR line.uid in ( SELECT lips_fans.usera FROM lips_fans,lips_user WHERE lips_fans.userb=29 AND lips_user.id=29)) ORDER BY line.id DESC LIMIT 20 [ RunTime:0.000572s ]

[ 2013-07-27T03:57:57+08:00 ] 192.168.1.104 /lips/mobile.php/line/friends_lines
INFO: [ route_check ] --START--
INFO: Run CheckRoute Behavior [ RunTime:0.001981s ]
INFO: [ route_check ] --END-- [ RunTime:0.002198s ]
INFO: [ app_begin ] --START--
INFO: Run ReadHtmlCache Behavior [ RunTime:0.000623s ]
INFO: [ app_begin ] --END-- [ RunTime:0.000681s ]
SQL: SHOW COLUMNS FROM `lips_user` [ RunTime:0.002177s ]
SQL: SELECT * FROM `lips_user` WHERE ( `id` = 29 ) LIMIT 1   [ RunTime:0.000286s ]
SQL: SHOW COLUMNS FROM `lips_line` [ RunTime:0.001944s ]
SQL: SELECT lips_user.uname AS author,line.* FROM lips_line AS line,lips_user WHERE lips_user.id=line.uid  AND line.id>6 AND (line.uid=29 OR line.uid in ( SELECT lips_fans.usera FROM lips_fans,lips_user WHERE lips_fans.userb=29 AND lips_user.id=29)) ORDER BY line.id DESC LIMIT 20 [ RunTime:0.000299s ]

[ 2013-07-27T03:57:58+08:00 ] 192.168.1.104 /lips/mobile.php/users/briefinfo
INFO: [ route_check ] --START--
INFO: Run CheckRoute Behavior [ RunTime:0.001133s ]
INFO: [ route_check ] --END-- [ RunTime:0.001211s ]
INFO: [ app_begin ] --START--
INFO: Run ReadHtmlCache Behavior [ RunTime:0.000678s ]
INFO: [ app_begin ] --END-- [ RunTime:0.000730s ]
SQL: SHOW COLUMNS FROM `lips_user` [ RunTime:0.003028s ]
SQL: SELECT * FROM `lips_user` WHERE ( `id` = 29 ) LIMIT 1   [ RunTime:0.000393s ]
SQL: SHOW COLUMNS FROM `lips_user` [ RunTime:0.003251s ]
SQL: SELECT user.id,user.uname,user.udesc,user.gender,user.grade,
             (SELECT count(id) from lips_fans where usera=29) AS followers,
             (SELECT count(id) from lips_fans where userb=29) AS following
             FROM lips_user AS user WHERE user.id=29 [ RunTime:0.000638s ]

[ 2013-07-27T03:57:58+08:00 ] 192.168.1.104 /lips/mobile.php/users/news
INFO: [ route_check ] --START--
INFO: Run CheckRoute Behavior [ RunTime:0.000993s ]
INFO: [ route_check ] --END-- [ RunTime:0.001056s ]
INFO: [ app_begin ] --START--
INFO: Run ReadHtmlCache Behavior [ RunTime:0.000543s ]
INFO: [ app_begin ] --END-- [ RunTime:0.000590s ]
SQL: SHOW COLUMNS FROM `lips_user` [ RunTime:0.002228s ]
SQL: SELECT * FROM `lips_user` WHERE ( `id` = 29 ) LIMIT 1   [ RunTime:0.000284s ]
SQL: SHOW COLUMNS FROM `lips_user` [ RunTime:0.002072s ]
SQL:  SELECT fans.birth,userb,user.uname AS userbname FROM lips_fans AS fans,lips_user AS user WHERE fans.userb=user.id  AND usera=29 ORDER BY fans.birth LIMIT 5  [ RunTime:0.000312s ]
SQL:  SELECT likes.birth,lid,userb,user.uname AS userbname,line.content AS lcon FROM lips_likes AS likes,lips_user AS user,lips_line AS line WHERE likes.userb=user.id AND likes.lid=line.id AND likes.usera=29 ORDER BY likes.birth LIMIT 5  [ RunTime:0.000329s ]
SQL:  SELECT subs.birth,cid,userb,user.uname AS userbname,clip.name AS cname FROM lips_subs AS subs,lips_user AS user,lips_clip AS clip WHERE subs.userb=user.id AND subs.cid=clip.id AND subs.usera=29 ORDER BY subs.birth LIMIT 5  [ RunTime:0.000267s ]

[ 2013-07-27T03:58:02+08:00 ] 192.168.1.104 /lips/mobile.php/line/clips
INFO: [ route_check ] --START--
INFO: Run CheckRoute Behavior [ RunTime:0.001560s ]
INFO: [ route_check ] --END-- [ RunTime:0.001695s ]
INFO: [ app_begin ] --START--
INFO: Run ReadHtmlCache Behavior [ RunTime:0.001064s ]
INFO: [ app_begin ] --END-- [ RunTime:0.001165s ]
SQL: SHOW COLUMNS FROM `lips_clip` [ RunTime:0.017852s ]
SQL: SELECT * FROM lips_clip WHERE uid=29 [ RunTime:0.000309s ]

[ 2013-07-27T03:58:20+08:00 ] 192.168.1.104 /lips/mobile.php/line/addline
INFO: [ route_check ] --START--
INFO: Run CheckRoute Behavior [ RunTime:0.000982s ]
INFO: [ route_check ] --END-- [ RunTime:0.001075s ]
INFO: [ app_begin ] --START--
INFO: Run ReadHtmlCache Behavior [ RunTime:0.000615s ]
INFO: [ app_begin ] --END-- [ RunTime:0.000675s ]
SQL: SHOW COLUMNS FROM `lips_user` [ RunTime:0.006220s ]
SQL: SELECT * FROM `lips_user` WHERE ( `id` = 29 ) LIMIT 1   [ RunTime:0.000430s ]
SQL: SHOW COLUMNS FROM `lips_line` [ RunTime:0.004263s ]
SQL: INSERT INTO `lips_line` (`uid`,`clipid`,`content`,`birth`) VALUES (29,1,'我还在等待着，你却已经变得不认识','2013-07-27 03:58:20') [ RunTime:0.111365s ]

[ 2013-07-27T03:58:22+08:00 ] 192.168.1.104 /lips/mobile.php/line/friends_lines
INFO: [ route_check ] --START--
INFO: Run CheckRoute Behavior [ RunTime:0.001049s ]
INFO: [ route_check ] --END-- [ RunTime:0.001171s ]
INFO: [ app_begin ] --START--
INFO: Run ReadHtmlCache Behavior [ RunTime:0.000700s ]
INFO: [ app_begin ] --END-- [ RunTime:0.000766s ]
SQL: SHOW COLUMNS FROM `lips_user` [ RunTime:0.003038s ]
SQL: SELECT * FROM `lips_user` WHERE ( `id` = 29 ) LIMIT 1   [ RunTime:0.000388s ]
SQL: SHOW COLUMNS FROM `lips_line` [ RunTime:0.002094s ]
SQL: SELECT lips_user.uname AS author,line.* FROM lips_line AS line,lips_user WHERE lips_user.id=line.uid  AND line.id>6 AND (line.uid=29 OR line.uid in ( SELECT lips_fans.usera FROM lips_fans,lips_user WHERE lips_fans.userb=29 AND lips_user.id=29)) ORDER BY line.id DESC LIMIT 20 [ RunTime:0.000385s ]

[ 2013-07-27T03:58:25+08:00 ] 192.168.1.104 /lips/mobile.php/line/clips
INFO: [ route_check ] --START--
INFO: Run CheckRoute Behavior [ RunTime:0.001563s ]
INFO: [ route_check ] --END-- [ RunTime:0.001712s ]
INFO: [ app_begin ] --START--
INFO: Run ReadHtmlCache Behavior [ RunTime:0.001222s ]
INFO: [ app_begin ] --END-- [ RunTime:0.001330s ]
SQL: SHOW COLUMNS FROM `lips_clip` [ RunTime:0.017113s ]
SQL: SELECT * FROM lips_clip WHERE uid=29 [ RunTime:0.000303s ]

[ 2013-07-27T03:59:07+08:00 ] 192.168.1.104 /lips/mobile.php/line/addline
INFO: [ route_check ] --START--
INFO: Run CheckRoute Behavior [ RunTime:0.000597s ]
INFO: [ route_check ] --END-- [ RunTime:0.000658s ]
INFO: [ app_begin ] --START--
INFO: Run ReadHtmlCache Behavior [ RunTime:0.000474s ]
INFO: [ app_begin ] --END-- [ RunTime:0.000523s ]
SQL: SHOW COLUMNS FROM `lips_user` [ RunTime:0.002274s ]
SQL: SELECT * FROM `lips_user` WHERE ( `id` = 29 ) LIMIT 1   [ RunTime:0.000314s ]
SQL: SHOW COLUMNS FROM `lips_line` [ RunTime:0.001870s ]
SQL: INSERT INTO `lips_line` (`uid`,`clipid`,`content`,`birth`) VALUES (29,2,'何苦将我放逐在天地间，白叫那夜莺为我沙哑了喉咙','2013-07-27 03:59:06') [ RunTime:0.075456s ]

[ 2013-07-27T03:59:09+08:00 ] 192.168.1.104 /lips/mobile.php/line/friends_lines
INFO: [ route_check ] --START--
INFO: Run CheckRoute Behavior [ RunTime:0.001307s ]
INFO: [ route_check ] --END-- [ RunTime:0.001423s ]
INFO: [ app_begin ] --START--
INFO: Run ReadHtmlCache Behavior [ RunTime:0.000916s ]
INFO: [ app_begin ] --END-- [ RunTime:0.000996s ]
SQL: SHOW COLUMNS FROM `lips_user` [ RunTime:0.006629s ]
SQL: SELECT * FROM `lips_user` WHERE ( `id` = 29 ) LIMIT 1   [ RunTime:0.000365s ]
SQL: SHOW COLUMNS FROM `lips_line` [ RunTime:0.002305s ]
SQL: SELECT lips_user.uname AS author,line.* FROM lips_line AS line,lips_user WHERE lips_user.id=line.uid  AND line.id>7 AND (line.uid=29 OR line.uid in ( SELECT lips_fans.usera FROM lips_fans,lips_user WHERE lips_fans.userb=29 AND lips_user.id=29)) ORDER BY line.id DESC LIMIT 20 [ RunTime:0.000415s ]

[ 2013-07-27T03:59:14+08:00 ] 192.168.1.104 /lips/mobile.php/line/friends_lines
INFO: [ route_check ] --START--
INFO: Run CheckRoute Behavior [ RunTime:0.000599s ]
INFO: [ route_check ] --END-- [ RunTime:0.000662s ]
INFO: [ app_begin ] --START--
INFO: Run ReadHtmlCache Behavior [ RunTime:0.000423s ]
INFO: [ app_begin ] --END-- [ RunTime:0.000464s ]
SQL: SHOW COLUMNS FROM `lips_user` [ RunTime:0.002491s ]
SQL: SELECT * FROM `lips_user` WHERE ( `id` = 29 ) LIMIT 1   [ RunTime:0.000319s ]
SQL: SHOW COLUMNS FROM `lips_line` [ RunTime:0.002552s ]
SQL: SELECT lips_user.uname AS author,line.* FROM lips_line AS line,lips_user WHERE lips_user.id=line.uid  AND line.id<1 AND (line.uid=29 OR line.uid in ( SELECT lips_fans.usera FROM lips_fans,lips_user WHERE lips_fans.userb=29 AND lips_user.id=29)) ORDER BY line.id DESC LIMIT 20 [ RunTime:0.000367s ]

[ 2013-07-27T03:59:24+08:00 ] 192.168.1.104 /lips/mobile.php/line/friends_lines
INFO: [ route_check ] --START--
INFO: Run CheckRoute Behavior [ RunTime:0.001331s ]
INFO: [ route_check ] --END-- [ RunTime:0.001445s ]
INFO: [ app_begin ] --START--
INFO: Run ReadHtmlCache Behavior [ RunTime:0.000919s ]
INFO: [ app_begin ] --END-- [ RunTime:0.001002s ]
SQL: SHOW COLUMNS FROM `lips_user` [ RunTime:0.004701s ]
SQL: SELECT * FROM `lips_user` WHERE ( `id` = 29 ) LIMIT 1   [ RunTime:0.000393s ]
SQL: SHOW COLUMNS FROM `lips_line` [ RunTime:0.002721s ]
SQL: SELECT lips_user.uname AS author,line.* FROM lips_line AS line,lips_user WHERE lips_user.id=line.uid  AND line.id>8 AND (line.uid=29 OR line.uid in ( SELECT lips_fans.usera FROM lips_fans,lips_user WHERE lips_fans.userb=29 AND lips_user.id=29)) ORDER BY line.id DESC LIMIT 20 [ RunTime:0.000378s ]

[ 2013-07-27T23:30:29+08:00 ] 192.168.56.1 /Lips/mobile.php
INFO: [ app_begin ] --START--
INFO: Run ReadHtmlCache Behavior [ RunTime:0.000872s ]
INFO: [ app_begin ] --END-- [ RunTime:0.000979s ]
INFO: [ view_template ] --START--
ERR: 模板不存在[./Mobile/Tpl/Index/index.html]

[ 2013-07-27T23:31:16+08:00 ] 192.168.1.102 /Lips/mobile.php
INFO: [ app_begin ] --START--
INFO: Run ReadHtmlCache Behavior [ RunTime:0.000458s ]
INFO: [ app_begin ] --END-- [ RunTime:0.000543s ]
INFO: [ view_template ] --START--
ERR: 模板不存在[./Mobile/Tpl/Index/index.html]

[ 2013-07-27T23:31:30+08:00 ] 192.168.1.100 /lips/mobile.php/line/friends_lines
INFO: [ route_check ] --START--
INFO: Run CheckRoute Behavior [ RunTime:0.014286s ]
INFO: [ route_check ] --END-- [ RunTime:0.014362s ]
INFO: [ app_begin ] --START--
INFO: Run ReadHtmlCache Behavior [ RunTime:0.000612s ]
INFO: [ app_begin ] --END-- [ RunTime:0.000656s ]
SQL: SHOW COLUMNS FROM `lips_user` [ RunTime:0.140184s ]
SQL: SELECT * FROM `lips_user` WHERE ( `id` = 29 ) LIMIT 1   [ RunTime:0.000536s ]
SQL: SHOW COLUMNS FROM `lips_line` [ RunTime:0.051867s ]
SQL: SELECT lips_user.uname AS author,line.* FROM lips_line AS line,lips_user WHERE lips_user.id=line.uid  AND line.id>0 AND (line.uid=29 OR line.uid in ( SELECT lips_fans.usera FROM lips_fans,lips_user WHERE lips_fans.userb=29 AND lips_user.id=29)) ORDER BY line.id DESC LIMIT 20 [ RunTime:0.190924s ]

[ 2013-07-27T23:31:31+08:00 ] 192.168.1.100 /lips/mobile.php/users/briefinfo
INFO: [ route_check ] --START--
INFO: Run CheckRoute Behavior [ RunTime:0.000976s ]
INFO: [ route_check ] --END-- [ RunTime:0.001075s ]
INFO: [ app_begin ] --START--
INFO: Run ReadHtmlCache Behavior [ RunTime:0.000731s ]
INFO: [ app_begin ] --END-- [ RunTime:0.000803s ]
SQL: SHOW COLUMNS FROM `lips_user` [ RunTime:0.026459s ]
SQL: SELECT * FROM `lips_user` WHERE ( `id` = 29 ) LIMIT 1   [ RunTime:0.000932s ]
SQL: SHOW COLUMNS FROM `lips_user` [ RunTime:0.004848s ]
SQL: SELECT user.id,user.uname,user.udesc,user.gender,user.grade,
             (SELECT count(id) from lips_fans where usera=29) AS followers,
             (SELECT count(id) from lips_fans where userb=29) AS following
             FROM lips_user AS user WHERE user.id=29 [ RunTime:0.016234s ]

[ 2013-07-27T23:31:31+08:00 ] 192.168.1.100 /lips/mobile.php/users/news
INFO: [ route_check ] --START--
INFO: Run CheckRoute Behavior [ RunTime:0.001220s ]
INFO: [ route_check ] --END-- [ RunTime:0.001326s ]
INFO: [ app_begin ] --START--
INFO: Run ReadHtmlCache Behavior [ RunTime:0.001313s ]
INFO: [ app_begin ] --END-- [ RunTime:0.001389s ]
SQL: SHOW COLUMNS FROM `lips_user` [ RunTime:0.012381s ]
SQL: SELECT * FROM `lips_user` WHERE ( `id` = 29 ) LIMIT 1   [ RunTime:0.000626s ]
SQL: SHOW COLUMNS FROM `lips_user` [ RunTime:0.004878s ]
SQL:  SELECT fans.birth,userb,user.uname AS userbname FROM lips_fans AS fans,lips_user AS user WHERE fans.userb=user.id  AND usera=29 ORDER BY fans.birth LIMIT 5  [ RunTime:0.017088s ]
SQL:  SELECT likes.birth,lid,userb,user.uname AS userbname,line.content AS lcon FROM lips_likes AS likes,lips_user AS user,lips_line AS line WHERE likes.userb=user.id AND likes.lid=line.id AND likes.usera=29 ORDER BY likes.birth LIMIT 5  [ RunTime:0.212112s ]
SQL:  SELECT subs.birth,cid,userb,user.uname AS userbname,clip.name AS cname FROM lips_subs AS subs,lips_user AS user,lips_clip AS clip WHERE subs.userb=user.id AND subs.cid=clip.id AND subs.usera=29 ORDER BY subs.birth LIMIT 5  [ RunTime:0.135248s ]

[ 2013-07-27T23:33:53+08:00 ] 192.168.1.100 /lips/mobile.php/line/friends_lines
INFO: [ route_check ] --START--
INFO: Run CheckRoute Behavior [ RunTime:0.002269s ]
INFO: [ route_check ] --END-- [ RunTime:0.002401s ]
INFO: [ app_begin ] --START--
INFO: Run ReadHtmlCache Behavior [ RunTime:0.001362s ]
INFO: [ app_begin ] --END-- [ RunTime:0.001464s ]
SQL: SHOW COLUMNS FROM `lips_user` [ RunTime:0.004378s ]
SQL: SELECT * FROM `lips_user` WHERE ( `id` = 29 ) LIMIT 1   [ RunTime:0.000401s ]
SQL: SHOW COLUMNS FROM `lips_line` [ RunTime:0.002395s ]
SQL: SELECT lips_user.uname AS author,line.* FROM lips_line AS line,lips_user WHERE lips_user.id=line.uid  AND line.id>8 AND (line.uid=29 OR line.uid in ( SELECT lips_fans.usera FROM lips_fans,lips_user WHERE lips_fans.userb=29 AND lips_user.id=29)) ORDER BY line.id DESC LIMIT 20 [ RunTime:0.000390s ]

[ 2013-07-27T23:33:55+08:00 ] 192.168.1.100 /lips/mobile.php/line/friends_lines
INFO: [ route_check ] --START--
INFO: Run CheckRoute Behavior [ RunTime:0.000550s ]
INFO: [ route_check ] --END-- [ RunTime:0.000610s ]
INFO: [ app_begin ] --START--
INFO: Run ReadHtmlCache Behavior [ RunTime:0.000382s ]
INFO: [ app_begin ] --END-- [ RunTime:0.000419s ]
SQL: SHOW COLUMNS FROM `lips_user` [ RunTime:0.002418s ]
SQL: SELECT * FROM `lips_user` WHERE ( `id` = 29 ) LIMIT 1   [ RunTime:0.000313s ]
SQL: SHOW COLUMNS FROM `lips_line` [ RunTime:0.002628s ]
SQL: SELECT lips_user.uname AS author,line.* FROM lips_line AS line,lips_user WHERE lips_user.id=line.uid  AND line.id>8 AND (line.uid=29 OR line.uid in ( SELECT lips_fans.usera FROM lips_fans,lips_user WHERE lips_fans.userb=29 AND lips_user.id=29)) ORDER BY line.id DESC LIMIT 20 [ RunTime:0.000492s ]

[ 2013-07-27T23:33:58+08:00 ] 192.168.1.100 /lips/mobile.php/line/friends_lines
INFO: [ route_check ] --START--
INFO: Run CheckRoute Behavior [ RunTime:0.000736s ]
INFO: [ route_check ] --END-- [ RunTime:0.000810s ]
INFO: [ app_begin ] --START--
INFO: Run ReadHtmlCache Behavior [ RunTime:0.000519s ]
INFO: [ app_begin ] --END-- [ RunTime:0.000567s ]
SQL: SHOW COLUMNS FROM `lips_user` [ RunTime:0.004266s ]
SQL: SELECT * FROM `lips_user` WHERE ( `id` = 29 ) LIMIT 1   [ RunTime:0.000415s ]
SQL: SHOW COLUMNS FROM `lips_line` [ RunTime:0.002499s ]
SQL: SELECT lips_user.uname AS author,line.* FROM lips_line AS line,lips_user WHERE lips_user.id=line.uid  AND line.id<1 AND (line.uid=29 OR line.uid in ( SELECT lips_fans.usera FROM lips_fans,lips_user WHERE lips_fans.userb=29 AND lips_user.id=29)) ORDER BY line.id DESC LIMIT 20 [ RunTime:0.000434s ]

[ 2013-07-27T23:34:22+08:00 ] 192.168.1.100 /lips/mobile.php/line/clips
INFO: [ route_check ] --START--
INFO: Run CheckRoute Behavior [ RunTime:0.001006s ]
INFO: [ route_check ] --END-- [ RunTime:0.001099s ]
INFO: [ app_begin ] --START--
INFO: Run ReadHtmlCache Behavior [ RunTime:0.000710s ]
INFO: [ app_begin ] --END-- [ RunTime:0.000798s ]
SQL: SHOW COLUMNS FROM `lips_clip` [ RunTime:0.017879s ]
SQL: SELECT * FROM lips_clip WHERE uid=29 [ RunTime:0.000359s ]

[ 2013-07-27T23:34:38+08:00 ] 192.168.1.100 /lips/mobile.php/line/friends_lines
INFO: [ route_check ] --START--
INFO: Run CheckRoute Behavior [ RunTime:0.000597s ]
INFO: [ route_check ] --END-- [ RunTime:0.000658s ]
INFO: [ app_begin ] --START--
INFO: Run ReadHtmlCache Behavior [ RunTime:0.000408s ]
INFO: [ app_begin ] --END-- [ RunTime:0.000448s ]
SQL: SHOW COLUMNS FROM `lips_user` [ RunTime:0.003049s ]
SQL: SELECT * FROM `lips_user` WHERE ( `id` = 29 ) LIMIT 1   [ RunTime:0.000308s ]
SQL: SHOW COLUMNS FROM `lips_line` [ RunTime:0.002060s ]
SQL: SELECT lips_user.uname AS author,line.* FROM lips_line AS line,lips_user WHERE lips_user.id=line.uid  AND line.id<1 AND (line.uid=29 OR line.uid in ( SELECT lips_fans.usera FROM lips_fans,lips_user WHERE lips_fans.userb=29 AND lips_user.id=29)) ORDER BY line.id DESC LIMIT 20 [ RunTime:0.000318s ]

[ 2013-07-27T23:34:39+08:00 ] 192.168.1.100 /lips/mobile.php/line/friends_lines
INFO: [ route_check ] --START--
INFO: Run CheckRoute Behavior [ RunTime:0.000986s ]
INFO: [ route_check ] --END-- [ RunTime:0.001049s ]
INFO: [ app_begin ] --START--
INFO: Run ReadHtmlCache Behavior [ RunTime:0.000894s ]
INFO: [ app_begin ] --END-- [ RunTime:0.000967s ]
SQL: SHOW COLUMNS FROM `lips_user` [ RunTime:0.002597s ]
SQL: SELECT * FROM `lips_user` WHERE ( `id` = 29 ) LIMIT 1   [ RunTime:0.000367s ]
SQL: SHOW COLUMNS FROM `lips_line` [ RunTime:0.002815s ]
SQL: SELECT lips_user.uname AS author,line.* FROM lips_line AS line,lips_user WHERE lips_user.id=line.uid  AND line.id<1 AND (line.uid=29 OR line.uid in ( SELECT lips_fans.usera FROM lips_fans,lips_user WHERE lips_fans.userb=29 AND lips_user.id=29)) ORDER BY line.id DESC LIMIT 20 [ RunTime:0.000421s ]

[ 2013-07-27T23:34:40+08:00 ] 192.168.1.100 /lips/mobile.php/line/friends_lines
INFO: [ route_check ] --START--
INFO: Run CheckRoute Behavior [ RunTime:0.000640s ]
INFO: [ route_check ] --END-- [ RunTime:0.000717s ]
INFO: [ app_begin ] --START--
INFO: Run ReadHtmlCache Behavior [ RunTime:0.000476s ]
INFO: [ app_begin ] --END-- [ RunTime:0.000524s ]
SQL: SHOW COLUMNS FROM `lips_user` [ RunTime:0.002395s ]
SQL: SELECT * FROM `lips_user` WHERE ( `id` = 29 ) LIMIT 1   [ RunTime:0.000305s ]
SQL: SHOW COLUMNS FROM `lips_line` [ RunTime:0.002089s ]
SQL: SELECT lips_user.uname AS author,line.* FROM lips_line AS line,lips_user WHERE lips_user.id=line.uid  AND line.id<1 AND (line.uid=29 OR line.uid in ( SELECT lips_fans.usera FROM lips_fans,lips_user WHERE lips_fans.userb=29 AND lips_user.id=29)) ORDER BY line.id DESC LIMIT 20 [ RunTime:0.000338s ]

[ 2013-07-27T23:34:40+08:00 ] 192.168.1.100 /lips/mobile.php/line/friends_lines
INFO: [ route_check ] --START--
INFO: Run CheckRoute Behavior [ RunTime:0.000963s ]
INFO: [ route_check ] --END-- [ RunTime:0.001029s ]
INFO: [ app_begin ] --START--
INFO: Run ReadHtmlCache Behavior [ RunTime:0.000568s ]
INFO: [ app_begin ] --END-- [ RunTime:0.000612s ]
SQL: SHOW COLUMNS FROM `lips_user` [ RunTime:0.018959s ]
SQL: SELECT * FROM `lips_user` WHERE ( `id` = 29 ) LIMIT 1   [ RunTime:0.000389s ]
SQL: SHOW COLUMNS FROM `lips_line` [ RunTime:0.002059s ]
SQL: SELECT lips_user.uname AS author,line.* FROM lips_line AS line,lips_user WHERE lips_user.id=line.uid  AND line.id<1 AND (line.uid=29 OR line.uid in ( SELECT lips_fans.usera FROM lips_fans,lips_user WHERE lips_fans.userb=29 AND lips_user.id=29)) ORDER BY line.id DESC LIMIT 20 [ RunTime:0.000356s ]

[ 2013-07-27T23:35:53+08:00 ] 192.168.1.100 /lips/mobile.php/line/friends_lines
INFO: [ route_check ] --START--
INFO: Run CheckRoute Behavior [ RunTime:0.000574s ]
INFO: [ route_check ] --END-- [ RunTime:0.000631s ]
INFO: [ app_begin ] --START--
INFO: Run ReadHtmlCache Behavior [ RunTime:0.000405s ]
INFO: [ app_begin ] --END-- [ RunTime:0.000442s ]
SQL: SHOW COLUMNS FROM `lips_user` [ RunTime:0.002723s ]
SQL: SELECT * FROM `lips_user` WHERE ( `id` = 29 ) LIMIT 1   [ RunTime:0.000347s ]
SQL: SHOW COLUMNS FROM `lips_line` [ RunTime:0.002155s ]
SQL: SELECT lips_user.uname AS author,line.* FROM lips_line AS line,lips_user WHERE lips_user.id=line.uid  AND line.id<1 AND (line.uid=29 OR line.uid in ( SELECT lips_fans.usera FROM lips_fans,lips_user WHERE lips_fans.userb=29 AND lips_user.id=29)) ORDER BY line.id DESC LIMIT 20 [ RunTime:0.000341s ]

[ 2013-07-27T23:35:59+08:00 ] 192.168.1.100 /lips/mobile.php/line/clips
INFO: [ route_check ] --START--
INFO: Run CheckRoute Behavior [ RunTime:0.000667s ]
INFO: [ route_check ] --END-- [ RunTime:0.000734s ]
INFO: [ app_begin ] --START--
INFO: Run ReadHtmlCache Behavior [ RunTime:0.000439s ]
INFO: [ app_begin ] --END-- [ RunTime:0.000479s ]
SQL: SHOW COLUMNS FROM `lips_clip` [ RunTime:0.002366s ]
SQL: SELECT * FROM lips_clip WHERE uid=29 [ RunTime:0.000318s ]

[ 2013-07-27T23:38:22+08:00 ] 192.168.1.100 /lips/mobile.php/line/addline
INFO: [ route_check ] --START--
INFO: Run CheckRoute Behavior [ RunTime:0.000879s ]
INFO: [ route_check ] --END-- [ RunTime:0.000969s ]
INFO: [ app_begin ] --START--
INFO: Run ReadHtmlCache Behavior [ RunTime:0.000492s ]
INFO: [ app_begin ] --END-- [ RunTime:0.000531s ]
SQL: SHOW COLUMNS FROM `lips_user` [ RunTime:0.002385s ]
SQL: SELECT * FROM `lips_user` WHERE ( `id` = 29 ) LIMIT 1   [ RunTime:0.000413s ]
SQL: SHOW COLUMNS FROM `lips_line` [ RunTime:0.002637s ]
SQL: INSERT INTO `lips_line` (`uid`,`clipid`,`content`,`birth`) VALUES (29,1,'看着你们那么快乐，就想曾经的我们，瞬间感受到失去的可怕','2013-07-27 23:38:22') [ RunTime:0.093265s ]

[ 2013-07-27T23:38:25+08:00 ] 192.168.1.100 /lips/mobile.php/line/friends_lines
INFO: [ route_check ] --START--
INFO: Run CheckRoute Behavior [ RunTime:0.000674s ]
INFO: [ route_check ] --END-- [ RunTime:0.000767s ]
INFO: [ app_begin ] --START--
INFO: Run ReadHtmlCache Behavior [ RunTime:0.000542s ]
INFO: [ app_begin ] --END-- [ RunTime:0.000596s ]
SQL: SHOW COLUMNS FROM `lips_user` [ RunTime:0.021598s ]
SQL: SELECT * FROM `lips_user` WHERE ( `id` = 29 ) LIMIT 1   [ RunTime:0.000332s ]
SQL: SHOW COLUMNS FROM `lips_line` [ RunTime:0.002137s ]
SQL: SELECT lips_user.uname AS author,line.* FROM lips_line AS line,lips_user WHERE lips_user.id=line.uid  AND line.id>8 AND (line.uid=29 OR line.uid in ( SELECT lips_fans.usera FROM lips_fans,lips_user WHERE lips_fans.userb=29 AND lips_user.id=29)) ORDER BY line.id DESC LIMIT 20 [ RunTime:0.000368s ]

[ 2013-07-27T23:38:27+08:00 ] 192.168.1.100 /lips/mobile.php/line/friends_lines
INFO: [ route_check ] --START--
INFO: Run CheckRoute Behavior [ RunTime:0.000661s ]
INFO: [ route_check ] --END-- [ RunTime:0.000732s ]
INFO: [ app_begin ] --START--
INFO: Run ReadHtmlCache Behavior [ RunTime:0.000481s ]
INFO: [ app_begin ] --END-- [ RunTime:0.000529s ]
SQL: SHOW COLUMNS FROM `lips_user` [ RunTime:0.002822s ]
SQL: SELECT * FROM `lips_user` WHERE ( `id` = 29 ) LIMIT 1   [ RunTime:0.000472s ]
SQL: SHOW COLUMNS FROM `lips_line` [ RunTime:0.003074s ]
SQL: SELECT lips_user.uname AS author,line.* FROM lips_line AS line,lips_user WHERE lips_user.id=line.uid  AND line.id>9 AND (line.uid=29 OR line.uid in ( SELECT lips_fans.usera FROM lips_fans,lips_user WHERE lips_fans.userb=29 AND lips_user.id=29)) ORDER BY line.id DESC LIMIT 20 [ RunTime:0.000476s ]

[ 2013-07-27T23:38:31+08:00 ] 192.168.1.100 /lips/mobile.php/line/friends_lines
INFO: [ route_check ] --START--
INFO: Run CheckRoute Behavior [ RunTime:0.000879s ]
INFO: [ route_check ] --END-- [ RunTime:0.000933s ]
INFO: [ app_begin ] --START--
INFO: Run ReadHtmlCache Behavior [ RunTime:0.000591s ]
INFO: [ app_begin ] --END-- [ RunTime:0.000649s ]
SQL: SHOW COLUMNS FROM `lips_user` [ RunTime:0.002339s ]
SQL: SELECT * FROM `lips_user` WHERE ( `id` = 29 ) LIMIT 1   [ RunTime:0.000325s ]
SQL: SHOW COLUMNS FROM `lips_line` [ RunTime:0.001987s ]
SQL: SELECT lips_user.uname AS author,line.* FROM lips_line AS line,lips_user WHERE lips_user.id=line.uid  AND line.id<1 AND (line.uid=29 OR line.uid in ( SELECT lips_fans.usera FROM lips_fans,lips_user WHERE lips_fans.userb=29 AND lips_user.id=29)) ORDER BY line.id DESC LIMIT 20 [ RunTime:0.000353s ]

[ 2013-07-27T23:38:34+08:00 ] 192.168.1.100 /lips/mobile.php/line/friends_lines
INFO: [ route_check ] --START--
INFO: Run CheckRoute Behavior [ RunTime:0.000618s ]
INFO: [ route_check ] --END-- [ RunTime:0.000680s ]
INFO: [ app_begin ] --START--
INFO: Run ReadHtmlCache Behavior [ RunTime:0.000429s ]
INFO: [ app_begin ] --END-- [ RunTime:0.000470s ]
SQL: SHOW COLUMNS FROM `lips_user` [ RunTime:0.002473s ]
SQL: SELECT * FROM `lips_user` WHERE ( `id` = 29 ) LIMIT 1   [ RunTime:0.000302s ]
SQL: SHOW COLUMNS FROM `lips_line` [ RunTime:0.002019s ]
SQL: SELECT lips_user.uname AS author,line.* FROM lips_line AS line,lips_user WHERE lips_user.id=line.uid  AND line.id>0 AND (line.uid=29 OR line.uid in ( SELECT lips_fans.usera FROM lips_fans,lips_user WHERE lips_fans.userb=29 AND lips_user.id=29)) ORDER BY line.id DESC LIMIT 20 [ RunTime:0.000689s ]

[ 2013-07-27T23:38:36+08:00 ] 192.168.1.100 /lips/mobile.php/users/briefinfo
INFO: [ route_check ] --START--
INFO: Run CheckRoute Behavior [ RunTime:0.000668s ]
INFO: [ route_check ] --END-- [ RunTime:0.000733s ]
INFO: [ app_begin ] --START--
INFO: Run ReadHtmlCache Behavior [ RunTime:0.000500s ]
INFO: [ app_begin ] --END-- [ RunTime:0.000545s ]
SQL: SHOW COLUMNS FROM `lips_user` [ RunTime:0.029049s ]
SQL: SELECT * FROM `lips_user` WHERE ( `id` = 29 ) LIMIT 1   [ RunTime:0.000421s ]
SQL: SHOW COLUMNS FROM `lips_user` [ RunTime:0.003133s ]
SQL: SELECT user.id,user.uname,user.udesc,user.gender,user.grade,
             (SELECT count(id) from lips_fans where usera=29) AS followers,
             (SELECT count(id) from lips_fans where userb=29) AS following
             FROM lips_user AS user WHERE user.id=29 [ RunTime:0.000507s ]

[ 2013-07-27T23:38:36+08:00 ] 192.168.1.100 /lips/mobile.php/users/news
INFO: [ route_check ] --START--
INFO: Run CheckRoute Behavior [ RunTime:0.000636s ]
INFO: [ route_check ] --END-- [ RunTime:0.000695s ]
INFO: [ app_begin ] --START--
INFO: Run ReadHtmlCache Behavior [ RunTime:0.000412s ]
INFO: [ app_begin ] --END-- [ RunTime:0.000451s ]
SQL: SHOW COLUMNS FROM `lips_user` [ RunTime:0.003095s ]
SQL: SELECT * FROM `lips_user` WHERE ( `id` = 29 ) LIMIT 1   [ RunTime:0.000418s ]
SQL: SHOW COLUMNS FROM `lips_user` [ RunTime:0.002342s ]
SQL:  SELECT fans.birth,userb,user.uname AS userbname FROM lips_fans AS fans,lips_user AS user WHERE fans.userb=user.id  AND usera=29 ORDER BY fans.birth LIMIT 5  [ RunTime:0.000341s ]
SQL:  SELECT likes.birth,lid,userb,user.uname AS userbname,line.content AS lcon FROM lips_likes AS likes,lips_user AS user,lips_line AS line WHERE likes.userb=user.id AND likes.lid=line.id AND likes.usera=29 ORDER BY likes.birth LIMIT 5  [ RunTime:0.000260s ]
SQL:  SELECT subs.birth,cid,userb,user.uname AS userbname,clip.name AS cname FROM lips_subs AS subs,lips_user AS user,lips_clip AS clip WHERE subs.userb=user.id AND subs.cid=clip.id AND subs.usera=29 ORDER BY subs.birth LIMIT 5  [ RunTime:0.000236s ]

[ 2013-07-27T23:45:05+08:00 ] 192.168.1.100 /lips/mobile.php/line/friends_lines
INFO: [ route_check ] --START--
INFO: Run CheckRoute Behavior [ RunTime:0.001636s ]
INFO: [ route_check ] --END-- [ RunTime:0.001738s ]
INFO: [ app_begin ] --START--
INFO: Run ReadHtmlCache Behavior [ RunTime:0.000952s ]
INFO: [ app_begin ] --END-- [ RunTime:0.001026s ]
SQL: SHOW COLUMNS FROM `lips_user` [ RunTime:0.002598s ]
SQL: SELECT * FROM `lips_user` WHERE ( `id` = 29 ) LIMIT 1   [ RunTime:0.000328s ]
SQL: SHOW COLUMNS FROM `lips_line` [ RunTime:0.001857s ]
SQL: SELECT lips_user.uname AS author,line.* FROM lips_line AS line,lips_user WHERE lips_user.id=line.uid  AND line.id>0 AND (line.uid=29 OR line.uid in ( SELECT lips_fans.usera FROM lips_fans,lips_user WHERE lips_fans.userb=29 AND lips_user.id=29)) ORDER BY line.id DESC LIMIT 20 [ RunTime:0.000566s ]

[ 2013-07-27T23:45:10+08:00 ] 192.168.1.100 /lips/mobile.php/line/friends_lines
INFO: [ route_check ] --START--
INFO: Run CheckRoute Behavior [ RunTime:0.001219s ]
INFO: [ route_check ] --END-- [ RunTime:0.001343s ]
INFO: [ app_begin ] --START--
INFO: Run ReadHtmlCache Behavior [ RunTime:0.000904s ]
INFO: [ app_begin ] --END-- [ RunTime:0.001050s ]
SQL: SHOW COLUMNS FROM `lips_user` [ RunTime:0.003656s ]
SQL: SELECT * FROM `lips_user` WHERE ( `id` = 29 ) LIMIT 1   [ RunTime:0.000323s ]
SQL: SHOW COLUMNS FROM `lips_line` [ RunTime:0.001980s ]
SQL: SELECT lips_user.uname AS author,line.* FROM lips_line AS line,lips_user WHERE lips_user.id=line.uid  AND line.id<1 AND (line.uid=29 OR line.uid in ( SELECT lips_fans.usera FROM lips_fans,lips_user WHERE lips_fans.userb=29 AND lips_user.id=29)) ORDER BY line.id DESC LIMIT 20 [ RunTime:0.000406s ]

[ 2013-07-27T23:45:13+08:00 ] 192.168.1.100 /lips/mobile.php/users/briefinfo
INFO: [ route_check ] --START--
INFO: Run CheckRoute Behavior [ RunTime:0.001928s ]
INFO: [ route_check ] --END-- [ RunTime:0.002050s ]
INFO: [ app_begin ] --START--
INFO: Run ReadHtmlCache Behavior [ RunTime:0.000959s ]
INFO: [ app_begin ] --END-- [ RunTime:0.001061s ]
SQL: SHOW COLUMNS FROM `lips_user` [ RunTime:0.016411s ]
SQL: SELECT * FROM `lips_user` WHERE ( `id` = 29 ) LIMIT 1   [ RunTime:0.000467s ]
SQL: SHOW COLUMNS FROM `lips_user` [ RunTime:0.002970s ]
SQL: SELECT user.id,user.uname,user.udesc,user.gender,user.grade,
             (SELECT count(id) from lips_fans where usera=29) AS followers,
             (SELECT count(id) from lips_fans where userb=29) AS following
             FROM lips_user AS user WHERE user.id=29 [ RunTime:0.000377s ]

[ 2013-07-27T23:45:13+08:00 ] 192.168.1.100 /lips/mobile.php/users/news
INFO: [ route_check ] --START--
INFO: Run CheckRoute Behavior [ RunTime:0.000968s ]
INFO: [ route_check ] --END-- [ RunTime:0.001030s ]
INFO: [ app_begin ] --START--
INFO: Run ReadHtmlCache Behavior [ RunTime:0.000550s ]
INFO: [ app_begin ] --END-- [ RunTime:0.000591s ]
SQL: SHOW COLUMNS FROM `lips_user` [ RunTime:0.002921s ]
SQL: SELECT * FROM `lips_user` WHERE ( `id` = 29 ) LIMIT 1   [ RunTime:0.000320s ]
SQL: SHOW COLUMNS FROM `lips_user` [ RunTime:0.015205s ]
SQL:  SELECT fans.birth,userb,user.uname AS userbname FROM lips_fans AS fans,lips_user AS user WHERE fans.userb=user.id  AND usera=29 ORDER BY fans.birth LIMIT 5  [ RunTime:0.000450s ]
SQL:  SELECT likes.birth,lid,userb,user.uname AS userbname,line.content AS lcon FROM lips_likes AS likes,lips_user AS user,lips_line AS line WHERE likes.userb=user.id AND likes.lid=line.id AND likes.usera=29 ORDER BY likes.birth LIMIT 5  [ RunTime:0.000276s ]
SQL:  SELECT subs.birth,cid,userb,user.uname AS userbname,clip.name AS cname FROM lips_subs AS subs,lips_user AS user,lips_clip AS clip WHERE subs.userb=user.id AND subs.cid=clip.id AND subs.usera=29 ORDER BY subs.birth LIMIT 5  [ RunTime:0.000267s ]

