[ 2013-06-16T13:46:49+08:00 ] 192.168.1.102 /lips/mobile.php/users/news
INFO: [ route_check ] --START--
INFO: Run CheckRoute Behavior [ RunTime:0.057141s ]
INFO: [ route_check ] --END-- [ RunTime:0.133741s ]
INFO: [ app_begin ] --START--
INFO: Run ReadHtmlCache Behavior [ RunTime:0.015165s ]
INFO: [ app_begin ] --END-- [ RunTime:0.015235s ]
NOTIC: [2] mysql_connect():  D:\xampp\htdocs\Lips\ThinkPHP\Lib\Driver\Db\DbMysql.class.php ç¬¬ 55 è¡Œ.
ERR: ÓÉÓÚÄ¿±ê¼ÆËã»ú»ý¼«¾Ü¾ø£¬ÎÞ·¨Á¬½Ó¡£


[ 2013-06-16T13:46:49+08:00 ] 192.168.1.102 /lips/mobile.php/users/briefinfo
INFO: [ route_check ] --START--
INFO: Run CheckRoute Behavior [ RunTime:0.056786s ]
INFO: [ route_check ] --END-- [ RunTime:0.133738s ]
INFO: [ app_begin ] --START--
INFO: Run ReadHtmlCache Behavior [ RunTime:0.015156s ]
INFO: [ app_begin ] --END-- [ RunTime:0.015221s ]
NOTIC: [2] mysql_connect():  D:\xampp\htdocs\Lips\ThinkPHP\Lib\Driver\Db\DbMysql.class.php ç¬¬ 55 è¡Œ.
ERR: ÓÉÓÚÄ¿±ê¼ÆËã»ú»ý¼«¾Ü¾ø£¬ÎÞ·¨Á¬½Ó¡£


[ 2013-06-16T13:47:40+08:00 ] 192.168.1.102 /lips/mobile.php/users/briefinfo
INFO: [ route_check ] --START--
INFO: Run CheckRoute Behavior [ RunTime:0.000616s ]
INFO: [ route_check ] --END-- [ RunTime:0.000676s ]
INFO: [ app_begin ] --START--
INFO: Run ReadHtmlCache Behavior [ RunTime:0.000461s ]
INFO: [ app_begin ] --END-- [ RunTime:0.000504s ]
NOTIC: [2] mysql_connect():  D:\xampp\htdocs\Lips\ThinkPHP\Lib\Driver\Db\DbMysql.class.php ç¬¬ 55 è¡Œ.
ERR: ÓÉÓÚÄ¿±ê¼ÆËã»ú»ý¼«¾Ü¾ø£¬ÎÞ·¨Á¬½Ó¡£


[ 2013-06-16T13:47:40+08:00 ] 192.168.1.102 /lips/mobile.php/users/news
INFO: [ route_check ] --START--
INFO: Run CheckRoute Behavior [ RunTime:0.000673s ]
INFO: [ route_check ] --END-- [ RunTime:0.000731s ]
INFO: [ app_begin ] --START--
INFO: Run ReadHtmlCache Behavior [ RunTime:0.000450s ]
INFO: [ app_begin ] --END-- [ RunTime:0.000491s ]
NOTIC: [2] mysql_connect():  D:\xampp\htdocs\Lips\ThinkPHP\Lib\Driver\Db\DbMysql.class.php ç¬¬ 55 è¡Œ.
ERR: ÓÉÓÚÄ¿±ê¼ÆËã»ú»ý¼«¾Ü¾ø£¬ÎÞ·¨Á¬½Ó¡£




[ 2013-06-16T13:48:06+08:00 ] 192.168.1.102 /lips/mobile.php/line/category
INFO: [ route_check ] --START--
INFO: Run CheckRoute Behavior [ RunTime:0.000599s ]
INFO: [ route_check ] --END-- [ RunTime:0.000656s ]
INFO: [ app_begin ] --START--
INFO: Run ReadHtmlCache Behavior [ RunTime:0.000447s ]
INFO: [ app_begin ] --END-- [ RunTime:0.000495s ]
NOTIC: [2] mysql_connect():  D:\xampp\htdocs\Lips\ThinkPHP\Lib\Driver\Db\DbMysql.class.php ç¬¬ 55 è¡Œ.
ERR: ÓÉÓÚÄ¿±ê¼ÆËã»ú»ý¼«¾Ü¾ø£¬ÎÞ·¨Á¬½Ó¡£


[ 2013-06-16T13:48:06+08:00 ] 192.168.1.102 /lips/mobile.php/users/news
INFO: [ route_check ] --START--
INFO: Run CheckRoute Behavior [ RunTime:0.000603s ]
INFO: [ route_check ] --END-- [ RunTime:0.000655s ]
INFO: [ app_begin ] --START--
INFO: Run ReadHtmlCache Behavior [ RunTime:0.000407s ]
INFO: [ app_begin ] --END-- [ RunTime:0.000444s ]
NOTIC: [2] mysql_connect():  D:\xampp\htdocs\Lips\ThinkPHP\Lib\Driver\Db\DbMysql.class.php ç¬¬ 55 è¡Œ.
ERR: ÓÉÓÚÄ¿±ê¼ÆËã»ú»ý¼«¾Ü¾ø£¬ÎÞ·¨Á¬½Ó¡£


[ 2013-06-16T13:48:06+08:00 ] 192.168.1.102 /lips/mobile.php/users/briefinfo
INFO: [ route_check ] --START--
INFO: Run CheckRoute Behavior [ RunTime:0.000673s ]
INFO: [ route_check ] --END-- [ RunTime:0.000732s ]
INFO: [ app_begin ] --START--
INFO: Run ReadHtmlCache Behavior [ RunTime:0.000443s ]
INFO: [ app_begin ] --END-- [ RunTime:0.000483s ]
NOTIC: [2] mysql_connect():  D:\xampp\htdocs\Lips\ThinkPHP\Lib\Driver\Db\DbMysql.class.php ç¬¬ 55 è¡Œ.
ERR: ÓÉÓÚÄ¿±ê¼ÆËã»ú»ý¼«¾Ü¾ø£¬ÎÞ·¨Á¬½Ó¡£


[ 2013-06-16T13:48:49+08:00 ] 192.168.1.102 /lips/mobile.php/line/category
INFO: [ route_check ] --START--
INFO: Run CheckRoute Behavior [ RunTime:0.001054s ]
INFO: [ route_check ] --END-- [ RunTime:0.001115s ]
INFO: [ app_begin ] --START--
INFO: Run ReadHtmlCache Behavior [ RunTime:0.000668s ]
INFO: [ app_begin ] --END-- [ RunTime:0.000716s ]
NOTIC: [2] mysql_connect():  D:\xampp\htdocs\Lips\ThinkPHP\Lib\Driver\Db\DbMysql.class.php ç¬¬ 55 è¡Œ.
ERR: ÓÉÓÚÄ¿±ê¼ÆËã»ú»ý¼«¾Ü¾ø£¬ÎÞ·¨Á¬½Ó¡£


[ 2013-06-16T13:49:07+08:00 ] 192.168.1.102 /lips/mobile.php/users/login
INFO: [ route_check ] --START--
INFO: Run CheckRoute Behavior [ RunTime:0.000582s ]
INFO: [ route_check ] --END-- [ RunTime:0.000635s ]
INFO: [ app_begin ] --START--
INFO: Run ReadHtmlCache Behavior [ RunTime:0.000422s ]
INFO: [ app_begin ] --END-- [ RunTime:0.000459s ]
NOTIC: [2] mysql_connect():  D:\xampp\htdocs\Lips\ThinkPHP\Lib\Driver\Db\DbMysql.class.php ç¬¬ 55 è¡Œ.
ERR: ÓÉÓÚÄ¿±ê¼ÆËã»ú»ý¼«¾Ü¾ø£¬ÎÞ·¨Á¬½Ó¡£


[ 2013-06-16T13:49:25+08:00 ] 192.168.1.102 /lips/mobile.php/users/login
INFO: [ route_check ] --START--
INFO: Run CheckRoute Behavior [ RunTime:0.000706s ]
INFO: [ route_check ] --END-- [ RunTime:0.000776s ]
INFO: [ app_begin ] --START--
INFO: Run ReadHtmlCache Behavior [ RunTime:0.000427s ]
INFO: [ app_begin ] --END-- [ RunTime:0.000463s ]
SQL: SHOW COLUMNS FROM `lips_user` [ RunTime:0.055267s ]
SQL: SELECT id,pwd,token FROM lips_user WHERE email='ranxiedao@163.com' [ RunTime:0.001856s ]

[ 2013-06-16T13:49:25+08:00 ] 192.168.1.102 /lips/mobile.php/line/category
INFO: [ route_check ] --START--
INFO: Run CheckRoute Behavior [ RunTime:0.000907s ]
INFO: [ route_check ] --END-- [ RunTime:0.001004s ]
INFO: [ app_begin ] --START--
INFO: Run ReadHtmlCache Behavior [ RunTime:0.000673s ]
INFO: [ app_begin ] --END-- [ RunTime:0.000737s ]
SQL: SHOW COLUMNS FROM `lips_category` [ RunTime:0.019284s ]
SQL: SELECT * FROM lips_category ORDER BY listorder DESC  [ RunTime:0.000418s ]

[ 2013-06-16T13:49:25+08:00 ] 192.168.1.102 /lips/mobile.php/users/briefinfo
INFO: [ route_check ] --START--
INFO: Run CheckRoute Behavior [ RunTime:0.001382s ]
INFO: [ route_check ] --END-- [ RunTime:0.001445s ]
INFO: [ app_begin ] --START--
INFO: Run ReadHtmlCache Behavior [ RunTime:0.000711s ]
INFO: [ app_begin ] --END-- [ RunTime:0.000756s ]
SQL: SHOW COLUMNS FROM `lips_user` [ RunTime:0.029203s ]
SQL: SELECT * FROM `lips_user` WHERE ( `id` = 29 ) LIMIT 1   [ RunTime:0.000620s ]
SQL: SHOW COLUMNS FROM `lips_user` [ RunTime:0.006661s ]
SQL: SELECT user.id,user.uname,user.udesc,user.gender,user.grade,
             (SELECT count(id) from lips_fans where usera=29) AS followers,
             (SELECT count(id) from lips_fans where userb=29) AS following
             FROM lips_user AS user WHERE user.id=29 [ RunTime:0.010385s ]

[ 2013-06-16T13:49:25+08:00 ] 192.168.1.102 /lips/mobile.php/users/news
INFO: [ route_check ] --START--
INFO: Run CheckRoute Behavior [ RunTime:0.002045s ]
INFO: [ route_check ] --END-- [ RunTime:0.002111s ]
INFO: [ app_begin ] --START--
INFO: Run ReadHtmlCache Behavior [ RunTime:0.000793s ]
INFO: [ app_begin ] --END-- [ RunTime:0.000851s ]
SQL: SHOW COLUMNS FROM `lips_user` [ RunTime:0.021199s ]
SQL: SELECT * FROM `lips_user` WHERE ( `id` = 29 ) LIMIT 1   [ RunTime:0.000449s ]
SQL: SHOW COLUMNS FROM `lips_user` [ RunTime:0.007047s ]
SQL:  SELECT fans.birth,userb,user.uname AS userbname FROM lips_fans AS fans,lips_user AS user WHERE fans.userb=user.id  AND usera=29 ORDER BY fans.birth LIMIT 5  [ RunTime:0.009821s ]
SQL:  SELECT likes.birth,lid,userb,user.uname AS userbname,line.content AS lcon FROM lips_likes AS likes,lips_user AS user,lips_line AS line WHERE likes.userb=user.id AND likes.lid=line.id AND likes.usera=29 ORDER BY likes.birth LIMIT 5  [ RunTime:0.019128s ]
SQL:  SELECT subs.birth,cid,userb,user.uname AS userbname,clip.name AS cname FROM lips_subs AS subs,lips_user AS user,lips_clip AS clip WHERE subs.userb=user.id AND subs.cid=clip.id AND subs.usera=29 ORDER BY subs.birth LIMIT 5  [ RunTime:0.015527s ]

[ 2013-06-16T13:52:02+08:00 ] 192.168.1.102 /lips/mobile.php/line/category
INFO: [ route_check ] --START--
INFO: Run CheckRoute Behavior [ RunTime:0.001282s ]
INFO: [ route_check ] --END-- [ RunTime:0.001346s ]
INFO: [ app_begin ] --START--
INFO: Run ReadHtmlCache Behavior [ RunTime:0.000581s ]
INFO: [ app_begin ] --END-- [ RunTime:0.000619s ]
SQL: SHOW COLUMNS FROM `lips_category` [ RunTime:0.002667s ]
SQL: SELECT * FROM lips_category ORDER BY listorder DESC  [ RunTime:0.000376s ]

[ 2013-06-16T13:52:02+08:00 ] 192.168.1.102 /lips/mobile.php/users/briefinfo
INFO: [ route_check ] --START--
INFO: Run CheckRoute Behavior [ RunTime:0.001043s ]
INFO: [ route_check ] --END-- [ RunTime:0.001100s ]
INFO: [ app_begin ] --START--
INFO: Run ReadHtmlCache Behavior [ RunTime:0.000585s ]
INFO: [ app_begin ] --END-- [ RunTime:0.000628s ]
SQL: SHOW COLUMNS FROM `lips_user` [ RunTime:0.002917s ]
SQL: SELECT * FROM `lips_user` WHERE ( `id` = 29 ) LIMIT 1   [ RunTime:0.000362s ]
SQL: SHOW COLUMNS FROM `lips_user` [ RunTime:0.002692s ]
SQL: SELECT user.id,user.uname,user.udesc,user.gender,user.grade,
             (SELECT count(id) from lips_fans where usera=29) AS followers,
             (SELECT count(id) from lips_fans where userb=29) AS following
             FROM lips_user AS user WHERE user.id=29 [ RunTime:0.000405s ]

[ 2013-06-16T13:52:02+08:00 ] 192.168.1.102 /lips/mobile.php/users/news
INFO: [ route_check ] --START--
INFO: Run CheckRoute Behavior [ RunTime:0.001087s ]
INFO: [ route_check ] --END-- [ RunTime:0.001146s ]
INFO: [ app_begin ] --START--
INFO: Run ReadHtmlCache Behavior [ RunTime:0.000594s ]
INFO: [ app_begin ] --END-- [ RunTime:0.000639s ]
SQL: SHOW COLUMNS FROM `lips_user` [ RunTime:0.002752s ]
SQL: SELECT * FROM `lips_user` WHERE ( `id` = 29 ) LIMIT 1   [ RunTime:0.000434s ]
SQL: SHOW COLUMNS FROM `lips_user` [ RunTime:0.002881s ]
SQL:  SELECT fans.birth,userb,user.uname AS userbname FROM lips_fans AS fans,lips_user AS user WHERE fans.userb=user.id  AND usera=29 ORDER BY fans.birth LIMIT 5  [ RunTime:0.000332s ]
SQL:  SELECT likes.birth,lid,userb,user.uname AS userbname,line.content AS lcon FROM lips_likes AS likes,lips_user AS user,lips_line AS line WHERE likes.userb=user.id AND likes.lid=line.id AND likes.usera=29 ORDER BY likes.birth LIMIT 5  [ RunTime:0.000241s ]
SQL:  SELECT subs.birth,cid,userb,user.uname AS userbname,clip.name AS cname FROM lips_subs AS subs,lips_user AS user,lips_clip AS clip WHERE subs.userb=user.id AND subs.cid=clip.id AND subs.usera=29 ORDER BY subs.birth LIMIT 5  [ RunTime:0.000215s ]

[ 2013-06-16T13:56:01+08:00 ] 192.168.1.102 /lips/mobile.php/users/news
INFO: [ route_check ] --START--
INFO: Run CheckRoute Behavior [ RunTime:0.001002s ]
INFO: [ route_check ] --END-- [ RunTime:0.001068s ]
INFO: [ app_begin ] --START--
INFO: Run ReadHtmlCache Behavior [ RunTime:0.000610s ]
INFO: [ app_begin ] --END-- [ RunTime:0.000653s ]
SQL: SHOW COLUMNS FROM `lips_user` [ RunTime:0.004957s ]
SQL: SELECT * FROM `lips_user` WHERE ( `id` = 29 ) LIMIT 1   [ RunTime:0.000777s ]
SQL: SHOW COLUMNS FROM `lips_user` [ RunTime:0.004625s ]
SQL:  SELECT fans.birth,userb,user.uname AS userbname FROM lips_fans AS fans,lips_user AS user WHERE fans.userb=user.id  AND usera=29 ORDER BY fans.birth LIMIT 5  [ RunTime:0.000674s ]
SQL:  SELECT likes.birth,lid,userb,user.uname AS userbname,line.content AS lcon FROM lips_likes AS likes,lips_user AS user,lips_line AS line WHERE likes.userb=user.id AND likes.lid=line.id AND likes.usera=29 ORDER BY likes.birth LIMIT 5  [ RunTime:0.000473s ]
SQL:  SELECT subs.birth,cid,userb,user.uname AS userbname,clip.name AS cname FROM lips_subs AS subs,lips_user AS user,lips_clip AS clip WHERE subs.userb=user.id AND subs.cid=clip.id AND subs.usera=29 ORDER BY subs.birth LIMIT 5  [ RunTime:0.000460s ]

[ 2013-06-16T13:56:04+08:00 ] 192.168.1.102 /lips/mobile.php/line/category
INFO: [ route_check ] --START--
INFO: Run CheckRoute Behavior [ RunTime:0.001096s ]
INFO: [ route_check ] --END-- [ RunTime:0.001156s ]
INFO: [ app_begin ] --START--
INFO: Run ReadHtmlCache Behavior [ RunTime:0.000585s ]
INFO: [ app_begin ] --END-- [ RunTime:0.000627s ]
SQL: SHOW COLUMNS FROM `lips_category` [ RunTime:0.002817s ]
SQL: SELECT * FROM lips_category ORDER BY listorder DESC  [ RunTime:0.000313s ]

[ 2013-06-16T13:56:04+08:00 ] 192.168.1.102 /lips/mobile.php/users/briefinfo
INFO: [ route_check ] --START--
INFO: Run CheckRoute Behavior [ RunTime:0.001155s ]
INFO: [ route_check ] --END-- [ RunTime:0.001240s ]
INFO: [ app_begin ] --START--
INFO: Run ReadHtmlCache Behavior [ RunTime:0.000777s ]
INFO: [ app_begin ] --END-- [ RunTime:0.000838s ]
SQL: SHOW COLUMNS FROM `lips_user` [ RunTime:0.002779s ]
SQL: SELECT * FROM `lips_user` WHERE ( `id` = 29 ) LIMIT 1   [ RunTime:0.000381s ]
SQL: SHOW COLUMNS FROM `lips_user` [ RunTime:0.002633s ]
SQL: SELECT user.id,user.uname,user.udesc,user.gender,user.grade,
             (SELECT count(id) from lips_fans where usera=29) AS followers,
             (SELECT count(id) from lips_fans where userb=29) AS following
             FROM lips_user AS user WHERE user.id=29 [ RunTime:0.000415s ]

[ 2013-06-16T13:56:49+08:00 ] 192.168.1.102 /lips/mobile.php/line/category
INFO: [ route_check ] --START--
INFO: Run CheckRoute Behavior [ RunTime:0.000603s ]
INFO: [ route_check ] --END-- [ RunTime:0.000661s ]
INFO: [ app_begin ] --START--
INFO: Run ReadHtmlCache Behavior [ RunTime:0.000408s ]
INFO: [ app_begin ] --END-- [ RunTime:0.000443s ]
SQL: SHOW COLUMNS FROM `lips_category` [ RunTime:0.002430s ]
SQL: SELECT * FROM lips_category ORDER BY listorder DESC  [ RunTime:0.000404s ]

[ 2013-06-16T13:56:50+08:00 ] 192.168.1.102 /lips/mobile.php/users/briefinfo
INFO: [ route_check ] --START--
INFO: Run CheckRoute Behavior [ RunTime:0.000683s ]
INFO: [ route_check ] --END-- [ RunTime:0.000743s ]
INFO: [ app_begin ] --START--
INFO: Run ReadHtmlCache Behavior [ RunTime:0.000543s ]
INFO: [ app_begin ] --END-- [ RunTime:0.000583s ]
SQL: SHOW COLUMNS FROM `lips_user` [ RunTime:0.002868s ]
SQL: SELECT * FROM `lips_user` WHERE ( `id` = 29 ) LIMIT 1   [ RunTime:0.000372s ]
SQL: SHOW COLUMNS FROM `lips_user` [ RunTime:0.002779s ]
SQL: SELECT user.id,user.uname,user.udesc,user.gender,user.grade,
             (SELECT count(id) from lips_fans where usera=29) AS followers,
             (SELECT count(id) from lips_fans where userb=29) AS following
             FROM lips_user AS user WHERE user.id=29 [ RunTime:0.000461s ]

[ 2013-06-16T13:56:50+08:00 ] 192.168.1.102 /lips/mobile.php/users/news
INFO: [ route_check ] --START--
INFO: Run CheckRoute Behavior [ RunTime:0.000696s ]
INFO: [ route_check ] --END-- [ RunTime:0.000751s ]
INFO: [ app_begin ] --START--
INFO: Run ReadHtmlCache Behavior [ RunTime:0.000546s ]
INFO: [ app_begin ] --END-- [ RunTime:0.000596s ]
SQL: SHOW COLUMNS FROM `lips_user` [ RunTime:0.002752s ]
SQL: SELECT * FROM `lips_user` WHERE ( `id` = 29 ) LIMIT 1   [ RunTime:0.000412s ]
SQL: SHOW COLUMNS FROM `lips_user` [ RunTime:0.002654s ]
SQL:  SELECT fans.birth,userb,user.uname AS userbname FROM lips_fans AS fans,lips_user AS user WHERE fans.userb=user.id  AND usera=29 ORDER BY fans.birth LIMIT 5  [ RunTime:0.000404s ]
SQL:  SELECT likes.birth,lid,userb,user.uname AS userbname,line.content AS lcon FROM lips_likes AS likes,lips_user AS user,lips_line AS line WHERE likes.userb=user.id AND likes.lid=line.id AND likes.usera=29 ORDER BY likes.birth LIMIT 5  [ RunTime:0.000258s ]
SQL:  SELECT subs.birth,cid,userb,user.uname AS userbname,clip.name AS cname FROM lips_subs AS subs,lips_user AS user,lips_clip AS clip WHERE subs.userb=user.id AND subs.cid=clip.id AND subs.usera=29 ORDER BY subs.birth LIMIT 5  [ RunTime:0.000256s ]

[ 2013-06-16T14:03:21+08:00 ] 192.168.1.102 /lips/mobile.php/line/category
INFO: [ route_check ] --START--
INFO: Run CheckRoute Behavior [ RunTime:0.002983s ]
INFO: [ route_check ] --END-- [ RunTime:0.003092s ]
INFO: [ app_begin ] --START--
INFO: Run ReadHtmlCache Behavior [ RunTime:0.001010s ]
INFO: [ app_begin ] --END-- [ RunTime:0.001106s ]
SQL: SHOW COLUMNS FROM `lips_category` [ RunTime:0.007349s ]
SQL: SELECT * FROM lips_category ORDER BY listorder DESC  [ RunTime:0.000647s ]

[ 2013-06-16T14:03:21+08:00 ] 192.168.1.102 /lips/mobile.php/users/briefinfo
INFO: [ route_check ] --START--
INFO: Run CheckRoute Behavior [ RunTime:0.001877s ]
INFO: [ route_check ] --END-- [ RunTime:0.001972s ]
INFO: [ app_begin ] --START--
INFO: Run ReadHtmlCache Behavior [ RunTime:0.001008s ]
INFO: [ app_begin ] --END-- [ RunTime:0.001108s ]
SQL: SHOW COLUMNS FROM `lips_user` [ RunTime:0.003886s ]
SQL: SELECT * FROM `lips_user` WHERE ( `id` = 29 ) LIMIT 1   [ RunTime:0.000606s ]
SQL: SHOW COLUMNS FROM `lips_user` [ RunTime:0.003864s ]
SQL: SELECT user.id,user.uname,user.udesc,user.gender,user.grade,
             (SELECT count(id) from lips_fans where usera=29) AS followers,
             (SELECT count(id) from lips_fans where userb=29) AS following
             FROM lips_user AS user WHERE user.id=29 [ RunTime:0.000566s ]

[ 2013-06-16T14:03:21+08:00 ] 192.168.1.102 /lips/mobile.php/users/news
INFO: [ route_check ] --START--
INFO: Run CheckRoute Behavior [ RunTime:0.001886s ]
INFO: [ route_check ] --END-- [ RunTime:0.002002s ]
INFO: [ app_begin ] --START--
INFO: Run ReadHtmlCache Behavior [ RunTime:0.001015s ]
INFO: [ app_begin ] --END-- [ RunTime:0.001110s ]
SQL: SHOW COLUMNS FROM `lips_user` [ RunTime:0.003748s ]
SQL: SELECT * FROM `lips_user` WHERE ( `id` = 29 ) LIMIT 1   [ RunTime:0.000513s ]
SQL: SHOW COLUMNS FROM `lips_user` [ RunTime:0.003452s ]
SQL:  SELECT fans.birth,userb,user.uname AS userbname FROM lips_fans AS fans,lips_user AS user WHERE fans.userb=user.id  AND usera=29 ORDER BY fans.birth LIMIT 5  [ RunTime:0.000378s ]
SQL:  SELECT likes.birth,lid,userb,user.uname AS userbname,line.content AS lcon FROM lips_likes AS likes,lips_user AS user,lips_line AS line WHERE likes.userb=user.id AND likes.lid=line.id AND likes.usera=29 ORDER BY likes.birth LIMIT 5  [ RunTime:0.000328s ]
SQL:  SELECT subs.birth,cid,userb,user.uname AS userbname,clip.name AS cname FROM lips_subs AS subs,lips_user AS user,lips_clip AS clip WHERE subs.userb=user.id AND subs.cid=clip.id AND subs.usera=29 ORDER BY subs.birth LIMIT 5  [ RunTime:0.000467s ]

[ 2013-06-16T14:04:42+08:00 ] 192.168.1.102 /lips/mobile.php/line/category
INFO: [ route_check ] --START--
INFO: Run CheckRoute Behavior [ RunTime:0.000646s ]
INFO: [ route_check ] --END-- [ RunTime:0.000713s ]
INFO: [ app_begin ] --START--
INFO: Run ReadHtmlCache Behavior [ RunTime:0.000497s ]
INFO: [ app_begin ] --END-- [ RunTime:0.000542s ]
SQL: SHOW COLUMNS FROM `lips_category` [ RunTime:0.003129s ]
SQL: SELECT * FROM lips_category ORDER BY listorder DESC  [ RunTime:0.000358s ]

[ 2013-06-16T14:04:42+08:00 ] 192.168.1.102 /lips/mobile.php/users/briefinfo
INFO: [ route_check ] --START--
INFO: Run CheckRoute Behavior [ RunTime:0.000629s ]
INFO: [ route_check ] --END-- [ RunTime:0.000689s ]
INFO: [ app_begin ] --START--
INFO: Run ReadHtmlCache Behavior [ RunTime:0.000497s ]
INFO: [ app_begin ] --END-- [ RunTime:0.000546s ]
SQL: SHOW COLUMNS FROM `lips_user` [ RunTime:0.003512s ]
SQL: SELECT * FROM `lips_user` WHERE ( `id` = 29 ) LIMIT 1   [ RunTime:0.000521s ]
SQL: SHOW COLUMNS FROM `lips_user` [ RunTime:0.004231s ]
SQL: SELECT user.id,user.uname,user.udesc,user.gender,user.grade,
             (SELECT count(id) from lips_fans where usera=29) AS followers,
             (SELECT count(id) from lips_fans where userb=29) AS following
             FROM lips_user AS user WHERE user.id=29 [ RunTime:0.000561s ]

[ 2013-06-16T14:04:42+08:00 ] 192.168.1.102 /lips/mobile.php/users/news
INFO: [ route_check ] --START--
INFO: Run CheckRoute Behavior [ RunTime:0.000610s ]
INFO: [ route_check ] --END-- [ RunTime:0.000668s ]
INFO: [ app_begin ] --START--
INFO: Run ReadHtmlCache Behavior [ RunTime:0.000459s ]
INFO: [ app_begin ] --END-- [ RunTime:0.000500s ]
SQL: SHOW COLUMNS FROM `lips_user` [ RunTime:0.003448s ]
SQL: SELECT * FROM `lips_user` WHERE ( `id` = 29 ) LIMIT 1   [ RunTime:0.000296s ]
SQL: SHOW COLUMNS FROM `lips_user` [ RunTime:0.002991s ]
SQL:  SELECT fans.birth,userb,user.uname AS userbname FROM lips_fans AS fans,lips_user AS user WHERE fans.userb=user.id  AND usera=29 ORDER BY fans.birth LIMIT 5  [ RunTime:0.000477s ]
SQL:  SELECT likes.birth,lid,userb,user.uname AS userbname,line.content AS lcon FROM lips_likes AS likes,lips_user AS user,lips_line AS line WHERE likes.userb=user.id AND likes.lid=line.id AND likes.usera=29 ORDER BY likes.birth LIMIT 5  [ RunTime:0.000302s ]
SQL:  SELECT subs.birth,cid,userb,user.uname AS userbname,clip.name AS cname FROM lips_subs AS subs,lips_user AS user,lips_clip AS clip WHERE subs.userb=user.id AND subs.cid=clip.id AND subs.usera=29 ORDER BY subs.birth LIMIT 5  [ RunTime:0.000331s ]

[ 2013-06-16T14:07:06+08:00 ] 192.168.1.102 /lips/mobile.php/users/news
INFO: [ route_check ] --START--
INFO: Run CheckRoute Behavior [ RunTime:0.001294s ]
INFO: [ route_check ] --END-- [ RunTime:0.001399s ]
INFO: [ app_begin ] --START--
INFO: Run ReadHtmlCache Behavior [ RunTime:0.000630s ]
INFO: [ app_begin ] --END-- [ RunTime:0.000672s ]
SQL: SHOW COLUMNS FROM `lips_user` [ RunTime:0.002880s ]
SQL: SELECT * FROM `lips_user` WHERE ( `id` = 29 ) LIMIT 1   [ RunTime:0.000415s ]
SQL: SHOW COLUMNS FROM `lips_user` [ RunTime:0.003242s ]
SQL:  SELECT fans.birth,userb,user.uname AS userbname FROM lips_fans AS fans,lips_user AS user WHERE fans.userb=user.id  AND usera=29 ORDER BY fans.birth LIMIT 5  [ RunTime:0.000397s ]
SQL:  SELECT likes.birth,lid,userb,user.uname AS userbname,line.content AS lcon FROM lips_likes AS likes,lips_user AS user,lips_line AS line WHERE likes.userb=user.id AND likes.lid=line.id AND likes.usera=29 ORDER BY likes.birth LIMIT 5  [ RunTime:0.000240s ]
SQL:  SELECT subs.birth,cid,userb,user.uname AS userbname,clip.name AS cname FROM lips_subs AS subs,lips_user AS user,lips_clip AS clip WHERE subs.userb=user.id AND subs.cid=clip.id AND subs.usera=29 ORDER BY subs.birth LIMIT 5  [ RunTime:0.000284s ]

[ 2013-06-16T14:07:09+08:00 ] 192.168.1.102 /lips/mobile.php/line/category
INFO: [ route_check ] --START--
INFO: Run CheckRoute Behavior [ RunTime:0.001179s ]
INFO: [ route_check ] --END-- [ RunTime:0.001241s ]
INFO: [ app_begin ] --START--
INFO: Run ReadHtmlCache Behavior [ RunTime:0.000675s ]
INFO: [ app_begin ] --END-- [ RunTime:0.000730s ]
SQL: SHOW COLUMNS FROM `lips_category` [ RunTime:0.002698s ]
SQL: SELECT * FROM lips_category ORDER BY listorder [ RunTime:0.000432s ]

[ 2013-06-16T14:07:09+08:00 ] 192.168.1.102 /lips/mobile.php/users/briefinfo
INFO: [ route_check ] --START--
INFO: Run CheckRoute Behavior [ RunTime:0.000980s ]
INFO: [ route_check ] --END-- [ RunTime:0.001035s ]
INFO: [ app_begin ] --START--
INFO: Run ReadHtmlCache Behavior [ RunTime:0.000578s ]
INFO: [ app_begin ] --END-- [ RunTime:0.000617s ]
SQL: SHOW COLUMNS FROM `lips_user` [ RunTime:0.002720s ]
SQL: SELECT * FROM `lips_user` WHERE ( `id` = 29 ) LIMIT 1   [ RunTime:0.000421s ]
SQL: SHOW COLUMNS FROM `lips_user` [ RunTime:0.002707s ]
SQL: SELECT user.id,user.uname,user.udesc,user.gender,user.grade,
             (SELECT count(id) from lips_fans where usera=29) AS followers,
             (SELECT count(id) from lips_fans where userb=29) AS following
             FROM lips_user AS user WHERE user.id=29 [ RunTime:0.000472s ]

[ 2013-06-16T14:07:26+08:00 ] 192.168.1.102 /lips/mobile.php/line/category
INFO: [ route_check ] --START--
INFO: Run CheckRoute Behavior [ RunTime:0.000627s ]
INFO: [ route_check ] --END-- [ RunTime:0.000705s ]
INFO: [ app_begin ] --START--
INFO: Run ReadHtmlCache Behavior [ RunTime:0.000439s ]
INFO: [ app_begin ] --END-- [ RunTime:0.000479s ]
SQL: SHOW COLUMNS FROM `lips_category` [ RunTime:0.003277s ]
SQL: SELECT * FROM lips_category ORDER BY listorder [ RunTime:0.000439s ]

[ 2013-06-16T14:07:26+08:00 ] 192.168.1.102 /lips/mobile.php/users/briefinfo
INFO: [ route_check ] --START--
INFO: Run CheckRoute Behavior [ RunTime:0.000889s ]
INFO: [ route_check ] --END-- [ RunTime:0.000970s ]
INFO: [ app_begin ] --START--
INFO: Run ReadHtmlCache Behavior [ RunTime:0.000669s ]
INFO: [ app_begin ] --END-- [ RunTime:0.000733s ]
SQL: SHOW COLUMNS FROM `lips_user` [ RunTime:0.004699s ]
SQL: SELECT * FROM `lips_user` WHERE ( `id` = 29 ) LIMIT 1   [ RunTime:0.000441s ]
SQL: SHOW COLUMNS FROM `lips_user` [ RunTime:0.004156s ]
SQL: SELECT user.id,user.uname,user.udesc,user.gender,user.grade,
             (SELECT count(id) from lips_fans where usera=29) AS followers,
             (SELECT count(id) from lips_fans where userb=29) AS following
             FROM lips_user AS user WHERE user.id=29 [ RunTime:0.000479s ]

[ 2013-06-16T14:07:26+08:00 ] 192.168.1.102 /lips/mobile.php/users/news
INFO: [ route_check ] --START--
INFO: Run CheckRoute Behavior [ RunTime:0.000942s ]
INFO: [ route_check ] --END-- [ RunTime:0.001024s ]
INFO: [ app_begin ] --START--
INFO: Run ReadHtmlCache Behavior [ RunTime:0.000662s ]
INFO: [ app_begin ] --END-- [ RunTime:0.000728s ]
SQL: SHOW COLUMNS FROM `lips_user` [ RunTime:0.004451s ]
SQL: SELECT * FROM `lips_user` WHERE ( `id` = 29 ) LIMIT 1   [ RunTime:0.000357s ]
SQL: SHOW COLUMNS FROM `lips_user` [ RunTime:0.004272s ]
SQL:  SELECT fans.birth,userb,user.uname AS userbname FROM lips_fans AS fans,lips_user AS user WHERE fans.userb=user.id  AND usera=29 ORDER BY fans.birth LIMIT 5  [ RunTime:0.000429s ]
SQL:  SELECT likes.birth,lid,userb,user.uname AS userbname,line.content AS lcon FROM lips_likes AS likes,lips_user AS user,lips_line AS line WHERE likes.userb=user.id AND likes.lid=line.id AND likes.usera=29 ORDER BY likes.birth LIMIT 5  [ RunTime:0.000293s ]
SQL:  SELECT subs.birth,cid,userb,user.uname AS userbname,clip.name AS cname FROM lips_subs AS subs,lips_user AS user,lips_clip AS clip WHERE subs.userb=user.id AND subs.cid=clip.id AND subs.usera=29 ORDER BY subs.birth LIMIT 5  [ RunTime:0.000375s ]

[ 2013-06-16T15:16:33+08:00 ] 192.168.1.101 /lips/mobile.php/line/clip
INFO: [ route_check ] --START--
INFO: Run CheckRoute Behavior [ RunTime:0.001051s ]
INFO: [ route_check ] --END-- [ RunTime:0.001112s ]
INFO: [ app_begin ] --START--
INFO: Run ReadHtmlCache Behavior [ RunTime:0.000546s ]
INFO: [ app_begin ] --END-- [ RunTime:0.000584s ]
SQL: SHOW COLUMNS FROM `lips_clip` [ RunTime:0.002627s ]
SQL: SELECT * FROM lips_clip [ RunTime:0.000401s ]

[ 2013-06-16T15:17:13+08:00 ] 192.168.1.101 /lips/mobile.php/line/clip
INFO: [ route_check ] --START--
INFO: Run CheckRoute Behavior [ RunTime:0.000980s ]
INFO: [ route_check ] --END-- [ RunTime:0.001035s ]
INFO: [ app_begin ] --START--
INFO: Run ReadHtmlCache Behavior [ RunTime:0.000584s ]
INFO: [ app_begin ] --END-- [ RunTime:0.000622s ]
NOTIC: [8] Undefined index: uid D:\xampp\htdocs\Lips\Mobile\Lib\Action\LineAction.class.php ç¬¬ 6 è¡Œ.
NOTIC: [8] Undefined index: token D:\xampp\htdocs\Lips\Mobile\Lib\Action\LineAction.class.php ç¬¬ 7 è¡Œ.

[ 2013-06-16T15:17:29+08:00 ] 192.168.1.101 /lips/mobile.php/line/clip/uid/29/token/f67ad5705eb562d50cbcc06bd2778095
INFO: [ route_check ] --START--
INFO: Run CheckRoute Behavior [ RunTime:0.000589s ]
INFO: [ route_check ] --END-- [ RunTime:0.000657s ]
INFO: [ app_begin ] --START--
INFO: Run ReadHtmlCache Behavior [ RunTime:0.000605s ]
INFO: [ app_begin ] --END-- [ RunTime:0.000665s ]
SQL: SHOW COLUMNS FROM `lips_user` [ RunTime:0.002928s ]
SQL: SELECT * FROM `lips_user` WHERE ( `id` = 29 ) LIMIT 1   [ RunTime:0.000493s ]
SQL: SHOW COLUMNS FROM `lips_clip` [ RunTime:0.002480s ]
SQL: SELECT * FROM lips_clip [ RunTime:0.000322s ]

[ 2013-06-16T15:17:47+08:00 ] 192.168.1.101 /lips/mobile.php/line/clip/uid/29/token/f67ad5705eb562d50cbcc06bd2778095
INFO: [ route_check ] --START--
INFO: Run CheckRoute Behavior [ RunTime:0.000605s ]
INFO: [ route_check ] --END-- [ RunTime:0.000664s ]
INFO: [ app_begin ] --START--
INFO: Run ReadHtmlCache Behavior [ RunTime:0.000425s ]
INFO: [ app_begin ] --END-- [ RunTime:0.000462s ]
SQL: SHOW COLUMNS FROM `lips_user` [ RunTime:0.002781s ]
SQL: SELECT * FROM `lips_user` WHERE ( `id` = 29 ) LIMIT 1   [ RunTime:0.000475s ]
SQL: SHOW COLUMNS FROM `lips_clip` [ RunTime:0.002627s ]
SQL: SELECT * FROM lips_clip [ RunTime:0.000348s ]

[ 2013-06-16T15:18:16+08:00 ] 192.168.1.101 /lips/mobile.php/line/clip/uid/29/token/f67ad5705eb562d50cbcc06bd2778095
INFO: [ route_check ] --START--
INFO: Run CheckRoute Behavior [ RunTime:0.000672s ]
INFO: [ route_check ] --END-- [ RunTime:0.000738s ]
INFO: [ app_begin ] --START--
INFO: Run ReadHtmlCache Behavior [ RunTime:0.000470s ]
INFO: [ app_begin ] --END-- [ RunTime:0.000512s ]
SQL: SHOW COLUMNS FROM `lips_user` [ RunTime:0.002714s ]
SQL: SELECT * FROM `lips_user` WHERE ( `id` = 29 ) LIMIT 1   [ RunTime:0.000320s ]
SQL: SHOW COLUMNS FROM `lips_clip` [ RunTime:0.002422s ]
SQL: SELECT * FROM lips_clip WHERE uid=29 [ RunTime:0.000277s ]

[ 2013-06-16T15:18:17+08:00 ] 192.168.1.101 /lips/mobile.php/line/clip/uid/29/token/f67ad5705eb562d50cbcc06bd2778095
INFO: [ route_check ] --START--
INFO: Run CheckRoute Behavior [ RunTime:0.000566s ]
INFO: [ route_check ] --END-- [ RunTime:0.000629s ]
INFO: [ app_begin ] --START--
INFO: Run ReadHtmlCache Behavior [ RunTime:0.000401s ]
INFO: [ app_begin ] --END-- [ RunTime:0.000438s ]
SQL: SHOW COLUMNS FROM `lips_user` [ RunTime:0.002705s ]
SQL: SELECT * FROM `lips_user` WHERE ( `id` = 29 ) LIMIT 1   [ RunTime:0.000387s ]
SQL: SHOW COLUMNS FROM `lips_clip` [ RunTime:0.002448s ]
SQL: SELECT * FROM lips_clip WHERE uid=29 [ RunTime:0.000329s ]

[ 2013-06-16T15:18:41+08:00 ] 192.168.1.101 /lips/mobile.php/line/clip/uid/29/token/f67ad5705eb562d50cbcc06bd2778095
INFO: [ route_check ] --START--
INFO: Run CheckRoute Behavior [ RunTime:0.000577s ]
INFO: [ route_check ] --END-- [ RunTime:0.000635s ]
INFO: [ app_begin ] --START--
INFO: Run ReadHtmlCache Behavior [ RunTime:0.000398s ]
INFO: [ app_begin ] --END-- [ RunTime:0.000435s ]
SQL: SHOW COLUMNS FROM `lips_user` [ RunTime:0.002810s ]
SQL: SELECT * FROM `lips_user` WHERE ( `id` = 29 ) LIMIT 1   [ RunTime:0.000344s ]
SQL: SHOW COLUMNS FROM `lips_clip` [ RunTime:0.002768s ]
SQL: SELECT * FROM lips_clip WHERE uid=29 [ RunTime:0.000300s ]

[ 2013-06-16T15:18:43+08:00 ] 192.168.1.101 /lips/mobile.php/line/clip/uid/29/token/f67ad5705eb562d50cbcc06bd2778095
INFO: [ route_check ] --START--
INFO: Run CheckRoute Behavior [ RunTime:0.000572s ]
INFO: [ route_check ] --END-- [ RunTime:0.000629s ]
INFO: [ app_begin ] --START--
INFO: Run ReadHtmlCache Behavior [ RunTime:0.000398s ]
INFO: [ app_begin ] --END-- [ RunTime:0.000436s ]
SQL: SHOW COLUMNS FROM `lips_user` [ RunTime:0.002847s ]
SQL: SELECT * FROM `lips_user` WHERE ( `id` = 29 ) LIMIT 1   [ RunTime:0.000381s ]
SQL: SHOW COLUMNS FROM `lips_clip` [ RunTime:0.002421s ]
SQL: SELECT * FROM lips_clip WHERE uid=29 [ RunTime:0.000282s ]

[ 2013-06-16T15:18:48+08:00 ] 192.168.1.101 /lips/mobile.php/line/clip/uid/30/token/f67ad5705eb562d50cbcc06bd2778095
INFO: [ route_check ] --START--
INFO: Run CheckRoute Behavior [ RunTime:0.001138s ]
INFO: [ route_check ] --END-- [ RunTime:0.001204s ]
INFO: [ app_begin ] --START--
INFO: Run ReadHtmlCache Behavior [ RunTime:0.000606s ]
INFO: [ app_begin ] --END-- [ RunTime:0.000651s ]
SQL: SHOW COLUMNS FROM `lips_user` [ RunTime:0.003057s ]
SQL: SELECT * FROM `lips_user` WHERE ( `id` = 30 ) LIMIT 1   [ RunTime:0.000339s ]

[ 2013-06-16T15:19:02+08:00 ] 192.168.1.101 /lips/mobile.php/line/clip/uid/30/token
INFO: [ route_check ] --START--
INFO: Run CheckRoute Behavior [ RunTime:0.000563s ]
INFO: [ route_check ] --END-- [ RunTime:0.000621s ]
INFO: [ app_begin ] --START--
INFO: Run ReadHtmlCache Behavior [ RunTime:0.000396s ]
INFO: [ app_begin ] --END-- [ RunTime:0.000433s ]
NOTIC: [8] Undefined index: token D:\xampp\htdocs\Lips\Mobile\Lib\Action\LineAction.class.php ç¬¬ 7 è¡Œ.

[ 2013-06-16T15:19:06+08:00 ] 192.168.1.101 /lips/mobile.php/line/clip/uid/30/token/
INFO: [ route_check ] --START--
INFO: Run CheckRoute Behavior [ RunTime:0.000584s ]
INFO: [ route_check ] --END-- [ RunTime:0.000650s ]
INFO: [ app_begin ] --START--
INFO: Run ReadHtmlCache Behavior [ RunTime:0.000405s ]
INFO: [ app_begin ] --END-- [ RunTime:0.000452s ]
NOTIC: [8] Undefined index: token D:\xampp\htdocs\Lips\Mobile\Lib\Action\LineAction.class.php ç¬¬ 7 è¡Œ.

[ 2013-06-16T15:19:09+08:00 ] 192.168.1.101 /lips/mobile.php/line/clip/uid/30/token
INFO: [ route_check ] --START--
INFO: Run CheckRoute Behavior [ RunTime:0.000561s ]
INFO: [ route_check ] --END-- [ RunTime:0.000616s ]
INFO: [ app_begin ] --START--
INFO: Run ReadHtmlCache Behavior [ RunTime:0.000399s ]
INFO: [ app_begin ] --END-- [ RunTime:0.000438s ]
NOTIC: [8] Undefined index: token D:\xampp\htdocs\Lips\Mobile\Lib\Action\LineAction.class.php ç¬¬ 7 è¡Œ.

[ 2013-06-16T15:19:09+08:00 ] 192.168.1.101 /lips/mobile.php/line/clip/uid/30/token/f67ad5705eb562d50cbcc06bd2778095
INFO: [ route_check ] --START--
INFO: Run CheckRoute Behavior [ RunTime:0.000595s ]
INFO: [ route_check ] --END-- [ RunTime:0.000651s ]
INFO: [ app_begin ] --START--
INFO: Run ReadHtmlCache Behavior [ RunTime:0.000418s ]
INFO: [ app_begin ] --END-- [ RunTime:0.000455s ]
SQL: SHOW COLUMNS FROM `lips_user` [ RunTime:0.002650s ]
SQL: SELECT * FROM `lips_user` WHERE ( `id` = 30 ) LIMIT 1   [ RunTime:0.000369s ]

[ 2013-06-16T15:19:11+08:00 ] 192.168.1.101 /lips/mobile.php/line/clip/uid/29/token/f67ad5705eb562d50cbcc06bd2778095
INFO: [ route_check ] --START--
INFO: Run CheckRoute Behavior [ RunTime:0.000575s ]
INFO: [ route_check ] --END-- [ RunTime:0.000629s ]
INFO: [ app_begin ] --START--
INFO: Run ReadHtmlCache Behavior [ RunTime:0.000410s ]
INFO: [ app_begin ] --END-- [ RunTime:0.000457s ]
SQL: SHOW COLUMNS FROM `lips_user` [ RunTime:0.002779s ]
SQL: SELECT * FROM `lips_user` WHERE ( `id` = 29 ) LIMIT 1   [ RunTime:0.000466s ]
SQL: SHOW COLUMNS FROM `lips_clip` [ RunTime:0.002521s ]
SQL: SELECT * FROM lips_clip WHERE uid=29 [ RunTime:0.000382s ]

[ 2013-06-16T15:19:13+08:00 ] 192.168.1.101 /lips/mobile.php/line/clip/uid/29/token/f67ad5705eb562d50cbcc06bd2778095
INFO: [ route_check ] --START--
INFO: Run CheckRoute Behavior [ RunTime:0.000702s ]
INFO: [ route_check ] --END-- [ RunTime:0.000768s ]
INFO: [ app_begin ] --START--
INFO: Run ReadHtmlCache Behavior [ RunTime:0.000494s ]
INFO: [ app_begin ] --END-- [ RunTime:0.000539s ]
SQL: SHOW COLUMNS FROM `lips_user` [ RunTime:0.002761s ]
SQL: SELECT * FROM `lips_user` WHERE ( `id` = 29 ) LIMIT 1   [ RunTime:0.000450s ]
SQL: SHOW COLUMNS FROM `lips_clip` [ RunTime:0.002592s ]
SQL: SELECT * FROM lips_clip WHERE uid=29 [ RunTime:0.000432s ]

[ 2013-06-16T15:19:24+08:00 ] 192.168.1.101 /lips/mobile.php/line/clip/uid/29/token/f67ad5705eb562d50cbcc06bd2778095
INFO: [ route_check ] --START--
INFO: Run CheckRoute Behavior [ RunTime:0.001009s ]
INFO: [ route_check ] --END-- [ RunTime:0.001064s ]
INFO: [ app_begin ] --START--
INFO: Run ReadHtmlCache Behavior [ RunTime:0.000562s ]
INFO: [ app_begin ] --END-- [ RunTime:0.000602s ]
SQL: SHOW COLUMNS FROM `lips_user` [ RunTime:0.002853s ]
SQL: SELECT * FROM `lips_user` WHERE ( `id` = 29 ) LIMIT 1   [ RunTime:0.000428s ]
SQL: SHOW COLUMNS FROM `lips_clip` [ RunTime:0.002724s ]
SQL: SELECT * FROM lips_clip WHERE uid=29 [ RunTime:0.000402s ]

[ 2013-06-16T15:56:48+08:00 ] 192.168.1.102 /lips/mobile.php/users/news
INFO: [ route_check ] --START--
INFO: Run CheckRoute Behavior [ RunTime:0.001083s ]
INFO: [ route_check ] --END-- [ RunTime:0.001143s ]
INFO: [ app_begin ] --START--
INFO: Run ReadHtmlCache Behavior [ RunTime:0.000804s ]
INFO: [ app_begin ] --END-- [ RunTime:0.000866s ]
SQL: SHOW COLUMNS FROM `lips_user` [ RunTime:0.002811s ]
SQL: SELECT * FROM `lips_user` WHERE ( `id` = 29 ) LIMIT 1   [ RunTime:0.000463s ]
SQL: SHOW COLUMNS FROM `lips_user` [ RunTime:0.002829s ]
SQL:  SELECT fans.birth,userb,user.uname AS userbname FROM lips_fans AS fans,lips_user AS user WHERE fans.userb=user.id  AND usera=29 ORDER BY fans.birth LIMIT 5  [ RunTime:0.000509s ]
SQL:  SELECT likes.birth,lid,userb,user.uname AS userbname,line.content AS lcon FROM lips_likes AS likes,lips_user AS user,lips_line AS line WHERE likes.userb=user.id AND likes.lid=line.id AND likes.usera=29 ORDER BY likes.birth LIMIT 5  [ RunTime:0.000403s ]
SQL:  SELECT subs.birth,cid,userb,user.uname AS userbname,clip.name AS cname FROM lips_subs AS subs,lips_user AS user,lips_clip AS clip WHERE subs.userb=user.id AND subs.cid=clip.id AND subs.usera=29 ORDER BY subs.birth LIMIT 5  [ RunTime:0.000384s ]

[ 2013-06-16T15:56:51+08:00 ] 192.168.1.102 /lips/mobile.php/line/category
INFO: [ route_check ] --START--
INFO: Run CheckRoute Behavior [ RunTime:0.000568s ]
INFO: [ route_check ] --END-- [ RunTime:0.000625s ]
INFO: [ app_begin ] --START--
INFO: Run ReadHtmlCache Behavior [ RunTime:0.000402s ]
INFO: [ app_begin ] --END-- [ RunTime:0.000439s ]
SQL: SHOW COLUMNS FROM `lips_category` [ RunTime:0.002648s ]
SQL: SELECT * FROM lips_category ORDER BY listorder [ RunTime:0.000308s ]

[ 2013-06-16T15:56:51+08:00 ] 192.168.1.102 /lips/mobile.php/users/briefinfo
INFO: [ route_check ] --START--
INFO: Run CheckRoute Behavior [ RunTime:0.001000s ]
INFO: [ route_check ] --END-- [ RunTime:0.001053s ]
INFO: [ app_begin ] --START--
INFO: Run ReadHtmlCache Behavior [ RunTime:0.000547s ]
INFO: [ app_begin ] --END-- [ RunTime:0.000585s ]
SQL: SHOW COLUMNS FROM `lips_user` [ RunTime:0.018022s ]
SQL: SELECT * FROM `lips_user` WHERE ( `id` = 29 ) LIMIT 1   [ RunTime:0.000411s ]
SQL: SHOW COLUMNS FROM `lips_user` [ RunTime:0.002605s ]
SQL: SELECT user.id,user.uname,user.udesc,user.gender,user.grade,
             (SELECT count(id) from lips_fans where usera=29) AS followers,
             (SELECT count(id) from lips_fans where userb=29) AS following
             FROM lips_user AS user WHERE user.id=29 [ RunTime:0.000492s ]

[ 2013-06-16T15:56:58+08:00 ] 192.168.1.102 /lips/mobile.php/line/category
INFO: [ route_check ] --START--
INFO: Run CheckRoute Behavior [ RunTime:0.000613s ]
INFO: [ route_check ] --END-- [ RunTime:0.000673s ]
INFO: [ app_begin ] --START--
INFO: Run ReadHtmlCache Behavior [ RunTime:0.000435s ]
INFO: [ app_begin ] --END-- [ RunTime:0.000474s ]
SQL: SHOW COLUMNS FROM `lips_category` [ RunTime:0.016763s ]
SQL: SELECT * FROM lips_category ORDER BY listorder [ RunTime:0.000512s ]

[ 2013-06-16T15:56:58+08:00 ] 192.168.1.102 /lips/mobile.php/users/briefinfo
INFO: [ route_check ] --START--
INFO: Run CheckRoute Behavior [ RunTime:0.000671s ]
INFO: [ route_check ] --END-- [ RunTime:0.000728s ]
INFO: [ app_begin ] --START--
INFO: Run ReadHtmlCache Behavior [ RunTime:0.000448s ]
INFO: [ app_begin ] --END-- [ RunTime:0.000488s ]
SQL: SHOW COLUMNS FROM `lips_user` [ RunTime:0.010147s ]
SQL: SELECT * FROM `lips_user` WHERE ( `id` = 29 ) LIMIT 1   [ RunTime:0.000320s ]
SQL: SHOW COLUMNS FROM `lips_user` [ RunTime:0.003229s ]
SQL: SELECT user.id,user.uname,user.udesc,user.gender,user.grade,
             (SELECT count(id) from lips_fans where usera=29) AS followers,
             (SELECT count(id) from lips_fans where userb=29) AS following
             FROM lips_user AS user WHERE user.id=29 [ RunTime:0.000470s ]

[ 2013-06-16T15:56:58+08:00 ] 192.168.1.102 /lips/mobile.php/users/news
INFO: [ route_check ] --START--
INFO: Run CheckRoute Behavior [ RunTime:0.000998s ]
INFO: [ route_check ] --END-- [ RunTime:0.001052s ]
INFO: [ app_begin ] --START--
INFO: Run ReadHtmlCache Behavior [ RunTime:0.000577s ]
INFO: [ app_begin ] --END-- [ RunTime:0.000616s ]
SQL: SHOW COLUMNS FROM `lips_user` [ RunTime:0.015800s ]
SQL: SELECT * FROM `lips_user` WHERE ( `id` = 29 ) LIMIT 1   [ RunTime:0.000420s ]
SQL: SHOW COLUMNS FROM `lips_user` [ RunTime:0.002689s ]
SQL:  SELECT fans.birth,userb,user.uname AS userbname FROM lips_fans AS fans,lips_user AS user WHERE fans.userb=user.id  AND usera=29 ORDER BY fans.birth LIMIT 5  [ RunTime:0.000416s ]
SQL:  SELECT likes.birth,lid,userb,user.uname AS userbname,line.content AS lcon FROM lips_likes AS likes,lips_user AS user,lips_line AS line WHERE likes.userb=user.id AND likes.lid=line.id AND likes.usera=29 ORDER BY likes.birth LIMIT 5  [ RunTime:0.000303s ]
SQL:  SELECT subs.birth,cid,userb,user.uname AS userbname,clip.name AS cname FROM lips_subs AS subs,lips_user AS user,lips_clip AS clip WHERE subs.userb=user.id AND subs.cid=clip.id AND subs.usera=29 ORDER BY subs.birth LIMIT 5  [ RunTime:0.000330s ]

[ 2013-06-16T15:57:31+08:00 ] 192.168.1.102 /lips/mobile.php/line/category
INFO: [ route_check ] --START--
INFO: Run CheckRoute Behavior [ RunTime:0.000564s ]
INFO: [ route_check ] --END-- [ RunTime:0.000620s ]
INFO: [ app_begin ] --START--
INFO: Run ReadHtmlCache Behavior [ RunTime:0.000405s ]
INFO: [ app_begin ] --END-- [ RunTime:0.000440s ]
SQL: SHOW COLUMNS FROM `lips_category` [ RunTime:0.002803s ]
SQL: SELECT * FROM lips_category ORDER BY listorder [ RunTime:0.000321s ]

[ 2013-06-16T15:57:31+08:00 ] 192.168.1.102 /lips/mobile.php/users/briefinfo
INFO: [ route_check ] --START--
INFO: Run CheckRoute Behavior [ RunTime:0.000603s ]
INFO: [ route_check ] --END-- [ RunTime:0.000658s ]
INFO: [ app_begin ] --START--
INFO: Run ReadHtmlCache Behavior [ RunTime:0.000430s ]
INFO: [ app_begin ] --END-- [ RunTime:0.000470s ]
SQL: SHOW COLUMNS FROM `lips_user` [ RunTime:0.022970s ]
SQL: SELECT * FROM `lips_user` WHERE ( `id` = 29 ) LIMIT 1   [ RunTime:0.000266s ]
SQL: SHOW COLUMNS FROM `lips_user` [ RunTime:0.004027s ]
SQL: SELECT user.id,user.uname,user.udesc,user.gender,user.grade,
             (SELECT count(id) from lips_fans where usera=29) AS followers,
             (SELECT count(id) from lips_fans where userb=29) AS following
             FROM lips_user AS user WHERE user.id=29 [ RunTime:0.000392s ]

[ 2013-06-16T15:57:31+08:00 ] 192.168.1.102 /lips/mobile.php/users/news
INFO: [ route_check ] --START--
INFO: Run CheckRoute Behavior [ RunTime:0.000608s ]
INFO: [ route_check ] --END-- [ RunTime:0.000668s ]
INFO: [ app_begin ] --START--
INFO: Run ReadHtmlCache Behavior [ RunTime:0.000435s ]
INFO: [ app_begin ] --END-- [ RunTime:0.000475s ]
SQL: SHOW COLUMNS FROM `lips_user` [ RunTime:0.027700s ]
SQL: SELECT * FROM `lips_user` WHERE ( `id` = 29 ) LIMIT 1   [ RunTime:0.000607s ]
SQL: SHOW COLUMNS FROM `lips_user` [ RunTime:0.004109s ]
SQL:  SELECT fans.birth,userb,user.uname AS userbname FROM lips_fans AS fans,lips_user AS user WHERE fans.userb=user.id  AND usera=29 ORDER BY fans.birth LIMIT 5  [ RunTime:0.000573s ]
SQL:  SELECT likes.birth,lid,userb,user.uname AS userbname,line.content AS lcon FROM lips_likes AS likes,lips_user AS user,lips_line AS line WHERE likes.userb=user.id AND likes.lid=line.id AND likes.usera=29 ORDER BY likes.birth LIMIT 5  [ RunTime:0.000402s ]
SQL:  SELECT subs.birth,cid,userb,user.uname AS userbname,clip.name AS cname FROM lips_subs AS subs,lips_user AS user,lips_clip AS clip WHERE subs.userb=user.id AND subs.cid=clip.id AND subs.usera=29 ORDER BY subs.birth LIMIT 5  [ RunTime:0.000352s ]

[ 2013-06-16T15:59:16+08:00 ] 192.168.1.102 /lips/mobile.php/line/category
INFO: [ route_check ] --START--
INFO: Run CheckRoute Behavior [ RunTime:0.001010s ]
INFO: [ route_check ] --END-- [ RunTime:0.001070s ]
INFO: [ app_begin ] --START--
INFO: Run ReadHtmlCache Behavior [ RunTime:0.000579s ]
INFO: [ app_begin ] --END-- [ RunTime:0.000617s ]
SQL: SHOW COLUMNS FROM `lips_category` [ RunTime:0.002651s ]
SQL: SELECT * FROM lips_category ORDER BY listorder [ RunTime:0.000373s ]

[ 2013-06-16T15:59:16+08:00 ] 192.168.1.102 /lips/mobile.php/users/briefinfo
INFO: [ route_check ] --START--
INFO: Run CheckRoute Behavior [ RunTime:0.001071s ]
INFO: [ route_check ] --END-- [ RunTime:0.001128s ]
INFO: [ app_begin ] --START--
INFO: Run ReadHtmlCache Behavior [ RunTime:0.000600s ]
INFO: [ app_begin ] --END-- [ RunTime:0.000643s ]
SQL: SHOW COLUMNS FROM `lips_user` [ RunTime:0.184742s ]
SQL: SELECT * FROM `lips_user` WHERE ( `id` = 29 ) LIMIT 1   [ RunTime:0.000426s ]
SQL: SHOW COLUMNS FROM `lips_user` [ RunTime:0.003842s ]
SQL: SELECT user.id,user.uname,user.udesc,user.gender,user.grade,
             (SELECT count(id) from lips_fans where usera=29) AS followers,
             (SELECT count(id) from lips_fans where userb=29) AS following
             FROM lips_user AS user WHERE user.id=29 [ RunTime:0.000707s ]

[ 2013-06-16T15:59:16+08:00 ] 192.168.1.102 /lips/mobile.php/users/news
INFO: [ route_check ] --START--
INFO: Run CheckRoute Behavior [ RunTime:0.001073s ]
INFO: [ route_check ] --END-- [ RunTime:0.001133s ]
INFO: [ app_begin ] --START--
INFO: Run ReadHtmlCache Behavior [ RunTime:0.000598s ]
INFO: [ app_begin ] --END-- [ RunTime:0.000641s ]
SQL: SHOW COLUMNS FROM `lips_user` [ RunTime:0.177263s ]
SQL: SELECT * FROM `lips_user` WHERE ( `id` = 29 ) LIMIT 1   [ RunTime:0.000225s ]
SQL: SHOW COLUMNS FROM `lips_user` [ RunTime:0.004012s ]
SQL:  SELECT fans.birth,userb,user.uname AS userbname FROM lips_fans AS fans,lips_user AS user WHERE fans.userb=user.id  AND usera=29 ORDER BY fans.birth LIMIT 5  [ RunTime:0.000358s ]
SQL:  SELECT likes.birth,lid,userb,user.uname AS userbname,line.content AS lcon FROM lips_likes AS likes,lips_user AS user,lips_line AS line WHERE likes.userb=user.id AND likes.lid=line.id AND likes.usera=29 ORDER BY likes.birth LIMIT 5  [ RunTime:0.000226s ]
SQL:  SELECT subs.birth,cid,userb,user.uname AS userbname,clip.name AS cname FROM lips_subs AS subs,lips_user AS user,lips_clip AS clip WHERE subs.userb=user.id AND subs.cid=clip.id AND subs.usera=29 ORDER BY subs.birth LIMIT 5  [ RunTime:0.000225s ]

[ 2013-06-16T16:00:38+08:00 ] 192.168.1.102 /lips/mobile.php/users/news
INFO: [ route_check ] --START--
INFO: Run CheckRoute Behavior [ RunTime:0.000565s ]
INFO: [ route_check ] --END-- [ RunTime:0.000621s ]
INFO: [ app_begin ] --START--
INFO: Run ReadHtmlCache Behavior [ RunTime:0.000408s ]
INFO: [ app_begin ] --END-- [ RunTime:0.000445s ]
SQL: SHOW COLUMNS FROM `lips_user` [ RunTime:0.002807s ]
SQL: SELECT * FROM `lips_user` WHERE ( `id` = 29 ) LIMIT 1   [ RunTime:0.000445s ]
SQL: SHOW COLUMNS FROM `lips_user` [ RunTime:0.002580s ]
SQL:  SELECT fans.birth,userb,user.uname AS userbname FROM lips_fans AS fans,lips_user AS user WHERE fans.userb=user.id  AND usera=29 ORDER BY fans.birth LIMIT 5  [ RunTime:0.000468s ]
SQL:  SELECT likes.birth,lid,userb,user.uname AS userbname,line.content AS lcon FROM lips_likes AS likes,lips_user AS user,lips_line AS line WHERE likes.userb=user.id AND likes.lid=line.id AND likes.usera=29 ORDER BY likes.birth LIMIT 5  [ RunTime:0.000294s ]
SQL:  SELECT subs.birth,cid,userb,user.uname AS userbname,clip.name AS cname FROM lips_subs AS subs,lips_user AS user,lips_clip AS clip WHERE subs.userb=user.id AND subs.cid=clip.id AND subs.usera=29 ORDER BY subs.birth LIMIT 5  [ RunTime:0.000284s ]

[ 2013-06-16T16:00:41+08:00 ] 192.168.1.102 /lips/mobile.php/line/category
INFO: [ route_check ] --START--
INFO: Run CheckRoute Behavior [ RunTime:0.000588s ]
INFO: [ route_check ] --END-- [ RunTime:0.000644s ]
INFO: [ app_begin ] --START--
INFO: Run ReadHtmlCache Behavior [ RunTime:0.000415s ]
INFO: [ app_begin ] --END-- [ RunTime:0.000455s ]
SQL: SHOW COLUMNS FROM `lips_category` [ RunTime:0.002539s ]
SQL: SELECT * FROM lips_category ORDER BY listorder [ RunTime:0.000309s ]

[ 2013-06-16T16:00:41+08:00 ] 192.168.1.102 /lips/mobile.php/users/briefinfo
INFO: [ route_check ] --START--
INFO: Run CheckRoute Behavior [ RunTime:0.000594s ]
INFO: [ route_check ] --END-- [ RunTime:0.000649s ]
INFO: [ app_begin ] --START--
INFO: Run ReadHtmlCache Behavior [ RunTime:0.000428s ]
INFO: [ app_begin ] --END-- [ RunTime:0.000474s ]
SQL: SHOW COLUMNS FROM `lips_user` [ RunTime:0.002916s ]
SQL: SELECT * FROM `lips_user` WHERE ( `id` = 29 ) LIMIT 1   [ RunTime:0.000369s ]
SQL: SHOW COLUMNS FROM `lips_user` [ RunTime:0.002510s ]
SQL: SELECT user.id,user.uname,user.udesc,user.gender,user.grade,
             (SELECT count(id) from lips_fans where usera=29) AS followers,
             (SELECT count(id) from lips_fans where userb=29) AS following
             FROM lips_user AS user WHERE user.id=29 [ RunTime:0.000413s ]

[ 2013-06-16T16:01:09+08:00 ] 192.168.1.102 /lips/mobile.php/line/category
INFO: [ route_check ] --START--
INFO: Run CheckRoute Behavior [ RunTime:0.000607s ]
INFO: [ route_check ] --END-- [ RunTime:0.000667s ]
INFO: [ app_begin ] --START--
INFO: Run ReadHtmlCache Behavior [ RunTime:0.000439s ]
INFO: [ app_begin ] --END-- [ RunTime:0.000478s ]
SQL: SHOW COLUMNS FROM `lips_category` [ RunTime:0.002600s ]
SQL: SELECT * FROM lips_category ORDER BY listorder [ RunTime:0.000434s ]

[ 2013-06-16T16:01:09+08:00 ] 192.168.1.102 /lips/mobile.php/users/briefinfo
INFO: [ route_check ] --START--
INFO: Run CheckRoute Behavior [ RunTime:0.000601s ]
INFO: [ route_check ] --END-- [ RunTime:0.000659s ]
INFO: [ app_begin ] --START--
INFO: Run ReadHtmlCache Behavior [ RunTime:0.000436s ]
INFO: [ app_begin ] --END-- [ RunTime:0.000476s ]
SQL: SHOW COLUMNS FROM `lips_user` [ RunTime:0.082335s ]
SQL: SELECT * FROM `lips_user` WHERE ( `id` = 29 ) LIMIT 1   [ RunTime:0.000387s ]
SQL: SHOW COLUMNS FROM `lips_user` [ RunTime:0.004268s ]
SQL: SELECT user.id,user.uname,user.udesc,user.gender,user.grade,
             (SELECT count(id) from lips_fans where usera=29) AS followers,
             (SELECT count(id) from lips_fans where userb=29) AS following
             FROM lips_user AS user WHERE user.id=29 [ RunTime:0.000471s ]

[ 2013-06-16T16:01:09+08:00 ] 192.168.1.102 /lips/mobile.php/users/news
INFO: [ route_check ] --START--
INFO: Run CheckRoute Behavior [ RunTime:0.000629s ]
INFO: [ route_check ] --END-- [ RunTime:0.000681s ]
INFO: [ app_begin ] --START--
INFO: Run ReadHtmlCache Behavior [ RunTime:0.000464s ]
INFO: [ app_begin ] --END-- [ RunTime:0.000506s ]
SQL: SHOW COLUMNS FROM `lips_user` [ RunTime:0.081118s ]
SQL: SELECT * FROM `lips_user` WHERE ( `id` = 29 ) LIMIT 1   [ RunTime:0.000305s ]
SQL: SHOW COLUMNS FROM `lips_user` [ RunTime:0.004485s ]
SQL:  SELECT fans.birth,userb,user.uname AS userbname FROM lips_fans AS fans,lips_user AS user WHERE fans.userb=user.id  AND usera=29 ORDER BY fans.birth LIMIT 5  [ RunTime:0.000316s ]
SQL:  SELECT likes.birth,lid,userb,user.uname AS userbname,line.content AS lcon FROM lips_likes AS likes,lips_user AS user,lips_line AS line WHERE likes.userb=user.id AND likes.lid=line.id AND likes.usera=29 ORDER BY likes.birth LIMIT 5  [ RunTime:0.000339s ]
SQL:  SELECT subs.birth,cid,userb,user.uname AS userbname,clip.name AS cname FROM lips_subs AS subs,lips_user AS user,lips_clip AS clip WHERE subs.userb=user.id AND subs.cid=clip.id AND subs.usera=29 ORDER BY subs.birth LIMIT 5  [ RunTime:0.000395s ]

[ 2013-06-16T16:01:34+08:00 ] 192.168.1.102 /lips/mobile.php/line/category
INFO: [ route_check ] --START--
INFO: Run CheckRoute Behavior [ RunTime:0.001003s ]
INFO: [ route_check ] --END-- [ RunTime:0.001057s ]
INFO: [ app_begin ] --START--
INFO: Run ReadHtmlCache Behavior [ RunTime:0.000569s ]
INFO: [ app_begin ] --END-- [ RunTime:0.000608s ]
SQL: SHOW COLUMNS FROM `lips_category` [ RunTime:0.002642s ]
SQL: SELECT * FROM lips_category ORDER BY listorder [ RunTime:0.000378s ]

[ 2013-06-16T16:01:34+08:00 ] 192.168.1.102 /lips/mobile.php/users/briefinfo
INFO: [ route_check ] --START--
INFO: Run CheckRoute Behavior [ RunTime:0.001101s ]
INFO: [ route_check ] --END-- [ RunTime:0.001164s ]
INFO: [ app_begin ] --START--
INFO: Run ReadHtmlCache Behavior [ RunTime:0.000666s ]
INFO: [ app_begin ] --END-- [ RunTime:0.000711s ]
SQL: SHOW COLUMNS FROM `lips_user` [ RunTime:0.072257s ]
SQL: SELECT * FROM `lips_user` WHERE ( `id` = 29 ) LIMIT 1   [ RunTime:0.000320s ]
SQL: SHOW COLUMNS FROM `lips_user` [ RunTime:0.003609s ]
SQL: SELECT user.id,user.uname,user.udesc,user.gender,user.grade,
             (SELECT count(id) from lips_fans where usera=29) AS followers,
             (SELECT count(id) from lips_fans where userb=29) AS following
             FROM lips_user AS user WHERE user.id=29 [ RunTime:0.000372s ]

[ 2013-06-16T16:01:34+08:00 ] 192.168.1.102 /lips/mobile.php/users/news
INFO: [ route_check ] --START--
INFO: Run CheckRoute Behavior [ RunTime:0.001131s ]
INFO: [ route_check ] --END-- [ RunTime:0.001193s ]
INFO: [ app_begin ] --START--
INFO: Run ReadHtmlCache Behavior [ RunTime:0.000614s ]
INFO: [ app_begin ] --END-- [ RunTime:0.000660s ]
SQL: SHOW COLUMNS FROM `lips_user` [ RunTime:0.071496s ]
SQL: SELECT * FROM `lips_user` WHERE ( `id` = 29 ) LIMIT 1   [ RunTime:0.000276s ]
SQL: SHOW COLUMNS FROM `lips_user` [ RunTime:0.003693s ]
SQL:  SELECT fans.birth,userb,user.uname AS userbname FROM lips_fans AS fans,lips_user AS user WHERE fans.userb=user.id  AND usera=29 ORDER BY fans.birth LIMIT 5  [ RunTime:0.000299s ]
SQL:  SELECT likes.birth,lid,userb,user.uname AS userbname,line.content AS lcon FROM lips_likes AS likes,lips_user AS user,lips_line AS line WHERE likes.userb=user.id AND likes.lid=line.id AND likes.usera=29 ORDER BY likes.birth LIMIT 5  [ RunTime:0.000245s ]
SQL:  SELECT subs.birth,cid,userb,user.uname AS userbname,clip.name AS cname FROM lips_subs AS subs,lips_user AS user,lips_clip AS clip WHERE subs.userb=user.id AND subs.cid=clip.id AND subs.usera=29 ORDER BY subs.birth LIMIT 5  [ RunTime:0.000317s ]

[ 2013-06-16T16:02:04+08:00 ] 192.168.1.102 /lips/mobile.php/line/category
INFO: [ route_check ] --START--
INFO: Run CheckRoute Behavior [ RunTime:0.000909s ]
INFO: [ route_check ] --END-- [ RunTime:0.000988s ]
INFO: [ app_begin ] --START--
INFO: Run ReadHtmlCache Behavior [ RunTime:0.000626s ]
INFO: [ app_begin ] --END-- [ RunTime:0.000686s ]
SQL: SHOW COLUMNS FROM `lips_category` [ RunTime:0.017289s ]
SQL: SELECT * FROM lips_category ORDER BY listorder [ RunTime:0.000359s ]

[ 2013-06-16T16:02:04+08:00 ] 192.168.1.102 /lips/mobile.php/users/news
INFO: [ route_check ] --START--
INFO: Run CheckRoute Behavior [ RunTime:0.000650s ]
INFO: [ route_check ] --END-- [ RunTime:0.000716s ]
INFO: [ app_begin ] --START--
INFO: Run ReadHtmlCache Behavior [ RunTime:0.000487s ]
INFO: [ app_begin ] --END-- [ RunTime:0.000530s ]
SQL: SHOW COLUMNS FROM `lips_user` [ RunTime:0.019580s ]
SQL: SELECT * FROM `lips_user` WHERE ( `id` = 29 ) LIMIT 1   [ RunTime:0.000530s ]
SQL: SHOW COLUMNS FROM `lips_user` [ RunTime:0.005263s ]
SQL:  SELECT fans.birth,userb,user.uname AS userbname FROM lips_fans AS fans,lips_user AS user WHERE fans.userb=user.id  AND usera=29 ORDER BY fans.birth LIMIT 5  [ RunTime:0.000501s ]
SQL:  SELECT likes.birth,lid,userb,user.uname AS userbname,line.content AS lcon FROM lips_likes AS likes,lips_user AS user,lips_line AS line WHERE likes.userb=user.id AND likes.lid=line.id AND likes.usera=29 ORDER BY likes.birth LIMIT 5  [ RunTime:0.000322s ]
SQL:  SELECT subs.birth,cid,userb,user.uname AS userbname,clip.name AS cname FROM lips_subs AS subs,lips_user AS user,lips_clip AS clip WHERE subs.userb=user.id AND subs.cid=clip.id AND subs.usera=29 ORDER BY subs.birth LIMIT 5  [ RunTime:0.000421s ]

[ 2013-06-16T16:03:01+08:00 ] 192.168.1.102 /lips/mobile.php/line/category
INFO: [ route_check ] --START--
INFO: Run CheckRoute Behavior [ RunTime:0.000740s ]
INFO: [ route_check ] --END-- [ RunTime:0.000815s ]
INFO: [ app_begin ] --START--
INFO: Run ReadHtmlCache Behavior [ RunTime:0.000446s ]
INFO: [ app_begin ] --END-- [ RunTime:0.000488s ]
SQL: SHOW COLUMNS FROM `lips_category` [ RunTime:0.003231s ]
SQL: SELECT * FROM lips_category ORDER BY listorder [ RunTime:0.000453s ]

[ 2013-06-16T16:03:01+08:00 ] 192.168.1.102 /lips/mobile.php/users/briefinfo
INFO: [ route_check ] --START--
INFO: Run CheckRoute Behavior [ RunTime:0.000905s ]
INFO: [ route_check ] --END-- [ RunTime:0.000980s ]
INFO: [ app_begin ] --START--
INFO: Run ReadHtmlCache Behavior [ RunTime:0.000645s ]
INFO: [ app_begin ] --END-- [ RunTime:0.000709s ]
SQL: SHOW COLUMNS FROM `lips_user` [ RunTime:0.003013s ]
SQL: SELECT * FROM `lips_user` WHERE ( `id` = 29 ) LIMIT 1   [ RunTime:0.000388s ]
SQL: SHOW COLUMNS FROM `lips_user` [ RunTime:0.002767s ]
SQL: SELECT user.id,user.uname,user.udesc,user.gender,user.grade,
             (SELECT count(id) from lips_fans where usera=29) AS followers,
             (SELECT count(id) from lips_fans where userb=29) AS following
             FROM lips_user AS user WHERE user.id=29 [ RunTime:0.000396s ]

[ 2013-06-16T16:03:01+08:00 ] 192.168.1.102 /lips/mobile.php/users/news
INFO: [ route_check ] --START--
INFO: Run CheckRoute Behavior [ RunTime:0.000645s ]
INFO: [ route_check ] --END-- [ RunTime:0.000701s ]
INFO: [ app_begin ] --START--
INFO: Run ReadHtmlCache Behavior [ RunTime:0.000444s ]
INFO: [ app_begin ] --END-- [ RunTime:0.000490s ]
SQL: SHOW COLUMNS FROM `lips_user` [ RunTime:0.002788s ]
SQL: SELECT * FROM `lips_user` WHERE ( `id` = 29 ) LIMIT 1   [ RunTime:0.000449s ]
SQL: SHOW COLUMNS FROM `lips_user` [ RunTime:0.002850s ]
SQL:  SELECT fans.birth,userb,user.uname AS userbname FROM lips_fans AS fans,lips_user AS user WHERE fans.userb=user.id  AND usera=29 ORDER BY fans.birth LIMIT 5  [ RunTime:0.000427s ]
SQL:  SELECT likes.birth,lid,userb,user.uname AS userbname,line.content AS lcon FROM lips_likes AS likes,lips_user AS user,lips_line AS line WHERE likes.userb=user.id AND likes.lid=line.id AND likes.usera=29 ORDER BY likes.birth LIMIT 5  [ RunTime:0.000301s ]
SQL:  SELECT subs.birth,cid,userb,user.uname AS userbname,clip.name AS cname FROM lips_subs AS subs,lips_user AS user,lips_clip AS clip WHERE subs.userb=user.id AND subs.cid=clip.id AND subs.usera=29 ORDER BY subs.birth LIMIT 5  [ RunTime:0.000254s ]

[ 2013-06-16T16:04:01+08:00 ] 192.168.1.101 /lips/mobile.php/line/clip/uid/29/token/f67ad5705eb562d50cbcc06bd2778095
INFO: [ route_check ] --START--
INFO: Run CheckRoute Behavior [ RunTime:0.001186s ]
INFO: [ route_check ] --END-- [ RunTime:0.001260s ]
INFO: [ app_begin ] --START--
INFO: Run ReadHtmlCache Behavior [ RunTime:0.000723s ]
INFO: [ app_begin ] --END-- [ RunTime:0.000781s ]
SQL: SHOW COLUMNS FROM `lips_user` [ RunTime:0.073325s ]
SQL: SELECT * FROM `lips_user` WHERE ( `id` = 29 ) LIMIT 1   [ RunTime:0.000368s ]
SQL: SHOW COLUMNS FROM `lips_clip` [ RunTime:0.002420s ]
SQL: SELECT * FROM lips_clip WHERE uid=29 [ RunTime:0.000298s ]

[ 2013-06-16T16:04:04+08:00 ] 192.168.1.101 /lips/mobile.php/line/clip/uid/29/token/f67ad5705eb562d50cbcc06bd2778095
INFO: [ route_check ] --START--
INFO: Run CheckRoute Behavior [ RunTime:0.000580s ]
INFO: [ route_check ] --END-- [ RunTime:0.000636s ]
INFO: [ app_begin ] --START--
INFO: Run ReadHtmlCache Behavior [ RunTime:0.000400s ]
INFO: [ app_begin ] --END-- [ RunTime:0.000436s ]
SQL: SHOW COLUMNS FROM `lips_user` [ RunTime:0.002923s ]
SQL: SELECT * FROM `lips_user` WHERE ( `id` = 29 ) LIMIT 1   [ RunTime:0.000446s ]
SQL: SHOW COLUMNS FROM `lips_clip` [ RunTime:0.002711s ]
SQL: SELECT * FROM lips_clip WHERE uid=29 [ RunTime:0.000449s ]

[ 2013-06-16T16:05:24+08:00 ] 192.168.1.101 /lips/mobile.php/line/clip/uid/29/token/f67ad5705eb562d50cbcc06bd2778095
INFO: [ route_check ] --START--
INFO: Run CheckRoute Behavior [ RunTime:0.001110s ]
INFO: [ route_check ] --END-- [ RunTime:0.001176s ]
INFO: [ app_begin ] --START--
INFO: Run ReadHtmlCache Behavior [ RunTime:0.000625s ]
INFO: [ app_begin ] --END-- [ RunTime:0.000673s ]
SQL: SHOW COLUMNS FROM `lips_user` [ RunTime:0.003386s ]
SQL: SELECT * FROM `lips_user` WHERE ( `id` = 29 ) LIMIT 1   [ RunTime:0.000385s ]
SQL: SHOW COLUMNS FROM `lips_clip` [ RunTime:0.003272s ]
SQL: SELECT * FROM lips_clip WHERE uid=29 [ RunTime:0.000284s ]

[ 2013-06-16T16:05:45+08:00 ] 192.168.1.101 /lips/mobile.php/line/clip/uid/29/token/f67ad5705eb562d50cbcc06bd2778095
INFO: [ route_check ] --START--
INFO: Run CheckRoute Behavior [ RunTime:0.000573s ]
INFO: [ route_check ] --END-- [ RunTime:0.000633s ]
INFO: [ app_begin ] --START--
INFO: Run ReadHtmlCache Behavior [ RunTime:0.000419s ]
INFO: [ app_begin ] --END-- [ RunTime:0.000458s ]
SQL: SHOW COLUMNS FROM `lips_user` [ RunTime:0.002896s ]
SQL: SELECT * FROM `lips_user` WHERE ( `id` = 29 ) LIMIT 1   [ RunTime:0.000411s ]
SQL: SHOW COLUMNS FROM `lips_clip` [ RunTime:0.002482s ]
SQL: SELECT * FROM lips_clip WHERE uid=29 [ RunTime:0.000364s ]

